

-----------------------------------
New Analysis started.
Date and time: 13/12/2020 05:28:45
New results follow.
-----------------------------------

RSiena version 1.2-12 (12 May 18)


@1
Estimation by stochastic approximation algorithm.
=================================================

Current random number seed is 133.
Effects object used: sysEff 
Model Type:
 
Behavioral Model Type:
Behavior 1 depNetI : 
Behavior 2 depNetR : 
Estimation method: unconditional moment estimation.

Time duration for simulations in each period is 1.0.
Standard errors are estimated with the likelihood ratio method.
Dolby method (regression on scores) is used.
Initial value of gain parameter is  0.3394113.
Reduction factor for gain parameter is  0.5000000.
Number of subphases in Phase 2 is 5.

Initial parameter values are 
  1. rate:  constant depMMC rate (period 1)                 1.4431
  2. rate:  constant depMMC rate (period 2)                 0.8184
  3. rate:  constant depMMC rate (period 3)                 1.3806
  4. rate:  constant depMMC rate (period 4)                 0.9433
  5. rate:  constant depMMC rate (period 5)                 1.0058
  6. rate:  constant depMMC rate (period 6)                 1.9428
  7. eval:  degree (density)                               -0.7335
  8. eval:  transitive triads                               0.0000
  9. endow:  transitive triads                              0.0000
 10. eval:  transitive ties                                 0.0000
 11. eval:  number of actor pairs at dist 2                 0.0000
 12. eval:  degree^(1/2) assortativity                      0.0000
 13. eval:  covCatSim                                       0.0000
 14. eval:  covAge ego                                      0.0000
 15. eval:  depNetR ego                                     0.0000
 16. rate:  rate depNetI (period 1)                         0.3769
 17. rate:  rate depNetI (period 2)                         0.3308
 18. rate:  rate depNetI (period 3)                         0.3308
 19. rate:  rate depNetI (period 4)                         0.4077
 20. rate:  rate depNetI (period 5)                         0.5462
 21. rate:  rate depNetI (period 6)                         0.3462
 22. eval:  depNetI linear shape                            0.0842
 23. eval:  depNetI quadratic shape                         0.0000
 24. eval:  depNetI degree                                  0.0000
 25. eval:  depNetI isolate                                 0.0000
 26. eval:  depNetI total alter                             0.0000
 27. eval:  depNetI dense triads                            0.0000
 28. eval:  depNetI: effect from covEmploy                  0.0000
 29. eval:  depNetI: effect from covSales                   0.0000
 30. eval:  depNetI: effect from covSlack                   0.0000
 31. rate:  rate depNetR (period 1)                         0.2846
 32. rate:  rate depNetR (period 2)                         0.4385
 33. rate:  rate depNetR (period 3)                         0.4231
 34. rate:  rate depNetR (period 4)                         0.5385
 35. rate:  rate depNetR (period 5)                         0.6212
 36. rate:  rate depNetR (period 6)                         0.4846
 37. eval:  depNetR linear shape                            0.1429
 38. eval:  depNetR quadratic shape                         0.0000
 39. eval:  depNetR degree                                  0.0000
 40. eval:  depNetR isolate                                 0.0000
 41. eval:  depNetR total alter                             0.0000
 42. eval:  depNetR dense triads                            0.0000
 43. eval:  depNetR: effect from covEmploy                  0.0000
 44. eval:  depNetR: effect from covAcqExper                0.0000
 45. eval:  depNetR: effect from covSales                   0.0000
 46. eval:  depNetR: effect from covSlack                   0.0000


Observed values of target statistics are
  1. Amount of network change in period 1                                46.0000
  2. Amount of network change in period 2                                26.0000
  3. Amount of network change in period 3                                44.0000
  4. Amount of network change in period 4                                30.0000
  5. Amount of network change in period 5                                32.0000
  6. Amount of network change in period 6                                62.0000
  7. Number of edges                                                    533.0000
  8. Number of transitive triads                                        299.0000
  9. Lost ties: Number of transitive triads                              12.0000
 10. Number of ties with transitive closure                             814.0000
 11. Number of dists equal to 2                                        1785.0000
 12. Sum of degree^(1/2) products                                      6464.4028
 13. Sum of ties x covCatSim                                             49.6037
 14. Sum of degrees x covAge                                           9041.4000
 15. Sum of degrees x depNetR                                           119.2000
 16. Amount of behavioral change in period 1 on depNetI                  18.0000
 17. Amount of behavioral change in period 2 on depNetI                  15.0000
 18. Amount of behavioral change in period 3 on depNetI                  15.0000
 19. Amount of behavioral change in period 4 on depNetI                  20.0000
 20. Amount of behavioral change in period 5 on depNetI                  29.0000
 21. Amount of behavioral change in period 6 on depNetI                  16.0000
 22. depNetI centered sum                                                 4.7143
 23. depNetI sum of cent. squares                                       272.2339
 24. depNetI outdegrees                                                 164.8659
 25. depNetI isolate                                                      0.1143
 26. depNetI total alters                                                20.7811
 27. depNetI dense triads                                               176.3165
 28. depNetI x covEmploy                                               8622.8842
 29. depNetI x covSales                                                  24.7904
 30. depNetI x covSlack                                                -105.8126
 31. Amount of behavioral change in period 1 on depNetR                  12.0000
 32. Amount of behavioral change in period 2 on depNetR                  22.0000
 33. Amount of behavioral change in period 3 on depNetR                  21.0000
 34. Amount of behavioral change in period 4 on depNetR                  28.0000
 35. Amount of behavioral change in period 5 on depNetR                  33.0000
 36. Amount of behavioral change in period 6 on depNetR                  25.0000
 37. depNetR centered sum                                                15.0000
 38. depNetR sum of cent. squares                                       487.5538
 39. depNetR outdegrees                                                 183.9538
 40. depNetR isolate                                                     15.4000
 41. depNetR total alters                                               -57.0944
 42. depNetR dense triads                                               207.3385
 43. depNetR x covEmploy                                               10083.9346
 44. depNetR x covAcqExper                                              324.3309
 45. depNetR x covSales                                                  34.9336
 46. depNetR x covSlack                                                 -93.6477

 46 parameters, 46 statistics

Estimation of derivatives by the LR method (type 1).


@2
End of stochastic approximation algorithm, phase 3.
---------------------------------------------------

Total of 18017 iterations.
Parameter estimates based on 17017 iterations,
convergence diagnostics, covariance and derivative matrices based on 1000 iterations.

Information for convergence diagnosis.
Averages, standard deviations, and t-ratios for deviations from targets:
  1.   0.0960   9.4530   0.0102 
  2.  -0.2380   6.9342  -0.0343 
  3.  -0.3600   9.0660  -0.0397 
  4.   0.2280   7.5533   0.0302 
  5.  -0.0660   7.6573  -0.0086 
  6.  -0.0440  10.6418  -0.0041 
  7.  -0.1320  11.0451  -0.0120 
  8.  -0.5570  17.6771  -0.0315 
  9.  -0.0817   3.0579  -0.0267 
 10.  -0.3580  28.1811  -0.0127 
 11.  -1.7250  61.1343  -0.0282 
 12.  -5.2960 227.7193  -0.0233 
 13.   0.2361   3.9968   0.0591 
 14. -12.9138 482.0698  -0.0268 
 15.  -0.2402  18.2607  -0.0132 
 16.  -0.1520   3.8330  -0.0397 
 17.   0.0550   3.5012   0.0157 
 18.  -0.0300   3.6288  -0.0083 
 19.  -0.0230   3.9961  -0.0058 
 20.  -0.1260   4.6376  -0.0272 
 21.   0.1210   3.5075   0.0345 
 22.  -0.3730  10.0639  -0.0371 
 23.   0.1978  14.9800   0.0132 
 24.  -1.2500  45.6336  -0.0274 
 25.   0.1680   5.6648   0.0297 
 26.  -0.7575  33.1987  -0.0228 
 27.  -0.6960  50.7797  -0.0137 
 28.  23.4939 946.9986   0.0248 
 29.   0.3039   3.9018   0.0779 
 30.  -0.4014  15.0509  -0.0267 
 31.  -0.1540   3.2786  -0.0470 
 32.  -0.0760   3.9250  -0.0194 
 33.  -0.1200   4.1688  -0.0288 
 34.   0.1520   4.4547   0.0341 
 35.   0.0380   4.8980   0.0078 
 36.   0.1060   4.0683   0.0261 
 37.   0.0420  11.0691   0.0038 
 38.  -0.0421  22.3556  -0.0019 
 39.   0.9270  46.2082   0.0201 
 40.  -0.3620   6.4964  -0.0557 
 41.  -1.0524  41.9501  -0.0251 
 42.   0.1840  50.5761   0.0036 
 43.  16.4928 902.3942   0.0183 
 44.  -0.1799  12.5437  -0.0143 
 45.  -0.0259   4.0306  -0.0064 
 46.   0.5875  21.6422   0.0271 

Good convergence is indicated by the t-ratios being close to zero.

Overall maximum convergence ratio =  0.2069 .



@2
Estimation Results.
-------------------

Regular end of estimation algorithm.
Total of 18017 iteration steps.


@3
Estimates and standard errors
                             
Network Dynamics
 1. rate:  constant depMMC rate (period 1)                         0.4724  (   0.1061)
 2. rate:  constant depMMC rate (period 2)                         0.2490  (   0.0746)
 3. rate:  constant depMMC rate (period 3)                         0.4474  (   0.1090)
 4. rate:  constant depMMC rate (period 4)                         0.2701  (   0.0730)
 5. rate:  constant depMMC rate (period 5)                         0.2941  (   0.0776)
 6. rate:  constant depMMC rate (period 6)                         0.5775  (   0.1105)
 7. eval:  degree (density)                                       -3.3128  (   0.3967)
 8. eval:  transitive triads                                       1.1438  (   0.3649)
 9. endow: transitive triads                                      -2.0309  (   0.6133)
10. eval:  transitive ties                                         1.0906  (   0.3082)
11. eval:  number of actor pairs at dist 2                        -0.0036  (   0.0432)
12. eval:  degree^(1/2) assortativity                              0.1679  (   0.0935)
13. eval:  covCatSim                                               1.4561  (   0.6495)
14. eval:  covAge ego                                              0.0103  (   0.0067)
15. eval:  depNetR ego                                             0.1565  (   0.2085)
Behavior Dynamics

16. rate:  <1> rate depNetI (period 1)                             0.8540  (   0.2690)
17. rate:  <1> rate depNetI (period 2)                             0.6208  (   0.1839)
18. rate:  <1> rate depNetI (period 3)                             0.6935  (   0.2040)
19. rate:  <1> rate depNetI (period 4)                             1.0189  (   0.2868)
20. rate:  <1> rate depNetI (period 5)                             1.6510  (   0.4617)
21. rate:  <1> rate depNetI (period 6)                             0.6343  (   0.1863)
22. eval:  <1> depNetI linear shape                               -0.9501  (   0.3721)
23. eval:  <1> depNetI quadratic shape                             0.0914  (   0.1078)
24. eval:  <1> depNetI degree                                      0.0803  (   0.1747)
25. eval:  <1> depNetI isolate                                     0.0713  (   0.4774)
26. eval:  <1> depNetI total alter                                -0.0119  (   0.0854)
27. eval:  <1> depNetI dense triads                               -0.0210  (   0.1188)
28. eval:  <1> depNetI: effect from covEmploy                      0.0015  (   0.0016)
29. eval:  <1> depNetI: effect from covSales                       0.0163  (   0.3178)
30. eval:  <1> depNetI: effect from covSlack                      -0.0954  (   0.0792)
31. rate:  <2> rate depNetR (period 1)                             0.4253  (   0.1397)
32. rate:  <2> rate depNetR (period 2)                             0.9195  (   0.2523)
33. rate:  <2> rate depNetR (period 3)                             0.8859  (   0.2667)
34. rate:  <2> rate depNetR (period 4)                             1.2445  (   0.3111)
35. rate:  <2> rate depNetR (period 5)                             1.6843  (   0.4603)
36. rate:  <2> rate depNetR (period 6)                             1.0863  (   0.3413)
37. eval:  <2> depNetR linear shape                               -0.4298  (   0.2981)
38. eval:  <2> depNetR quadratic shape                            -0.1684  (   0.0822)
39. eval:  <2> depNetR degree                                      0.0982  (   0.1466)
40. eval:  <2> depNetR isolate                                     0.1360  (   0.3765)
41. eval:  <2> depNetR total alter                                -0.0699  (   0.0589)
42. eval:  <2> depNetR dense triads                               -0.0440  (   0.1015)
43. eval:  <2> depNetR: effect from covEmploy                      0.0002  (   0.0015)
44. eval:  <2> depNetR: effect from covAcqExper                    0.4368  (   0.1323)
45. eval:  <2> depNetR: effect from covSales                       0.0613  (   0.2960)
46. eval:  <2> depNetR: effect from covSlack                      -0.0321  (   0.0543)


@3
Covariance matrices
                   
Covariance matrix of estimates (correlations below diagonal):
     0.011      0.000      0.000      0.000      0.000      0.000     -0.003     -0.002      0.001      0.000      0.000      0.001     -0.001      0.000      0.000      0.001      0.000      0.000      0.000     -0.002      0.000      0.000      0.000      0.001     -0.002      0.000      0.000      0.000      0.001      0.000     -0.001     -0.001     -0.001      0.000      0.001     -0.002      0.000     -0.001      0.000      0.001      0.000      0.000      0.000      0.001     -0.002      0.000
     0.001      0.006      0.000      0.000      0.000      0.000     -0.005     -0.001      0.000      0.003      0.000      0.000      0.000      0.000     -0.001      0.000      0.000      0.000      0.001     -0.001      0.000     -0.001      0.000      0.000      0.001      0.000      0.000      0.000      0.000      0.000      0.000     -0.001     -0.001      0.000      0.000      0.000      0.000      0.000      0.000     -0.001      0.000      0.000      0.000      0.000      0.000      0.000
     0.034      0.058      0.012      0.000      0.000      0.000     -0.003     -0.003      0.005      0.003      0.000      0.000     -0.004      0.000     -0.002     -0.001      0.000     -0.002      0.000     -0.001      0.001     -0.001      0.000      0.001      0.002      0.000     -0.001      0.000      0.000      0.000      0.000      0.001      0.002      0.000     -0.001      0.001     -0.001      0.000      0.000      0.001      0.000      0.000      0.000      0.000      0.000      0.000
    -0.005      0.006     -0.019      0.005      0.000      0.000     -0.002     -0.002      0.002      0.002      0.000      0.000     -0.002      0.000     -0.001     -0.001      0.000      0.000     -0.001     -0.001      0.000      0.002     -0.001      0.000     -0.001      0.000      0.000      0.000      0.000      0.000      0.000      0.000      0.000      0.000      0.001      0.000      0.000      0.000      0.001      0.001      0.000      0.000      0.000      0.000     -0.001      0.000
    -0.016     -0.063      0.001     -0.033      0.006      0.000     -0.001     -0.001      0.001      0.002      0.000      0.000      0.001      0.000     -0.001      0.000      0.000      0.000     -0.001     -0.002      0.000      0.000      0.000      0.000      0.002      0.000      0.000      0.000      0.000      0.000      0.000      0.000      0.001      0.000      0.003      0.000      0.000      0.000      0.000      0.000      0.000      0.000      0.000     -0.001     -0.003      0.000
    -0.038      0.002     -0.041     -0.010     -0.012      0.012     -0.001      0.004     -0.006     -0.001      0.000      0.000     -0.005      0.000      0.001      0.001      0.000      0.001      0.000     -0.001     -0.002     -0.002      0.000      0.001      0.004      0.000     -0.001      0.000      0.001      0.000      0.000      0.000      0.000     -0.001      0.003      0.002      0.000      0.000      0.000      0.001      0.000      0.000      0.000      0.001      0.000      0.000
    -0.061     -0.163     -0.076     -0.065     -0.041     -0.019      0.157      0.036      0.043     -0.060      0.004     -0.025     -0.022      0.000      0.005      0.000     -0.001     -0.004     -0.007      0.006     -0.005      0.014     -0.002     -0.006     -0.016      0.001      0.003      0.000      0.006      0.001      0.005      0.001     -0.003     -0.007      0.000      0.011     -0.007      0.000      0.002      0.013      0.001     -0.002      0.000     -0.002      0.000      0.000
    -0.042     -0.036     -0.071     -0.072     -0.041      0.093      0.247      0.133     -0.158     -0.046      0.003     -0.011      0.005      0.000      0.013      0.002     -0.001      0.004     -0.005      0.016      0.000     -0.004     -0.002      0.001      0.008      0.001     -0.001      0.000      0.005     -0.001      0.002     -0.007      0.001     -0.004     -0.004     -0.020      0.003      0.001     -0.003     -0.003      0.000      0.002      0.000     -0.002      0.000     -0.001
     0.009      0.004      0.075      0.053      0.017     -0.085      0.178     -0.707      0.376      0.056      0.008     -0.021     -0.062     -0.001     -0.032     -0.007     -0.001     -0.010     -0.003     -0.015     -0.007      0.018      0.004     -0.007     -0.032     -0.001      0.004      0.000     -0.010      0.003      0.000      0.012     -0.005      0.007      0.018      0.039     -0.008     -0.002      0.007      0.012      0.001     -0.005      0.000      0.004      0.000      0.001
     0.012      0.122      0.089      0.068      0.069     -0.037     -0.494     -0.409      0.294      0.095      0.000     -0.001      0.004      0.000     -0.006     -0.006      0.001      0.002      0.003     -0.015      0.004     -0.003      0.001      0.002      0.003     -0.001     -0.001      0.000     -0.003      0.002     -0.004     -0.001     -0.002      0.003      0.001      0.007      0.002     -0.001      0.000     -0.003      0.001      0.000      0.000      0.001      0.000      0.001
    -0.025     -0.036     -0.035     -0.037     -0.016      0.066      0.237      0.214      0.294     -0.022      0.002     -0.003     -0.006      0.000      0.000      0.000     -0.001      0.000     -0.001      0.000      0.000      0.000      0.000      0.000     -0.001      0.000      0.000      0.000     -0.001      0.000      0.000      0.000      0.000      0.000      0.001      0.001      0.000      0.000      0.000      0.001      0.000      0.000      0.000      0.000      0.000      0.000
     0.060      0.054      0.005      0.039      0.002     -0.011     -0.660     -0.323     -0.360     -0.038     -0.661      0.009      0.008      0.000      0.000      0.001      0.001      0.000      0.002      0.000      0.001     -0.002      0.000      0.001      0.004      0.000      0.000      0.000      0.000     -0.001      0.000      0.000      0.001      0.001     -0.002     -0.002      0.001      0.000      0.000     -0.002      0.000      0.000      0.000      0.000      0.000      0.000
    -0.014     -0.006     -0.061     -0.046      0.017     -0.065     -0.085      0.023     -0.156      0.020     -0.210      0.134      0.422      0.000      0.043      0.002     -0.001      0.009      0.004      0.009     -0.007     -0.002      0.001     -0.004      0.008      0.002      0.003      0.000      0.010     -0.001     -0.001     -0.004     -0.004      0.001     -0.004     -0.014      0.000     -0.002     -0.001      0.000      0.000      0.002      0.000      0.000      0.002     -0.001
    -0.026      0.023      0.011      0.014      0.015     -0.011     -0.108      0.075     -0.160      0.069      0.005      0.081      0.066      0.000      0.000      0.000      0.000      0.000      0.000      0.000      0.000      0.000      0.000      0.000      0.000      0.000      0.000      0.000      0.000      0.000      0.000      0.000      0.000      0.000      0.000      0.000      0.000      0.000      0.000      0.000      0.000      0.000      0.000      0.000      0.000      0.000
    -0.017     -0.043     -0.077     -0.050     -0.051      0.036      0.055      0.177     -0.250     -0.087      0.024      0.025      0.320      0.210      0.043      0.002     -0.002      0.000      0.003     -0.006      0.002      0.000      0.001     -0.001     -0.002      0.000      0.000      0.000      0.002      0.000      0.001     -0.003      0.000     -0.002     -0.005     -0.002      0.000      0.000     -0.001      0.002      0.000      0.001      0.000      0.000      0.002      0.000
     0.040      0.010     -0.038     -0.057      0.006      0.032      0.000      0.016     -0.045     -0.072      0.039      0.034      0.010      0.019      0.032      0.072      0.004      0.000      0.002      0.000      0.000     -0.008      0.007     -0.002     -0.002      0.000      0.001      0.000     -0.006      0.001     -0.003     -0.001     -0.003      0.003     -0.005      0.001      0.001      0.000     -0.001     -0.002      0.000      0.001      0.000     -0.001      0.002      0.000
    -0.003     -0.018      0.018      0.036     -0.011      0.020     -0.014     -0.011     -0.008      0.012     -0.073      0.029     -0.006     -0.010     -0.063      0.076      0.034      0.001      0.001      0.000     -0.001     -0.005      0.002     -0.001      0.002      0.000      0.001      0.000     -0.006      0.000     -0.001     -0.004     -0.002     -0.001      0.005      0.000      0.002      0.001     -0.002     -0.004      0.001      0.001      0.000      0.000      0.003      0.001
     0.006     -0.029     -0.082      0.003     -0.002      0.044     -0.052      0.051     -0.082      0.024     -0.017      0.025      0.064      0.009     -0.010      0.004      0.036      0.042      0.001      0.002      0.002     -0.007      0.003      0.001      0.004      0.000     -0.001      0.000      0.000      0.000     -0.001      0.001     -0.004     -0.004      0.002     -0.004      0.000      0.000      0.000     -0.001      0.000      0.000      0.000      0.001     -0.002      0.000
    -0.011      0.056      0.007     -0.063     -0.023      0.004     -0.063     -0.050     -0.019      0.031     -0.055      0.068      0.023     -0.073      0.049      0.021      0.013      0.010      0.082      0.011      0.001     -0.012      0.003      0.000      0.009      0.001      0.000      0.000      0.000     -0.002     -0.003      0.002     -0.001     -0.013     -0.008      0.004     -0.001      0.001     -0.001      0.003      0.001      0.001      0.000     -0.002     -0.005      0.000
    -0.032     -0.031     -0.029     -0.034     -0.053     -0.016      0.033      0.098     -0.054     -0.106      0.018     -0.012      0.031     -0.048     -0.064      0.000      0.001      0.022      0.084      0.213     -0.001     -0.002      0.007     -0.006     -0.015      0.001      0.003      0.000      0.020      0.000      0.003      0.000      0.000     -0.003     -0.025     -0.004      0.004      0.001      0.002     -0.001     -0.002     -0.001      0.000     -0.002     -0.003     -0.001
     0.013      0.035      0.027      0.001      0.002     -0.088     -0.074     -0.002     -0.058      0.068     -0.041      0.051     -0.057      0.079      0.041     -0.005     -0.019      0.041      0.015     -0.009      0.035      0.000      0.001      0.000      0.000      0.000      0.000      0.000     -0.002     -0.001      0.000      0.000     -0.001     -0.003      0.001     -0.009     -0.001      0.001      0.000     -0.001      0.000      0.000      0.000      0.000     -0.002      0.001
    -0.005     -0.018     -0.031      0.065     -0.001     -0.056      0.094     -0.028      0.080     -0.024     -0.005     -0.064     -0.009      0.011     -0.001     -0.079     -0.068     -0.087     -0.114     -0.013     -0.005      0.138     -0.009     -0.054     -0.143     -0.009      0.034      0.000      0.009      0.003      0.001     -0.002      0.006      0.005      0.009     -0.002     -0.004      0.000      0.003      0.013     -0.001     -0.003      0.000      0.000     -0.006      0.000
    -0.002      0.016     -0.011     -0.072     -0.055      0.016     -0.037     -0.053      0.061      0.036      0.067     -0.008      0.014      0.005      0.035      0.228      0.117      0.118      0.091      0.134      0.036     -0.231      0.012     -0.001     -0.002      0.000      0.001      0.000     -0.004      0.002     -0.001      0.000      0.000      0.000      0.001      0.000     -0.001      0.000      0.001      0.001      0.000     -0.001      0.000      0.000      0.000      0.000
     0.032     -0.014      0.051     -0.015      0.021      0.069     -0.080      0.022     -0.061      0.032      0.001      0.053     -0.037     -0.020     -0.014     -0.051     -0.023      0.027      0.008     -0.074     -0.008     -0.837     -0.073      0.031      0.060      0.003     -0.020      0.000     -0.002     -0.002      0.001      0.001      0.000     -0.001     -0.006      0.001      0.001      0.000     -0.001     -0.005      0.000      0.001      0.000      0.000      0.003      0.000
    -0.035      0.029      0.037     -0.034      0.049      0.078     -0.085      0.045     -0.110      0.020     -0.062      0.079      0.026     -0.029     -0.016     -0.017      0.021      0.036      0.068     -0.069     -0.004     -0.805     -0.044      0.716      0.228      0.010     -0.038      0.000     -0.011     -0.001      0.001      0.002     -0.005     -0.006     -0.010      0.006      0.006      0.000     -0.006     -0.017      0.001      0.005      0.000      0.001      0.009      0.000
     0.000     -0.024      0.014     -0.035     -0.016      0.045      0.016      0.027     -0.015     -0.051      0.008      0.002      0.045      0.045     -0.020      0.016     -0.012     -0.008      0.056      0.022     -0.029     -0.278      0.006      0.221      0.256      0.007     -0.003      0.000      0.004      0.000      0.000      0.000     -0.001      0.000      0.002     -0.002     -0.001      0.000      0.000      0.001      0.000      0.000      0.000      0.000      0.000      0.000
    -0.033      0.025     -0.051      0.018      0.001     -0.079      0.065     -0.023      0.055     -0.024     -0.013     -0.043      0.042      0.018      0.017      0.041      0.030     -0.024     -0.010      0.048      0.005      0.776      0.041     -0.969     -0.665     -0.304      0.014      0.000      0.001      0.001     -0.001     -0.001     -0.001      0.001      0.004     -0.001      0.000      0.000      0.000      0.002      0.000      0.000      0.000      0.000     -0.002      0.000
    -0.050      0.019     -0.019      0.012     -0.006      0.007      0.010      0.016     -0.009      0.004     -0.007     -0.011     -0.051     -0.035     -0.100     -0.039      0.030     -0.009     -0.034     -0.047      0.004      0.217     -0.185     -0.214     -0.002     -0.181      0.162      0.000      0.000      0.000      0.000      0.000      0.000      0.000      0.000      0.000      0.000      0.000      0.000      0.000      0.000      0.000      0.000      0.000      0.000      0.000
     0.041     -0.004      0.000     -0.021      0.001      0.022      0.044      0.045     -0.053     -0.031     -0.044     -0.004      0.047     -0.006      0.030     -0.071     -0.101      0.004     -0.005      0.136     -0.032      0.073     -0.111     -0.032     -0.076      0.132      0.031     -0.417      0.101      0.001      0.003      0.003     -0.004     -0.006     -0.001     -0.002     -0.009      0.000      0.004      0.011      0.000     -0.003      0.000     -0.001     -0.010      0.000
    -0.014     -0.038     -0.021     -0.006      0.014      0.056      0.039     -0.028      0.070      0.064      0.043     -0.081     -0.024      0.004     -0.018      0.045      0.025      0.010     -0.085      0.010     -0.057      0.113      0.176     -0.129     -0.037      0.066      0.071      0.201      0.057      0.006      0.000     -0.001      0.000      0.001      0.000      0.003     -0.001      0.000      0.000      0.001      0.000      0.000      0.000      0.000      0.001      0.000
    -0.038      0.012      0.025      0.039     -0.006     -0.008      0.085      0.036     -0.001     -0.099     -0.029     -0.015     -0.014     -0.052      0.022     -0.076     -0.024     -0.024     -0.075      0.043      0.014      0.011     -0.067      0.028      0.014      0.006     -0.039      0.023      0.061      0.031      0.020      0.001      0.002      0.003     -0.001      0.001     -0.002      0.001     -0.001     -0.001      0.000      0.000      0.000      0.001      0.001      0.001
    -0.035     -0.048      0.027     -0.019      0.004      0.004      0.015     -0.080      0.079     -0.011      0.028      0.009     -0.025     -0.021     -0.051     -0.015     -0.082      0.022      0.031      0.001      0.008     -0.018      0.014      0.013      0.016      0.014     -0.021     -0.047      0.031     -0.038      0.037      0.064      0.001     -0.001      0.000     -0.002     -0.005      0.001      0.001      0.003      0.000     -0.001      0.000      0.003      0.001      0.000
    -0.044     -0.029      0.056      0.015      0.036     -0.004     -0.032      0.012     -0.032     -0.024     -0.017      0.032     -0.024      0.008     -0.007     -0.044     -0.045     -0.065     -0.008     -0.001     -0.018      0.057     -0.014     -0.002     -0.039     -0.049     -0.017      0.076     -0.050      0.006      0.061      0.021      0.071      0.001      0.006      0.002     -0.003      0.001      0.000     -0.003      0.000      0.000      0.000      0.002     -0.001      0.000
     0.014     -0.012      0.008     -0.007      0.006     -0.022     -0.058     -0.034      0.036      0.036      0.033      0.021      0.006      0.027     -0.029      0.034     -0.018     -0.069     -0.144     -0.018     -0.053      0.045      0.004     -0.017     -0.043     -0.005      0.015      0.008     -0.063      0.059      0.066     -0.007      0.016      0.097      0.003      0.001     -0.010      0.000      0.005      0.008      0.000     -0.004      0.000      0.004      0.000      0.000
     0.030     -0.009     -0.018      0.016      0.076      0.055      0.003     -0.025      0.064      0.005      0.039     -0.038     -0.013      0.072     -0.049     -0.039      0.058      0.016     -0.064     -0.116      0.006      0.051      0.011     -0.070     -0.045      0.055      0.075      0.014     -0.004     -0.013     -0.013     -0.001      0.049      0.019      0.212     -0.004     -0.009      0.003      0.001      0.008      0.001     -0.001      0.000      0.006      0.002      0.003
    -0.068     -0.011      0.022     -0.010     -0.008      0.047      0.080     -0.164      0.187      0.064      0.092     -0.077     -0.061     -0.078     -0.029      0.016      0.005     -0.058      0.043     -0.023     -0.139     -0.015     -0.011      0.015      0.036     -0.054     -0.018      0.040     -0.018      0.111      0.017     -0.019      0.018      0.005     -0.027      0.117      0.004      0.000     -0.004     -0.006      0.000      0.003      0.000      0.001      0.015      0.000
    -0.005      0.007     -0.028     -0.007     -0.004      0.010     -0.058      0.030     -0.046      0.018     -0.007      0.022      0.002      0.008      0.007      0.015      0.045      0.004     -0.017      0.028     -0.023     -0.040     -0.035      0.021      0.043     -0.039      0.004      0.045     -0.097     -0.042     -0.057     -0.069     -0.043     -0.111     -0.069      0.037      0.089     -0.004     -0.037     -0.091     -0.005      0.024      0.000      0.000      0.018      0.001
    -0.080      0.001      0.001     -0.017      0.036     -0.041      0.013      0.032     -0.039     -0.023     -0.059      0.025     -0.041      0.031     -0.028      0.002      0.051     -0.004      0.037      0.028      0.059      0.004      0.031     -0.027     -0.006     -0.008      0.025      0.003     -0.018     -0.011      0.076      0.045      0.066      0.018      0.092      0.002     -0.168      0.007     -0.001     -0.002      0.001      0.000      0.000     -0.007      0.000      0.000
     0.023      0.007      0.025      0.050     -0.011     -0.004      0.036     -0.049      0.077     -0.007      0.025     -0.028     -0.006     -0.022     -0.033     -0.018     -0.079     -0.002     -0.024      0.025      0.004      0.059      0.055     -0.033     -0.082      0.020      0.008     -0.063      0.095      0.034     -0.025      0.026      0.000      0.120      0.019     -0.086     -0.858     -0.051      0.021      0.040      0.001     -0.014      0.000      0.002     -0.008     -0.001
     0.015     -0.022      0.018      0.034      0.012      0.014      0.087     -0.022      0.053     -0.027      0.045     -0.052      0.001     -0.022      0.021     -0.023     -0.060     -0.012      0.027     -0.007     -0.010      0.090      0.033     -0.072     -0.096      0.035      0.051     -0.044      0.095      0.044     -0.011      0.035     -0.034      0.066      0.048     -0.047     -0.807     -0.051      0.724      0.142      0.004     -0.026      0.000      0.002     -0.030     -0.001
    -0.005     -0.017     -0.046      0.071     -0.002      0.008      0.049     -0.007      0.036      0.029     -0.027     -0.039     -0.004     -0.001      0.034      0.003      0.094      0.015      0.035     -0.074     -0.003     -0.034     -0.012      0.035      0.042      0.023     -0.033      0.014     -0.015      0.013      0.057      0.013     -0.026      0.010      0.050     -0.006     -0.271      0.147      0.166      0.203      0.003     -0.001      0.000     -0.001      0.001      0.001
    -0.019     -0.002     -0.011     -0.062      0.009      0.013     -0.041      0.055     -0.088     -0.002     -0.028      0.037      0.026      0.021      0.038      0.024      0.062      0.005      0.045     -0.023     -0.006     -0.071     -0.056      0.047      0.093     -0.010     -0.022      0.060     -0.081     -0.040      0.018     -0.024      0.006     -0.135     -0.023      0.096      0.784      0.026     -0.966     -0.670     -0.245      0.010      0.000     -0.001      0.005      0.001
     0.072     -0.021     -0.053      0.026      0.029      0.017     -0.010     -0.034      0.004      0.023     -0.005      0.015      0.007      0.013      0.020     -0.014     -0.032     -0.002      0.042     -0.031     -0.005      0.062     -0.051     -0.035     -0.053     -0.008      0.041     -0.024      0.022      0.011     -0.033     -0.061      0.049     -0.067     -0.043     -0.053      0.180     -0.195     -0.111      0.096     -0.038      0.036      0.000      0.000      0.000      0.000
     0.096     -0.004      0.014      0.032     -0.060      0.048     -0.034     -0.051      0.047      0.023      0.031     -0.001      0.004     -0.024     -0.010     -0.033     -0.020      0.027     -0.046     -0.026     -0.005      0.008     -0.035      0.014      0.012     -0.010     -0.025      0.034     -0.019      0.018      0.034      0.098      0.057      0.100      0.092      0.030     -0.012     -0.655      0.095      0.031     -0.084     -0.081     -0.021      0.018      0.000      0.001
    -0.048     -0.003     -0.014     -0.024     -0.113     -0.010     -0.001     -0.004      0.000      0.002     -0.010      0.012      0.008     -0.004      0.038      0.022      0.059     -0.032     -0.053     -0.024     -0.032     -0.059     -0.011      0.057      0.061     -0.015     -0.055      0.043     -0.105      0.038      0.027      0.018     -0.009      0.003      0.012      0.147      0.209     -0.020     -0.196     -0.272      0.038      0.183     -0.366      0.007      0.088      0.002
     0.016     -0.004     -0.015      0.010     -0.039     -0.045      0.003     -0.049      0.037      0.054     -0.032      0.003     -0.040      0.034     -0.011     -0.012      0.056     -0.017     -0.012     -0.022      0.070      0.012     -0.041     -0.029      0.009      0.011      0.027      0.059     -0.022      0.055      0.091      0.026     -0.007     -0.021      0.106      0.004      0.079      0.106     -0.172     -0.064      0.265      0.112      0.094      0.075      0.119      0.003

Derivative matrix of expected statistics X by parameters and
covariance/correlation matrix of X can be found using
summary(ans) within R, or by using the 'verbose' option in Siena07.
 
Total computation time 1449.01 seconds.


-----------------------------------
New Analysis started.
Date and time: 13/12/2020 19:51:50
New results follow.
-----------------------------------

RSiena version 1.2-12 (12 May 18)


@1
Estimation by stochastic approximation algorithm.
=================================================

Current random number seed is 133.
Effects object used: sysEff 
Model Type:
 
Behavioral Model Type:
Behavior 1 depNetI : 
Behavior 2 depNetR : 
Estimation method: unconditional moment estimation.

Time duration for simulations in each period is 1.0.
Standard errors are estimated with the likelihood ratio method.
Dolby method (regression on scores) is used.
Initial value of gain parameter is  0.3394113.
Reduction factor for gain parameter is  0.5000000.
Number of subphases in Phase 2 is 5.

Initial parameter values are 
  1. rate:  constant depMMC rate (period 1)                 1.1404
  2. rate:  constant depMMC rate (period 2)                 0.6467
  3. rate:  constant depMMC rate (period 3)                 1.0910
  4. rate:  constant depMMC rate (period 4)                 0.7455
  5. rate:  constant depMMC rate (period 5)                 0.7948
  6. rate:  constant depMMC rate (period 6)                 1.5353
  7. eval:  degree (density)                               -0.7335
  8. eval:  transitive triads                               0.0000
  9. endow:  transitive triads                              0.0000
 10. eval:  transitive ties                                 0.0000
 11. eval:  number of actor pairs at dist 2                 0.0000
 12. eval:  degree^(1/2) assortativity                      0.0000
 13. eval:  covCatSim                                       0.0000
 14. eval:  covAge ego                                      0.0000
 15. eval:  depNetR ego                                     0.0000
 16. rate:  rate depNetI (period 1)                         0.3805
 17. rate:  rate depNetI (period 2)                         0.6244
 18. rate:  rate depNetI (period 3)                         0.4691
 19. rate:  rate depNetI (period 4)                         0.5756
 20. rate:  rate depNetI (period 5)                         0.5756
 21. rate:  rate depNetI (period 6)                         0.5634
 22. eval:  depNetI linear shape                            0.0758
 23. eval:  depNetI quadratic shape                         0.0000
 24. eval:  depNetI degree                                  0.0000
 25. eval:  depNetI isolate                                 0.0000
 26. eval:  depNetI total alter                             0.0000
 27. eval:  depNetI dense triads                            0.0000
 28. eval:  depNetI: effect from covEmploy                  0.0000
 29. eval:  depNetI: effect from covSales                   0.0000
 30. eval:  depNetI: effect from covSlack                   0.0000
 31. rate:  rate depNetR (period 1)                         0.4049
 32. rate:  rate depNetR (period 2)                         0.5161
 33. rate:  rate depNetR (period 3)                         0.6668
 34. rate:  rate depNetR (period 4)                         0.6323
 35. rate:  rate depNetR (period 5)                         0.8124
 36. rate:  rate depNetR (period 6)                         0.6283
 37. eval:  depNetR linear shape                            0.0645
 38. eval:  depNetR quadratic shape                         0.0000
 39. eval:  depNetR degree                                  0.0000
 40. eval:  depNetR isolate                                 0.0000
 41. eval:  depNetR total alter                             0.0000
 42. eval:  depNetR dense triads                            0.0000
 43. eval:  depNetR: effect from covEmploy                  0.0000
 44. eval:  depNetR: effect from covAcqExper                0.0000
 45. eval:  depNetR: effect from covSales                   0.0000
 46. eval:  depNetR: effect from covSlack                   0.0000


Observed values of target statistics are
  1. Amount of network change in period 1                                46.0000
  2. Amount of network change in period 2                                26.0000
  3. Amount of network change in period 3                                44.0000
  4. Amount of network change in period 4                                30.0000
  5. Amount of network change in period 5                                32.0000
  6. Amount of network change in period 6                                62.0000
  7. Number of edges                                                    533.0000
  8. Number of transitive triads                                        299.0000
  9. Lost ties: Number of transitive triads                              12.0000
 10. Number of ties with transitive closure                             814.0000
 11. Number of dists equal to 2                                        1785.0000
 12. Sum of degree^(1/2) products                                      6464.4028
 13. Sum of ties x covCatSim                                             28.7398
 14. Sum of degrees x covAge                                           9639.0000
 15. Sum of degrees x depNetR                                           167.0000
 16. Amount of behavioral change in period 1 on depNetI                  23.0000
 17. Amount of behavioral change in period 2 on depNetI                  43.0000
 18. Amount of behavioral change in period 3 on depNetI                  30.0000
 19. Amount of behavioral change in period 4 on depNetI                  39.0000
 20. Amount of behavioral change in period 5 on depNetI                  39.0000
 21. Amount of behavioral change in period 6 on depNetI                  38.0000
 22. depNetI centered sum                                                11.4286
 23. depNetI sum of cent. squares                                       481.0134
 24. depNetI outdegrees                                                 205.8118
 25. depNetI isolate                                                      4.8920
 26. depNetI total alters                                                -1.6155
 27. depNetI dense triads                                               221.7700
 28. depNetI x covEmploy                                               10085.9618
 29. depNetI x covSales                                                 -21.7418
 30. depNetI x covSlack                                                -129.0856
 31. Amount of behavioral change in period 1 on depNetR                  25.0000
 32. Amount of behavioral change in period 2 on depNetR                  34.0000
 33. Amount of behavioral change in period 3 on depNetR                  41.0000
 34. Amount of behavioral change in period 4 on depNetR                  40.0000
 35. Amount of behavioral change in period 5 on depNetR                  46.0000
 36. Amount of behavioral change in period 6 on depNetR                  43.0000
 37. depNetR centered sum                                                11.0000
 38. depNetR sum of cent. squares                                       793.0976
 39. depNetR outdegrees                                                 244.5610
 40. depNetR isolate                                                      2.9146
 41. depNetR total alters                                               -43.1437
 42. depNetR dense triads                                               272.4634
 43. depNetR x covEmploy                                               12189.4474
 44. depNetR x covAcqExper                                              435.1348
 45. depNetR x covSales                                                -1656.2779
 46. depNetR x covSlack                                                 -92.4281

 46 parameters, 46 statistics

Estimation of derivatives by the LR method (type 1).


@2
End of stochastic approximation algorithm, phase 3.
---------------------------------------------------

Total of 18017 iterations.
Parameter estimates based on 17017 iterations,
convergence diagnostics, covariance and derivative matrices based on 1000 iterations.

Information for convergence diagnosis.
Averages, standard deviations, and t-ratios for deviations from targets:
  1.  -0.5460    8.8136  -0.0619 
  2.   0.1000    7.3160   0.0137 
  3.   0.0020    8.7855   0.0002 
  4.  -0.0660    7.2991  -0.0090 
  5.   0.2260    7.6165   0.0297 
  6.  -0.1260   10.1715  -0.0124 
  7.  -0.6010   11.4307  -0.0526 
  8.  -0.0870   18.2577  -0.0048 
  9.  -0.0013    3.0524  -0.0004 
 10.  -0.7760   27.6894  -0.0280 
 11.  -2.1400   64.0027  -0.0334 
 12.  -8.2147  232.3898  -0.0353 
 13.  -0.1178    3.9772  -0.0296 
 14. -14.4915  499.0857  -0.0290 
 15.  -0.8232   20.2253  -0.0407 
 16.  -0.1120    4.3688  -0.0256 
 17.   0.0670    5.6164   0.0119 
 18.   0.0770    4.8999   0.0157 
 19.  -0.1420    5.2851  -0.0269 
 20.  -0.0800    5.3813  -0.0149 
 21.  -0.1510    5.0669  -0.0298 
 22.  -0.3850   14.0929  -0.0273 
 23.  -0.6095   23.3386  -0.0261 
 24.  -1.9760   51.0473  -0.0387 
 25.   0.0750    9.7657   0.0077 
 26.   0.9029   42.4019   0.0213 
 27.  -1.7250   55.7484  -0.0309 
 28. -64.5348 1104.9514  -0.0584 
 29.  27.8223  586.6629   0.0474 
 30.  -0.2317   24.4654  -0.0095 
 31.  -0.0040    4.4621  -0.0009 
 32.   0.1940    5.0317   0.0386 
 33.  -0.0600    5.5910  -0.0107 
 34.  -0.0690    5.0869  -0.0136 
 35.  -0.0760    5.6328  -0.0135 
 36.   0.0280    5.7144   0.0049 
 37.   0.5810   14.1569   0.0410 
 38.   2.3254   33.5922   0.0692 
 39.   1.8310   49.7141   0.0368 
 40.   0.4410    9.7267   0.0453 
 41.  -0.4598   59.3085  -0.0078 
 42.   2.7350   54.6743   0.0500 
 43.   8.3895 1132.4617   0.0074 
 44.   0.4636   16.1167   0.0288 
 45.  30.2589  688.3167   0.0440 
 46.  -0.1054   26.8918  -0.0039 

Good convergence is indicated by the t-ratios being close to zero.

Overall maximum convergence ratio =  0.217 .



@2
Estimation Results.
-------------------

Regular end of estimation algorithm.
Total of 18017 iteration steps.


@3
Estimates and standard errors
                             
Network Dynamics
 1. rate:  constant depMMC rate (period 1)                         0.4429  (   0.1088)
 2. rate:  constant depMMC rate (period 2)                         0.2331  (   0.0695)
 3. rate:  constant depMMC rate (period 3)                         0.4261  (   0.1034)
 4. rate:  constant depMMC rate (period 4)                         0.2461  (   0.0719)
 5. rate:  constant depMMC rate (period 5)                         0.2682  (   0.0716)
 6. rate:  constant depMMC rate (period 6)                         0.5304  (   0.1145)
 7. eval:  degree (density)                                       -4.6402  (   0.4125)
 8. eval:  transitive triads                                       1.0578  (   0.4574)
 9. endow: transitive triads                                      -2.6010  (   0.7547)
10. eval:  transitive ties                                         1.5974  (   0.4077)
11. eval:  number of actor pairs at dist 2                        -0.0294  (   0.0434)
12. eval:  degree^(1/2) assortativity                              0.3538  (   0.1172)
13. eval:  covCatSim                                               0.3564  (   0.6933)
14. eval:  covAge ego                                              0.0113  (   0.0067)
15. eval:  depNetR ego                                             0.0863  (   0.1904)
Behavior Dynamics

16. rate:  <1> rate depNetI (period 1)                             0.6351  (   0.1534)
17. rate:  <1> rate depNetI (period 2)                             1.5040  (   0.3836)
18. rate:  <1> rate depNetI (period 3)                             0.9082  (   0.2056)
19. rate:  <1> rate depNetI (period 4)                             1.3415  (   0.3124)
20. rate:  <1> rate depNetI (period 5)                             1.3284  (   0.3217)
21. rate:  <1> rate depNetI (period 6)                             1.2545  (   0.2875)
22. eval:  <1> depNetI linear shape                               -0.4130  (   0.2283)
23. eval:  <1> depNetI quadratic shape                            -0.0633  (   0.0550)
24. eval:  <1> depNetI degree                                      0.0596  (   0.1129)
25. eval:  <1> depNetI isolate                                     0.0512  (   0.2738)
26. eval:  <1> depNetI total alter                                -0.0571  (   0.0527)
27. eval:  <1> depNetI dense triads                               -0.0173  (   0.0797)
28. eval:  <1> depNetI: effect from covEmploy                      0.0014  (   0.0012)
29. eval:  <1> depNetI: effect from covSales                      -0.0003  (   0.0016)
30. eval:  <1> depNetI: effect from covSlack                      -0.0531  (   0.0462)
31. rate:  <2> rate depNetR (period 1)                             0.6861  (   0.1579)
32. rate:  <2> rate depNetR (period 2)                             1.0365  (   0.2401)
33. rate:  <2> rate depNetR (period 3)                             1.4101  (   0.3291)
34. rate:  <2> rate depNetR (period 4)                             1.3019  (   0.3362)
35. rate:  <2> rate depNetR (period 5)                             1.6752  (   0.3647)
36. rate:  <2> rate depNetR (period 6)                             1.4500  (   0.3344)
37. eval:  <2> depNetR linear shape                               -0.0998  (   0.2297)
38. eval:  <2> depNetR quadratic shape                            -0.1180  (   0.0489)
39. eval:  <2> depNetR degree                                     -0.0216  (   0.1153)
40. eval:  <2> depNetR isolate                                    -0.2823  (   0.2694)
41. eval:  <2> depNetR total alter                                -0.0561  (   0.0420)
42. eval:  <2> depNetR dense triads                                0.0347  (   0.0808)
43. eval:  <2> depNetR: effect from covEmploy                      0.0005  (   0.0011)
44. eval:  <2> depNetR: effect from covAcqExper                    0.2711  (   0.0952)
45. eval:  <2> depNetR: effect from covSales                      -0.0006  (   0.0014)
46. eval:  <2> depNetR: effect from covSlack                      -0.0401  (   0.0393)


@3
Covariance matrices
                   
Covariance matrix of estimates (correlations below diagonal):
     0.012      0.000      0.001      0.000      0.000      0.000     -0.009     -0.003      0.004      0.007      0.000      0.000     -0.001      0.000     -0.001      0.000      0.000      0.001      0.000      0.000     -0.001      0.000      0.000      0.000      0.000      0.000      0.000      0.000      0.000      0.000     -0.001     -0.001      0.001      0.001      0.000     -0.002     -0.001      0.000      0.000      0.001      0.000      0.000      0.000      0.000      0.000      0.000
     0.058      0.005      0.000      0.000      0.000      0.000     -0.005     -0.002      0.002      0.003      0.000      0.001      0.000      0.000      0.001      0.000     -0.004      0.000     -0.001     -0.001     -0.001      0.001      0.000      0.000     -0.001      0.000      0.000      0.000      0.000      0.000      0.000     -0.002      0.000      0.000      0.001      0.000      0.000      0.000      0.000      0.000      0.000      0.000      0.000      0.000      0.000      0.000
     0.049     -0.039      0.011      0.000      0.000      0.000     -0.008     -0.003      0.001      0.005      0.000      0.001      0.003      0.000      0.000      0.000     -0.001      0.002      0.000      0.001      0.000      0.000      0.000      0.000      0.000      0.000      0.000      0.000      0.000      0.000      0.001     -0.001      0.001      0.001     -0.001      0.000      0.000      0.000      0.001      0.000      0.000     -0.001      0.000      0.000      0.000      0.000
     0.043      0.002     -0.002      0.005      0.000      0.000     -0.002      0.000      0.000      0.002      0.000      0.000      0.000      0.000     -0.001      0.000     -0.001      0.000      0.002      0.001      0.001      0.000      0.000      0.000      0.001      0.000      0.000      0.000      0.000      0.000      0.000     -0.001     -0.001      0.001      0.000      0.000      0.000      0.000      0.000      0.000      0.000      0.000      0.000      0.000      0.000      0.000
     0.022      0.020      0.043      0.044      0.005      0.000     -0.003     -0.002      0.003      0.004      0.000      0.000     -0.001      0.000      0.000      0.000      0.000      0.000      0.001      0.000      0.001      0.000      0.000      0.000      0.000      0.000      0.000      0.000      0.000      0.000      0.000      0.001      0.000      0.002     -0.003      0.000      0.000      0.000      0.000      0.000      0.000      0.000      0.000      0.000      0.000      0.000
     0.007      0.056      0.041     -0.034      0.022      0.013     -0.007     -0.001     -0.004      0.006      0.000      0.001     -0.003      0.000      0.000      0.000     -0.001      0.001      0.000      0.000      0.002      0.001      0.000      0.000     -0.001      0.000      0.000      0.000      0.000      0.000      0.000      0.000      0.000      0.001     -0.002      0.000      0.001      0.000      0.000      0.000      0.000      0.000      0.000      0.000      0.000      0.000
    -0.206     -0.166     -0.176     -0.070     -0.106     -0.141      0.170      0.053      0.031     -0.078      0.004     -0.027      0.005      0.000      0.000     -0.002     -0.003     -0.006      0.002      0.008      0.009     -0.006     -0.001      0.002      0.012     -0.001     -0.001      0.000      0.000      0.001      0.002      0.003      0.003      0.001      0.009      0.007      0.000     -0.001      0.002      0.001      0.001     -0.002      0.000      0.001      0.000      0.000
    -0.059     -0.077     -0.056     -0.010     -0.076     -0.028      0.281      0.209     -0.240     -0.072      0.005     -0.017     -0.013      0.000      0.004     -0.004      0.012     -0.005      0.015     -0.005      0.007     -0.006      0.002      0.000      0.003      0.000      0.000      0.000      0.000      0.002     -0.001      0.004      0.007      0.006      0.015      0.006     -0.002      0.001      0.001      0.005      0.001     -0.001      0.000      0.000      0.000      0.000
     0.045      0.029      0.010      0.009      0.057     -0.046      0.101     -0.696      0.570      0.123      0.010     -0.034     -0.005      0.000     -0.020      0.005     -0.028      0.006     -0.007      0.010     -0.015     -0.003     -0.003      0.005      0.009      0.001     -0.005      0.000      0.000     -0.004      0.001     -0.007     -0.002      0.008     -0.012      0.002     -0.005     -0.003      0.003      0.005     -0.003     -0.002      0.000      0.004      0.000     -0.002
     0.168      0.105      0.124      0.073      0.123      0.134     -0.464     -0.386      0.401      0.166      0.002     -0.011      0.002      0.000      0.003      0.002     -0.004      0.008     -0.004     -0.008     -0.007      0.000      0.001      0.002     -0.002      0.002     -0.002      0.000      0.000     -0.001      0.000      0.000      0.001      0.007     -0.014     -0.004     -0.002     -0.001      0.001      0.004     -0.001     -0.001      0.000      0.002      0.000     -0.001
     0.010      0.000     -0.032     -0.050     -0.029     -0.051      0.196      0.232      0.307      0.100      0.002     -0.003     -0.002      0.000      0.000      0.000      0.000      0.000      0.001      0.000     -0.001     -0.001      0.000      0.000      0.001      0.000      0.000      0.000      0.000      0.000      0.000      0.000      0.001      0.001      0.002      0.001      0.000      0.000      0.000      0.000      0.000      0.000      0.000      0.000      0.000      0.000
     0.014      0.065      0.051      0.011      0.007      0.045     -0.552     -0.320     -0.383     -0.232     -0.686      0.014      0.000      0.000      0.001      0.000      0.001      0.000     -0.003      0.000      0.000      0.003      0.000     -0.001     -0.003      0.000      0.001      0.000      0.000      0.000      0.000      0.000     -0.002     -0.003     -0.002     -0.002      0.001      0.000     -0.001     -0.002      0.000      0.000      0.000     -0.001      0.000      0.000
    -0.018      0.010      0.041      0.005     -0.011     -0.037      0.018     -0.040     -0.009      0.006     -0.073      0.001      0.481      0.000      0.041     -0.003      0.002      0.001     -0.009      0.001      0.002      0.006      0.000     -0.002     -0.010     -0.001      0.001      0.000      0.000      0.000      0.002     -0.006      0.011     -0.009      0.018     -0.011      0.011     -0.001     -0.003     -0.010      0.000      0.001      0.000      0.001      0.000      0.001
     0.003     -0.016      0.078     -0.028      0.030      0.021     -0.092     -0.044     -0.094     -0.013     -0.018      0.148      0.066      0.000      0.000      0.000      0.000      0.000      0.000      0.000      0.000      0.000      0.000      0.000      0.000      0.000      0.000      0.000      0.000      0.000      0.000      0.000      0.000      0.000      0.000      0.000      0.000      0.000      0.000      0.000      0.000      0.000      0.000      0.000      0.000      0.000
    -0.058      0.067      0.018     -0.041      0.010     -0.001     -0.004      0.041     -0.136      0.033      0.055      0.027      0.309      0.178      0.036      0.003     -0.003      0.000     -0.003      0.000      0.002      0.001      0.000      0.000     -0.001      0.000      0.000      0.000      0.000      0.000     -0.001      0.002      0.000      0.003     -0.001     -0.002      0.004      0.000     -0.002     -0.004     -0.001      0.001      0.000      0.000      0.000      0.000
     0.024     -0.004      0.026     -0.039      0.004     -0.027     -0.028     -0.059      0.040      0.034     -0.008      0.011     -0.032      0.053      0.119      0.024      0.000      0.002      0.000      0.001      0.001     -0.002      0.001      0.000      0.002      0.000      0.000      0.000      0.000      0.000     -0.003     -0.001     -0.002      0.000      0.000      0.002      0.001      0.000      0.000      0.000     -0.001      0.000      0.000      0.000      0.000      0.000
     0.008     -0.142     -0.023     -0.028      0.003     -0.023     -0.016      0.069     -0.095     -0.027      0.004      0.031      0.006      0.017     -0.041      0.008      0.147      0.005      0.000      0.000      0.006     -0.012      0.002      0.001      0.012      0.002     -0.001      0.000      0.000      0.002      0.001      0.014     -0.005     -0.005      0.001     -0.005     -0.004      0.001      0.003      0.002      0.001     -0.002      0.000     -0.003      0.000      0.000
     0.062     -0.027      0.083     -0.018      0.014      0.052     -0.073     -0.050      0.036      0.094      0.022     -0.005      0.004      0.045      0.011      0.070      0.058      0.042      0.000     -0.004     -0.001     -0.007      0.002      0.002      0.007      0.001     -0.001      0.000      0.000      0.001      0.000      0.001      0.001     -0.001      0.003     -0.001     -0.002      0.000      0.001      0.001      0.000     -0.001      0.000      0.001      0.000      0.001
     0.002     -0.045      0.008      0.103      0.038     -0.011      0.015      0.104     -0.028     -0.030      0.045     -0.072     -0.043     -0.082     -0.057      0.001      0.002      0.005      0.098      0.000     -0.001     -0.004      0.002      0.001      0.001      0.002     -0.001      0.000      0.000      0.000      0.002     -0.001      0.003      0.009      0.009     -0.002     -0.003      0.000      0.003      0.002      0.000     -0.002      0.000     -0.001      0.000      0.000
    -0.008     -0.046      0.021      0.047      0.007     -0.004      0.061     -0.034      0.042     -0.058     -0.021      0.004      0.003      0.084     -0.004      0.015      0.002     -0.054      0.003      0.104      0.003      0.005      0.000     -0.004     -0.007     -0.001      0.003      0.000      0.000     -0.001     -0.002     -0.001     -0.005     -0.003      0.003     -0.001      0.004      0.000     -0.002     -0.001     -0.001      0.001      0.000     -0.001      0.000      0.000
    -0.043     -0.030     -0.014      0.027      0.050      0.057      0.073      0.056     -0.070     -0.056     -0.090      0.002      0.010      0.058      0.033      0.014      0.056     -0.023     -0.012      0.034      0.083     -0.003      0.000     -0.001      0.006      0.000      0.001      0.000      0.000     -0.001      0.000      0.000      0.002     -0.001     -0.002     -0.004      0.004      0.000     -0.001     -0.002      0.001      0.000      0.000     -0.001      0.000      0.000
    -0.011      0.059     -0.012     -0.003     -0.027      0.050     -0.068     -0.055     -0.018      0.004     -0.094      0.102      0.036      0.059      0.034     -0.048     -0.142     -0.148     -0.060      0.071     -0.041      0.052     -0.002     -0.021     -0.053     -0.003      0.014      0.000      0.000      0.000      0.000     -0.002      0.003     -0.001      0.000      0.004      0.002      0.000     -0.001     -0.001      0.000      0.000      0.000      0.000      0.000      0.000
     0.036     -0.043      0.060      0.021      0.034     -0.006     -0.061      0.094     -0.080      0.048      0.013     -0.029      0.005      0.025     -0.001      0.062      0.099      0.175      0.111     -0.018      0.019     -0.160      0.003      0.000     -0.001      0.000      0.000      0.000      0.000      0.001      0.000      0.000      0.000      0.000     -0.001      0.000      0.000      0.000      0.000      0.001      0.000      0.000      0.000      0.000      0.000      0.000
     0.000     -0.021      0.008     -0.038      0.015     -0.013      0.036      0.009      0.062      0.041      0.086     -0.097     -0.021     -0.065     -0.018      0.014      0.029      0.084      0.028     -0.105     -0.017     -0.831     -0.053      0.013      0.022      0.001     -0.009      0.000      0.000     -0.001      0.000      0.000     -0.001      0.000      0.000     -0.003     -0.001      0.000      0.001      0.001      0.000      0.000      0.000      0.000      0.000      0.000
    -0.014     -0.050     -0.006      0.039      0.016     -0.042      0.105      0.026      0.042     -0.019      0.077     -0.098     -0.051     -0.079     -0.028      0.044      0.115      0.121      0.009     -0.076      0.080     -0.854     -0.077      0.698      0.075      0.003     -0.014      0.000      0.000      0.001      0.000      0.000     -0.006      0.000     -0.003     -0.004     -0.002      0.000      0.001      0.000      0.000     -0.001      0.000      0.000      0.000     -0.001
     0.042     -0.061      0.008     -0.004     -0.012     -0.015     -0.050     -0.006      0.013      0.076      0.047     -0.020     -0.022     -0.011      0.033      0.055      0.113      0.088      0.110     -0.052     -0.024     -0.252      0.113      0.184      0.224      0.003     -0.001      0.000      0.000      0.000      0.000      0.000      0.001      0.000      0.001     -0.001      0.000      0.000      0.000      0.000      0.000      0.000      0.000      0.000      0.000      0.000
    -0.003      0.024     -0.008      0.037     -0.014      0.026     -0.022      0.005     -0.078     -0.053     -0.088      0.094      0.017      0.065      0.007     -0.034     -0.029     -0.089     -0.059      0.107      0.022      0.761      0.030     -0.963     -0.645     -0.273      0.006      0.000      0.000      0.000      0.000      0.000      0.000      0.000      0.000      0.002      0.001      0.000     -0.001     -0.001      0.000      0.000      0.000      0.000      0.000      0.000
    -0.055     -0.017      0.007      0.046     -0.018     -0.082      0.124      0.007      0.003     -0.119     -0.005      0.001     -0.030      0.021      0.063      0.070      0.031     -0.035     -0.069      0.019      0.049      0.195     -0.253     -0.234      0.051     -0.047      0.144      0.000      0.000      0.000      0.000      0.000      0.000      0.000      0.000      0.000      0.000      0.000      0.000      0.000      0.000      0.000      0.000      0.000      0.000      0.000
     0.032     -0.019      0.000     -0.010     -0.031      0.018      0.043     -0.013     -0.029     -0.017     -0.063      0.033     -0.010      0.015      0.069      0.034      0.014     -0.028     -0.017      0.026      0.014      0.061     -0.066     -0.065     -0.019     -0.047      0.069      0.007      0.000      0.000      0.000      0.000      0.000      0.000      0.000      0.000      0.000      0.000      0.000      0.000      0.000      0.000      0.000      0.000      0.000      0.000
     0.023     -0.053      0.016      0.074      0.005     -0.025      0.035      0.101     -0.119     -0.036      0.005      0.004     -0.012      0.009     -0.007      0.044      0.112      0.056      0.007     -0.036     -0.054     -0.009      0.210     -0.123      0.079      0.161      0.060      0.187     -0.072      0.002      0.000      0.000     -0.001      0.000      0.000      0.001      0.000      0.000      0.000      0.001      0.000      0.000      0.000      0.000      0.000      0.000
    -0.031     -0.011      0.048      0.002     -0.012      0.020      0.028     -0.010      0.008     -0.007      0.000     -0.018      0.015     -0.013     -0.030     -0.112      0.014     -0.001      0.040     -0.030     -0.003     -0.008     -0.028     -0.009     -0.011      0.040      0.019     -0.005      0.001      0.008      0.025     -0.001      0.001      0.001      0.000      0.000     -0.001      0.000      0.000      0.001      0.000      0.000      0.000      0.001      0.000      0.000
    -0.023     -0.104     -0.023     -0.029      0.033     -0.017      0.030      0.037     -0.040     -0.004      0.007     -0.017     -0.039      0.015      0.054     -0.017      0.156      0.024     -0.011     -0.019      0.002     -0.038      0.034      0.000     -0.001      0.035      0.009     -0.033      0.065     -0.021     -0.034      0.058      0.003      0.006     -0.001      0.002      0.001      0.000     -0.002      0.001      0.000      0.001      0.000      0.001      0.000      0.001
     0.038      0.011      0.031     -0.029     -0.021      0.012      0.020      0.049     -0.010      0.005      0.084     -0.056      0.046      0.041      0.006     -0.036     -0.041      0.020      0.029     -0.046      0.016      0.045     -0.024     -0.021     -0.072      0.043      0.018     -0.083      0.101     -0.074      0.023      0.042      0.108      0.001      0.001     -0.004     -0.002     -0.001     -0.001      0.001      0.001      0.001      0.000      0.004      0.000      0.000
     0.032      0.006      0.023      0.046      0.081      0.021      0.006      0.042      0.031      0.050      0.042     -0.088     -0.039     -0.042      0.042     -0.004     -0.037     -0.013      0.086     -0.031     -0.007     -0.017      0.023      0.012      0.005      0.019     -0.012     -0.084      0.038      0.019      0.015      0.069      0.013      0.113      0.000     -0.002      0.002      0.000      0.000     -0.001     -0.001      0.000      0.000      0.001      0.000      0.000
    -0.011      0.029     -0.020      0.015     -0.114     -0.049      0.060      0.090     -0.042     -0.097      0.110     -0.054      0.073     -0.047     -0.015      0.002      0.004      0.036      0.076      0.024     -0.023      0.001     -0.041      0.003     -0.029      0.046     -0.012      0.026      0.037      0.021      0.000     -0.011      0.006     -0.002      0.133      0.002     -0.001      0.000      0.000      0.000      0.000      0.000      0.000      0.003      0.000      0.000
    -0.067     -0.003     -0.004     -0.016      0.010     -0.012      0.051      0.038      0.007     -0.027      0.056     -0.050     -0.047      0.088     -0.025      0.030     -0.040     -0.009     -0.019     -0.012     -0.046      0.058      0.013     -0.075     -0.044     -0.034      0.083      0.058     -0.029      0.084     -0.003      0.021     -0.033     -0.020      0.014      0.112     -0.007      0.000      0.002      0.010      0.001     -0.001      0.000      0.001      0.000     -0.001
    -0.029     -0.019     -0.021      0.019      0.027      0.035     -0.004     -0.024     -0.029     -0.025     -0.018      0.052      0.072      0.059      0.083      0.017     -0.044     -0.045     -0.036      0.060      0.059      0.034     -0.028     -0.038     -0.028     -0.029      0.043     -0.022     -0.014     -0.029     -0.030      0.020     -0.020      0.024     -0.012     -0.096      0.053     -0.002     -0.023     -0.055     -0.003      0.014      0.000      0.003      0.000      0.000
     0.008     -0.014      0.017     -0.055     -0.048     -0.044     -0.036      0.029     -0.068     -0.060     -0.031      0.075     -0.029     -0.016     -0.020     -0.004      0.055     -0.003      0.030     -0.018     -0.029      0.005      0.048     -0.042      0.000      0.003      0.042      0.042     -0.029      0.002     -0.032     -0.008     -0.048     -0.018     -0.022      0.012     -0.175      0.002      0.000      0.001      0.000      0.000      0.000     -0.003      0.000      0.000
     0.001      0.005      0.054     -0.014     -0.011     -0.015      0.034      0.015      0.032      0.022     -0.008     -0.054     -0.032     -0.072     -0.084     -0.009      0.064      0.049      0.075     -0.041     -0.020     -0.048      0.023      0.066      0.044      0.020     -0.069      0.010      0.003      0.057      0.023     -0.070     -0.033     -0.002      0.009      0.054     -0.850      0.011      0.013      0.023      0.001     -0.009      0.000     -0.001      0.000      0.000
     0.024     -0.005      0.009     -0.022     -0.012      0.007      0.006      0.040      0.025      0.036      0.029     -0.071     -0.052     -0.042     -0.071     -0.011      0.023      0.026      0.026     -0.017     -0.024     -0.013      0.044      0.022     -0.001      0.018     -0.030     -0.016      0.037      0.041      0.026      0.023      0.009     -0.006      0.003      0.109     -0.887      0.056      0.735      0.073      0.003     -0.015      0.000     -0.003      0.000      0.001
    -0.063     -0.032     -0.001      0.007     -0.033      0.035      0.052      0.069     -0.085     -0.069     -0.029      0.014      0.004     -0.004     -0.075     -0.080      0.051      0.040      0.037     -0.066      0.072      0.020      0.024     -0.042     -0.020     -0.010      0.044     -0.013      0.018      0.010      0.057      0.000      0.045     -0.050      0.027      0.042     -0.318      0.148      0.273      0.292      0.002     -0.001      0.000      0.000      0.000      0.000
     0.016      0.007     -0.069      0.007      0.011     -0.009     -0.046     -0.016     -0.027     -0.015      0.023      0.052      0.020      0.058      0.088      0.020     -0.067     -0.044     -0.069      0.035     -0.004      0.027     -0.031     -0.045     -0.026     -0.001      0.046     -0.016     -0.001     -0.054     -0.032      0.057      0.023      0.000      0.015     -0.054      0.771     -0.031     -0.965     -0.675     -0.377      0.007      0.000      0.001      0.000      0.000
     0.026      0.000      0.007      0.009      0.060      0.008     -0.004     -0.029      0.048      0.010      0.034     -0.025      0.030      0.097      0.059     -0.015     -0.062     -0.040     -0.024      0.173      0.043      0.074     -0.001     -0.078     -0.064      0.004      0.072      0.021     -0.011     -0.017     -0.046      0.027     -0.004     -0.009     -0.002      0.040      0.211     -0.145     -0.225      0.002     -0.059      0.130      0.000      0.000      0.000      0.000
     0.023      0.030     -0.034      0.011     -0.004      0.004      0.032     -0.007      0.056      0.048      0.033     -0.083      0.019      0.005     -0.024     -0.019     -0.079      0.076     -0.044     -0.045     -0.035     -0.009     -0.021      0.028     -0.001      0.014     -0.026     -0.015     -0.004     -0.003      0.035      0.055      0.129      0.033      0.084      0.033      0.116     -0.678     -0.064     -0.107     -0.077      0.079     -0.067      0.009      0.000      0.000
    -0.009      0.035      0.010      0.062     -0.026      0.041     -0.042     -0.003      0.017      0.029     -0.002      0.008      0.031     -0.009     -0.053     -0.027      0.036      0.034     -0.044      0.014     -0.041     -0.021     -0.004      0.025      0.002      0.042     -0.018     -0.043      0.015     -0.023     -0.025      0.012     -0.016      0.009     -0.021     -0.049     -0.073      0.118      0.034      0.070      0.018     -0.037     -0.063     -0.059      0.000      0.000
     0.031      0.030     -0.030     -0.014     -0.014     -0.003     -0.019      0.024     -0.052     -0.037     -0.009      0.031      0.041      0.035      0.028     -0.055     -0.016      0.071      0.013      0.017     -0.011      0.046      0.097     -0.076     -0.066     -0.031      0.077     -0.024     -0.005      0.005      0.044      0.090      0.027      0.009      0.021     -0.047      0.018      0.034     -0.092      0.060      0.242      0.037      0.126      0.076     -0.084      0.002

Derivative matrix of expected statistics X by parameters and
covariance/correlation matrix of X can be found using
summary(ans) within R, or by using the 'verbose' option in Siena07.
 
Total computation time 1712.56 seconds.
