

-----------------------------------
New Analysis started.
Date and time: 13/12/2020 16:03:30
New results follow.
-----------------------------------

RSiena version 1.2-12 (12 May 18)


@1
Estimation by stochastic approximation algorithm.
=================================================

Current random number seed is 133.
Effects object used: sysEff 
Model Type:
 
Behavioral Model Type:
Behavior 1 depNetI : 
Behavior 2 depNetR : 
Estimation method: unconditional moment estimation.

Time duration for simulations in each period is 1.0.
Standard errors are estimated with the likelihood ratio method.
Dolby method (regression on scores) is used.
Initial value of gain parameter is  0.3394113.
Reduction factor for gain parameter is  0.5000000.
Number of subphases in Phase 2 is 5.

Initial parameter values are 
  1. rate:  constant depMMC rate (period 1)                 1.1486
  2. rate:  constant depMMC rate (period 2)                 0.6410
  3. rate:  constant depMMC rate (period 3)                 1.0217
  4. rate:  constant depMMC rate (period 4)                 0.7044
  5. rate:  constant depMMC rate (period 5)                 0.5775
  6. rate:  constant depMMC rate (period 6)                 1.4659
  7. eval:  degree (density)                               -0.8870
  8. eval:  transitive triads                               0.0000
  9. endow:  transitive triads                              0.0000
 10. eval:  transitive ties                                 0.0000
 11. eval:  number of actor pairs at dist 2                 0.0000
 12. eval:  degree^(1/2) assortativity                      0.0000
 13. eval:  covCatSim                                       0.0000
 14. eval:  covAge ego                                      0.0000
 15. eval:  depNetR ego                                     0.0000
 16. rate:  rate depNetI (period 1)                         0.4125
 17. rate:  rate depNetI (period 2)                         0.4125
 18. rate:  rate depNetI (period 3)                         0.4750
 19. rate:  rate depNetI (period 4)                         0.6419
 20. rate:  rate depNetI (period 5)                         0.6627
 21. rate:  rate depNetI (period 6)                         0.4594
 22. eval:  depNetI linear shape                            0.0711
 23. eval:  depNetI quadratic shape                         0.0000
 24. eval:  depNetI degree                                  0.0000
 25. eval:  depNetI isolate                                 0.0000
 26. eval:  depNetI total alter                             0.0000
 27. eval:  depNetI dense triads                            0.0000
 28. eval:  depNetI: effect from covEmploy                  0.0000
 29. eval:  depNetI: effect from covSales                   0.0000
 30. eval:  depNetI: effect from covSlack                   0.0000
 31. rate:  rate depNetR (period 1)                         0.3812
 32. rate:  rate depNetR (period 2)                         0.4125
 33. rate:  rate depNetR (period 3)                         0.5375
 34. rate:  rate depNetR (period 4)                         0.7696
 35. rate:  rate depNetR (period 5)                         0.7359
 36. rate:  rate depNetR (period 6)                         0.5219
 37. eval:  depNetR linear shape                            0.0719
 38. eval:  depNetR quadratic shape                         0.0000
 39. eval:  depNetR degree                                  0.0000
 40. eval:  depNetR isolate                                 0.0000
 41. eval:  depNetR total alter                             0.0000
 42. eval:  depNetR dense triads                            0.0000
 43. eval:  depNetR: effect from covEmploy                  0.0000
 44. eval:  depNetR: effect from covAcqExper                0.0000
 45. eval:  depNetR: effect from covSales                   0.0000
 46. eval:  depNetR: effect from covSlack                   0.0000


Observed values of target statistics are
  1. Amount of network change in period 1                                36.0000
  2. Amount of network change in period 2                                20.0000
  3. Amount of network change in period 3                                32.0000
  4. Amount of network change in period 4                                22.0000
  5. Amount of network change in period 5                                18.0000
  6. Amount of network change in period 6                                46.0000
  7. Number of edges                                                    318.0000
  8. Number of transitive triads                                         45.0000
  9. Lost ties: Number of transitive triads                               5.3333
 10. Number of ties with transitive closure                             236.0000
 11. Number of dists equal to 2                                         763.0000
 12. Sum of degree^(1/2) products                                      2148.0761
 13. Sum of ties x covCatSim                                             24.9099
 14. Sum of degrees x covAge                                           6022.8125
 15. Sum of degrees x depNetR                                          -168.2679
 16. Amount of behavioral change in period 1 on depNetI                  20.0000
 17. Amount of behavioral change in period 2 on depNetI                  20.0000
 18. Amount of behavioral change in period 3 on depNetI                  24.0000
 19. Amount of behavioral change in period 4 on depNetI                  30.0000
 20. Amount of behavioral change in period 5 on depNetI                  30.0000
 21. Amount of behavioral change in period 6 on depNetI                  23.0000
 22. depNetI centered sum                                                 3.8571
 23. depNetI sum of cent. squares                                       347.6403
 24. depNetI outdegrees                                                 -50.7321
 25. depNetI isolate                                                     -9.7054
 26. depNetI total alters                                                78.9635
 27. depNetI dense triads                                               -15.3571
 28. depNetI x covEmploy                                               -1680.5802
 29. depNetI x covSales                                                  -6.4259
 30. depNetI x covSlack                                                 -45.4110
 31. Amount of behavioral change in period 1 on depNetR                  18.0000
 32. Amount of behavioral change in period 2 on depNetR                  20.0000
 33. Amount of behavioral change in period 3 on depNetR                  28.0000
 34. Amount of behavioral change in period 4 on depNetR                  39.0000
 35. Amount of behavioral change in period 5 on depNetR                  37.0000
 36. Amount of behavioral change in period 6 on depNetR                  27.0000
 37. depNetR centered sum                                                 8.8571
 38. depNetR sum of cent. squares                                       540.4439
 39. depNetR outdegrees                                                -130.1696
 40. depNetR isolate                                                     -1.4866
 41. depNetR total alters                                               132.4057
 42. depNetR dense triads                                               -43.1071
 43. depNetR x covEmploy                                               -1801.4190
 44. depNetR x covAcqExper                                              325.3084
 45. depNetR x covSales                                                  -7.6659
 46. depNetR x covSlack                                                 -75.3077

 46 parameters, 46 statistics

Estimation of derivatives by the LR method (type 1).


@2
End of stochastic approximation algorithm, phase 3.
---------------------------------------------------

Total of 18017 iterations.
Parameter estimates based on 17017 iterations,
convergence diagnostics, covariance and derivative matrices based on 1000 iterations.

Information for convergence diagnosis.
Averages, standard deviations, and t-ratios for deviations from targets:
  1.   0.0600   8.0859   0.0074 
  2.   0.1140   5.9982   0.0190 
  3.   0.0360   7.6656   0.0047 
  4.   0.1020   6.3971   0.0159 
  5.  -0.2260   5.8071  -0.0389 
  6.  -0.2800   9.2143  -0.0304 
  7.   0.2310   9.2477   0.0250 
  8.   0.0860   5.4458   0.0158 
  9.   0.0097   1.2442   0.0078 
 10.   0.4240  26.1944   0.0162 
 11.   1.1950  41.7103   0.0287 
 12.   2.7879 103.5513   0.0269 
 13.  -0.0346   3.0017  -0.0115 
 14.  -2.1993 442.6672  -0.0050 
 15.   0.3069  14.8227   0.0207 
 16.  -0.0350   4.0657  -0.0086 
 17.  -0.1580   4.0009  -0.0395 
 18.  -0.0840   4.3694  -0.0192 
 19.  -0.1030   4.7368  -0.0217 
 20.  -0.0060   4.8777  -0.0012 
 21.   0.1130   4.2188   0.0268 
 22.  -0.0250  11.7957  -0.0021 
 23.  -0.3675  26.2284  -0.0140 
 24.  -0.1030  24.4443  -0.0042 
 25.  -0.1550   6.5771  -0.0236 
 26.  -0.6061  26.1554  -0.0232 
 27.  -0.3290   9.2537  -0.0356 
 28.   8.6571 971.3589   0.0089 
 29.   0.0752   6.1999   0.0121 
 30.  -0.0251  25.3845  -0.0010 
 31.  -0.1250   3.8919  -0.0321 
 32.  -0.0600   4.0150  -0.0149 
 33.  -0.0340   4.6693  -0.0073 
 34.  -0.0450   5.2039  -0.0086 
 35.   0.1360   5.0750   0.0268 
 36.  -0.1700   4.4527  -0.0382 
 37.   0.1120  13.1638   0.0085 
 38.   0.9530  28.6688   0.0332 
 39.  -0.0170  23.7403  -0.0007 
 40.   0.2210   7.2626   0.0304 
 41.   0.1226  33.3189   0.0037 
 42.   0.0730   7.8155   0.0093 
 43.  11.1911 995.5732   0.0112 
 44.   0.1327  15.0711   0.0088 
 45.   0.3206   6.0280   0.0532 
 46.  -1.4496  25.0916  -0.0578 

Good convergence is indicated by the t-ratios being close to zero.

Overall maximum convergence ratio =  0.1677 .



@2
Estimation Results.
-------------------

Regular end of estimation algorithm.
Total of 18017 iteration steps.


@3
Estimates and standard errors
                             
Network Dynamics
 1. rate:  constant depMMC rate (period 1)                         0.3755  (   0.1008)
 2. rate:  constant depMMC rate (period 2)                         0.1923  (   0.0666)
 3. rate:  constant depMMC rate (period 3)                         0.3137  (   0.0839)
 4. rate:  constant depMMC rate (period 4)                         0.1948  (   0.0621)
 5. rate:  constant depMMC rate (period 5)                         0.1598  (   0.0565)
 6. rate:  constant depMMC rate (period 6)                         0.4325  (   0.0939)
 7. eval:  degree (density)                                       -3.8995  (   0.7012)
 8. eval:  transitive triads                                      -1.9087  (   3.2670)
 9. endow: transitive triads                                      -5.4126  (   1.9433)
10. eval:  transitive ties                                         2.5457  (   1.7290)
11. eval:  number of actor pairs at dist 2                         0.0437  (   0.1041)
12. eval:  degree^(1/2) assortativity                              0.5576  (   0.2681)
13. eval:  covCatSim                                               0.1970  (   0.8503)
14. eval:  covAge ego                                              0.0043  (   0.0076)
15. eval:  depNetR ego                                             0.1677  (   0.2284)
Behavior Dynamics

16. rate:  <1> rate depNetI (period 1)                             0.9411  (   0.2743)
17. rate:  <1> rate depNetI (period 2)                             0.8999  (   0.2576)
18. rate:  <1> rate depNetI (period 3)                             1.3298  (   0.3601)
19. rate:  <1> rate depNetI (period 4)                             1.7264  (   0.4926)
20. rate:  <1> rate depNetI (period 5)                             1.5360  (   0.4358)
21. rate:  <1> rate depNetI (period 6)                             1.0092  (   0.2846)
22. eval:  <1> depNetI linear shape                               -0.4191  (   0.2547)
23. eval:  <1> depNetI quadratic shape                             0.0858  (   0.0554)
24. eval:  <1> depNetI degree                                     -0.1848  (   0.1459)
25. eval:  <1> depNetI isolate                                    -0.4300  (   0.3350)
26. eval:  <1> depNetI total alter                                 0.0473  (   0.1036)
27. eval:  <1> depNetI dense triads                                0.2687  (   0.2926)
28. eval:  <1> depNetI: effect from covEmploy                      0.0005  (   0.0015)
29. eval:  <1> depNetI: effect from covSales                      -0.3660  (   0.3006)
30. eval:  <1> depNetI: effect from covSlack                      -0.0002  (   0.0452)
31. rate:  <2> rate depNetR (period 1)                             0.6815  (   0.2030)
32. rate:  <2> rate depNetR (period 2)                             0.7939  (   0.2228)
33. rate:  <2> rate depNetR (period 3)                             1.3407  (   0.3952)
34. rate:  <2> rate depNetR (period 4)                             2.3474  (   0.7891)
35. rate:  <2> rate depNetR (period 5)                             1.8860  (   0.5189)
36. rate:  <2> rate depNetR (period 6)                             1.1954  (   0.3617)
37. eval:  <2> depNetR linear shape                                0.2170  (   0.2331)
38. eval:  <2> depNetR quadratic shape                            -0.1617  (   0.0555)
39. eval:  <2> depNetR degree                                     -0.2995  (   0.1371)
40. eval:  <2> depNetR isolate                                    -0.5180  (   0.2915)
41. eval:  <2> depNetR total alter                                 0.0038  (   0.0722)
42. eval:  <2> depNetR dense triads                                0.1831  (   0.2822)
43. eval:  <2> depNetR: effect from covEmploy                      0.0016  (   0.0014)
44. eval:  <2> depNetR: effect from covAcqExper                    0.3970  (   0.1077)
45. eval:  <2> depNetR: effect from covSales                      -0.5275  (   0.2558)
46. eval:  <2> depNetR: effect from covSlack                      -0.0844  (   0.0469)


@3
Covariance matrices
                   
Covariance matrix of estimates (correlations below diagonal):
     0.010      0.000      0.000      0.000      0.000      0.000     -0.006     -0.009     -0.013      0.005     -0.001      0.002      0.002      0.000      0.000      0.001      0.001     -0.002      0.001      0.002      0.000     -0.001      0.000      0.000      0.001      0.000     -0.001      0.000      0.000      0.000      0.003      0.000      0.002      0.000      0.001     -0.002     -0.001      0.000      0.001      0.001      0.000     -0.002      0.000      0.000      0.000      0.000
     0.061      0.004      0.000      0.000      0.000      0.000      0.000      0.006     -0.002     -0.003      0.000      0.000      0.000      0.000      0.000      0.000      0.000     -0.001      0.000      0.000      0.001      0.000      0.000      0.000      0.001      0.000     -0.001      0.000     -0.001      0.000      0.000     -0.001      0.000      0.001      0.000      0.000      0.001      0.000      0.000      0.000      0.000      0.000      0.000      0.000      0.000      0.000
     0.011     -0.026      0.007      0.000      0.000      0.000     -0.003     -0.008     -0.005      0.006      0.000      0.001     -0.001      0.000      0.001      0.000      0.000     -0.001      0.000     -0.001      0.001     -0.001      0.000      0.001      0.000      0.000      0.000      0.000     -0.001      0.000      0.000      0.001     -0.002      0.001      0.000      0.000      0.000      0.000      0.000     -0.001      0.000      0.000      0.000      0.000      0.001      0.000
     0.011      0.040      0.023      0.004      0.000      0.000     -0.002      0.010     -0.009     -0.005      0.000      0.001      0.002      0.000      0.000      0.000      0.000      0.000     -0.001      0.000      0.000      0.000      0.000      0.000      0.000      0.000      0.000      0.000      0.001      0.000      0.000     -0.001      0.000     -0.001      0.001      0.000      0.000      0.000      0.000      0.001      0.000      0.001      0.000      0.000      0.000      0.000
    -0.021     -0.026     -0.033     -0.003      0.003      0.000      0.002     -0.001      0.004      0.001      0.000     -0.001      0.000      0.000      0.000      0.000      0.000      0.000      0.001     -0.004      0.000      0.000      0.000      0.000      0.000      0.000     -0.001      0.000      0.000      0.000      0.000     -0.001      0.000      0.001     -0.005      0.001      0.000      0.000      0.000      0.000      0.000      0.000      0.000      0.000      0.000      0.000
    -0.012     -0.019     -0.039     -0.041     -0.004      0.009     -0.005     -0.013     -0.017      0.009     -0.001      0.001      0.002      0.000     -0.001      0.000      0.001      0.000      0.001     -0.001     -0.001     -0.002      0.000      0.001      0.002      0.000      0.000      0.000     -0.001      0.000      0.000     -0.001     -0.001      0.002      0.002     -0.003      0.000      0.000      0.000      0.000      0.000      0.000      0.000      0.001     -0.001      0.000
    -0.091     -0.006     -0.045     -0.037      0.044     -0.080      0.492      0.816      0.791     -0.438      0.047     -0.172      0.002      0.000     -0.033      0.023     -0.003      0.005     -0.032      0.013     -0.018      0.007      0.001     -0.005     -0.008     -0.002      0.005      0.000      0.008      0.001      0.002     -0.005      0.003      0.022     -0.004     -0.026      0.001     -0.001     -0.001     -0.002      0.002      0.002      0.000      0.003     -0.001      0.002
    -0.028      0.029     -0.030      0.051     -0.008     -0.043      0.356     10.673      0.046     -5.558      0.087     -0.293     -0.229     -0.001     -0.075      0.069      0.069      0.015     -0.138      0.008     -0.041      0.059     -0.007     -0.023     -0.030     -0.015      0.018      0.000     -0.039      0.005     -0.002      0.019      0.129      0.259      0.070     -0.175     -0.025     -0.002      0.012      0.009      0.006     -0.017      0.000      0.008     -0.047      0.010
    -0.066     -0.015     -0.030     -0.076      0.038     -0.092      0.581      0.007      3.777     -0.171      0.098     -0.339     -0.190      0.001     -0.018      0.020     -0.028     -0.007     -0.098      0.031     -0.065      0.035      0.000     -0.017     -0.027      0.003      0.017      0.000      0.051      0.001      0.026     -0.018      0.017     -0.011     -0.025     -0.018     -0.024      0.000      0.009      0.031      0.015      0.011      0.000      0.002      0.033      0.009
     0.029     -0.028      0.039     -0.046      0.014      0.058     -0.361     -0.984     -0.051      2.990     -0.039      0.140      0.117      0.001      0.055     -0.034     -0.033     -0.004      0.080     -0.006      0.022     -0.028      0.003      0.010      0.010      0.007     -0.004      0.000      0.017     -0.003      0.001     -0.007     -0.068     -0.114     -0.030      0.091      0.015      0.001     -0.009     -0.006     -0.002      0.020      0.000     -0.005      0.025     -0.005
    -0.075     -0.012     -0.038     -0.047      0.025     -0.062      0.637      0.257      0.485     -0.214      0.011     -0.023     -0.010      0.000      0.001      0.001      0.001      0.001     -0.002      0.001     -0.003      0.002      0.000     -0.001     -0.002      0.000      0.002      0.000      0.001      0.000      0.000      0.000      0.001      0.004      0.004      0.000      0.000      0.000      0.000      0.000      0.000      0.000      0.000      0.001      0.000      0.000
     0.070      0.001      0.037      0.042     -0.056      0.059     -0.916     -0.335     -0.650      0.301     -0.830      0.072      0.010      0.000      0.005     -0.006     -0.001     -0.002      0.011     -0.005      0.008     -0.004      0.000      0.003      0.005      0.001     -0.004      0.000     -0.003      0.000     -0.001      0.001     -0.003     -0.013     -0.003      0.008     -0.001      0.000      0.001      0.001     -0.001     -0.003      0.000     -0.001     -0.001     -0.001
     0.022      0.000     -0.014      0.033     -0.002      0.025      0.004     -0.083     -0.115      0.079     -0.116      0.042      0.723      0.001     -0.021      0.002      0.004     -0.008     -0.015     -0.018     -0.005     -0.006      0.001      0.005      0.001     -0.001     -0.015      0.000     -0.012     -0.001     -0.004     -0.013      0.006      0.014      0.011      0.008      0.008      0.000     -0.006     -0.010      0.000      0.006      0.000      0.002     -0.010     -0.002
     0.102      0.021     -0.010      0.027      0.043     -0.009      0.059     -0.054      0.094      0.056      0.017     -0.093      0.222      0.000      0.000      0.000      0.000      0.000      0.000      0.000      0.000      0.000      0.000      0.000      0.000      0.000      0.000      0.000      0.000      0.000      0.000      0.000      0.000      0.001      0.000      0.000      0.000      0.000      0.000      0.000      0.000      0.000      0.000      0.000      0.000      0.000
     0.017     -0.014      0.036      0.022     -0.012     -0.045     -0.204     -0.101     -0.040      0.140      0.035      0.089     -0.106      0.138      0.052      0.000      0.004     -0.001     -0.002      0.007      0.000      0.003     -0.001     -0.002     -0.001      0.001      0.004      0.000      0.001      0.000     -0.003      0.001      0.005     -0.006     -0.003      0.005     -0.001      0.000      0.000      0.001      0.000      0.004      0.000     -0.001      0.004      0.000
     0.031      0.020      0.016     -0.004     -0.025      0.006      0.118      0.077      0.037     -0.072      0.023     -0.088      0.009     -0.006     -0.004      0.075      0.003      0.001     -0.001      0.002     -0.004      0.004      0.001     -0.005     -0.008      0.002      0.011      0.000      0.009      0.000      0.005     -0.006     -0.003      0.005      0.004     -0.004      0.003     -0.001      0.000     -0.003     -0.001     -0.001      0.000      0.000      0.006      0.000
     0.041      0.027     -0.016      0.002     -0.010      0.032     -0.015      0.082     -0.055     -0.073      0.044     -0.017      0.018      0.035      0.062      0.048      0.066      0.001      0.000      0.006      0.000      0.001      0.001     -0.003     -0.005     -0.001      0.006      0.000     -0.004      0.000     -0.004     -0.003      0.000     -0.007      0.004      0.004     -0.002      0.001      0.000      0.000      0.000      0.001      0.000      0.000      0.002      0.000
    -0.044     -0.034     -0.024     -0.003      0.010      0.005      0.021      0.012     -0.010     -0.006      0.026     -0.023     -0.025     -0.021     -0.010      0.010      0.014      0.130      0.005      0.003      0.001     -0.005      0.002     -0.002     -0.004     -0.002      0.006      0.000      0.009      0.000     -0.001     -0.001     -0.022     -0.010     -0.001      0.001     -0.003      0.001      0.000      0.008      0.000     -0.001      0.000     -0.003     -0.002     -0.001
     0.023     -0.012     -0.003     -0.034      0.020      0.012     -0.094     -0.086     -0.103      0.094     -0.045      0.086     -0.035      0.008     -0.014     -0.006     -0.001      0.027      0.243      0.002      0.008     -0.009      0.001      0.003      0.011      0.007      0.000      0.000      0.017     -0.002     -0.001      0.003      0.007      0.079      0.002      0.010      0.001      0.000     -0.001      0.002     -0.002     -0.005      0.000      0.000     -0.004     -0.002
     0.046     -0.005     -0.027     -0.016     -0.158     -0.023      0.042      0.006      0.036     -0.008      0.033     -0.040     -0.048     -0.036      0.066      0.016      0.055      0.017      0.007      0.190     -0.003     -0.007      0.000      0.002      0.008     -0.004     -0.004      0.000      0.009     -0.001     -0.003     -0.002     -0.004     -0.019     -0.013     -0.006      0.006      0.001     -0.006     -0.014      0.001      0.016      0.000     -0.002      0.000      0.001
    -0.017      0.034      0.031      0.013     -0.009     -0.029     -0.092     -0.044     -0.117      0.044     -0.095      0.105     -0.020     -0.080      0.008     -0.048      0.003      0.007      0.056     -0.028      0.081     -0.005      0.000      0.004      0.005      0.001     -0.004      0.000      0.007     -0.001      0.002      0.001     -0.004     -0.011     -0.002      0.020      0.000      0.001     -0.001     -0.004     -0.001      0.002      0.000      0.001      0.002     -0.001
    -0.028     -0.018     -0.025     -0.005     -0.024     -0.086      0.041      0.071      0.071     -0.063      0.059     -0.063     -0.029     -0.071      0.059      0.050      0.019     -0.052     -0.075     -0.061     -0.075      0.065     -0.006     -0.029     -0.065      0.005      0.037      0.000      0.009      0.001      0.000      0.000      0.003      0.001     -0.002     -0.002      0.000      0.001      0.000     -0.002      0.001      0.001      0.000     -0.001      0.003      0.000
     0.007      0.006     -0.038      0.015      0.030      0.003      0.019     -0.039      0.003      0.031      0.011     -0.015      0.021     -0.003     -0.063      0.050      0.052      0.090      0.039     -0.005     -0.020     -0.432      0.003      0.001      0.002     -0.002     -0.001      0.000      0.000      0.000      0.000      0.000      0.000     -0.003     -0.001      0.000      0.000      0.000      0.000      0.001      0.000      0.000      0.000      0.000      0.000      0.000
     0.026      0.042      0.044      0.020      0.039      0.072     -0.044     -0.049     -0.059      0.040     -0.086      0.072      0.043      0.072     -0.062     -0.121     -0.091     -0.036      0.039      0.025      0.088     -0.777      0.113      0.021      0.030     -0.002     -0.036      0.000     -0.003     -0.001      0.000      0.000     -0.001      0.008     -0.005      0.003      0.000      0.000      0.000      0.002      0.000     -0.002      0.000      0.001     -0.002      0.000
     0.040      0.036      0.007     -0.005      0.013      0.065     -0.035     -0.027     -0.042      0.017     -0.065      0.054      0.002      0.104     -0.019     -0.088     -0.058     -0.035      0.068      0.053      0.055     -0.767      0.126      0.619      0.112     -0.003     -0.040      0.000     -0.013      0.000      0.003      0.001     -0.005      0.013      0.003      0.002     -0.001      0.000      0.000      0.001      0.000     -0.002      0.000      0.001     -0.003      0.000
    -0.003      0.024      0.024     -0.025     -0.057     -0.036     -0.027     -0.043      0.013      0.038      0.004      0.024     -0.014     -0.025      0.035      0.059     -0.054     -0.045      0.130     -0.088      0.017      0.208     -0.342     -0.122     -0.095      0.011      0.005      0.000      0.004      0.000      0.000      0.001      0.000     -0.004     -0.001      0.002      0.001      0.000      0.000     -0.002      0.000     -0.002      0.000      0.000     -0.001      0.000
    -0.037     -0.036     -0.015     -0.012     -0.033     -0.016      0.026      0.019      0.030     -0.008      0.081     -0.055     -0.061     -0.058      0.057      0.140      0.077      0.056      0.000     -0.032     -0.050      0.497     -0.069     -0.848     -0.411      0.181      0.086      0.000      0.009      0.002     -0.001     -0.001      0.002     -0.019      0.013     -0.006      0.000      0.001      0.000     -0.002      0.000      0.003      0.000     -0.001      0.003      0.000
     0.033      0.028      0.005     -0.054      0.023      0.035     -0.056     -0.045     -0.074      0.041     -0.067      0.063      0.075      0.035      0.022     -0.126     -0.014     -0.021      0.009     -0.034     -0.079     -0.095      0.096      0.143      0.163     -0.224     -0.343      0.000      0.000      0.000      0.000      0.000      0.000      0.000      0.000      0.000      0.000      0.000      0.000      0.000      0.000      0.000      0.000      0.000      0.000      0.000
    -0.013     -0.051     -0.032      0.039      0.027     -0.032      0.038     -0.040      0.087      0.034      0.029     -0.036     -0.046     -0.005      0.007      0.106     -0.049      0.081      0.115      0.068      0.079      0.120      0.024     -0.062     -0.125      0.138      0.102     -0.396      0.090      0.002      0.004      0.001     -0.001     -0.019     -0.007      0.005      0.003     -0.001     -0.002     -0.003      0.000      0.003      0.000      0.001      0.002     -0.001
    -0.010     -0.049     -0.026     -0.028      0.017     -0.065      0.038      0.034      0.015     -0.039      0.006     -0.026     -0.019      0.007     -0.043      0.030     -0.024      0.003     -0.112     -0.054     -0.084      0.094      0.017     -0.173     -0.023      0.089      0.159      0.045      0.120      0.002      0.000      0.000      0.000     -0.002      0.000     -0.001      0.000      0.000      0.000      0.000      0.000      0.000      0.000      0.000      0.000      0.000
     0.123      0.022      0.008     -0.013      0.025     -0.014      0.017     -0.003      0.066      0.002     -0.020     -0.011     -0.025     -0.055     -0.061      0.097     -0.084     -0.008     -0.009     -0.039      0.027     -0.009     -0.030      0.004      0.050      0.018     -0.018     -0.026      0.058      0.049      0.041      0.000      0.003      0.001     -0.001      0.002     -0.002      0.000      0.001      0.000      0.000     -0.002      0.000      0.001      0.001      0.000
    -0.004     -0.044      0.048     -0.040     -0.048     -0.045     -0.033      0.026     -0.041     -0.017      0.016      0.010     -0.068     -0.066      0.020     -0.091     -0.053     -0.013      0.025     -0.024      0.009      0.003     -0.009      0.002      0.010      0.030     -0.016     -0.007      0.021     -0.002     -0.009      0.050      0.003     -0.006      0.001     -0.001      0.003     -0.001     -0.002      0.001      0.000      0.001      0.000      0.002     -0.004      0.000
     0.047     -0.002     -0.061      0.013     -0.012     -0.038      0.011      0.100      0.022     -0.099      0.022     -0.027      0.017      0.044      0.056     -0.032      0.004     -0.156      0.035     -0.021     -0.032      0.026      0.016     -0.019     -0.039      0.003      0.022      0.025     -0.009     -0.006      0.036      0.036      0.156     -0.006     -0.008      0.010     -0.010      0.000      0.002      0.007     -0.002     -0.003      0.000      0.004     -0.004     -0.002
     0.000      0.010      0.009     -0.026      0.028      0.026      0.039      0.101     -0.007     -0.083      0.044     -0.060      0.020      0.106     -0.033      0.021     -0.036     -0.036      0.204     -0.055     -0.050      0.005     -0.064      0.072      0.051     -0.049     -0.082     -0.005     -0.081     -0.067      0.006     -0.034     -0.018      0.623     -0.011     -0.003     -0.017     -0.005      0.012      0.029      0.005     -0.020      0.000      0.014      0.015      0.004
     0.018      0.004      0.006      0.030     -0.163      0.051     -0.012      0.041     -0.025     -0.034      0.074     -0.022      0.025     -0.033     -0.028      0.029      0.032     -0.005      0.007     -0.056     -0.010     -0.013     -0.033     -0.071      0.017     -0.016      0.087     -0.038     -0.047     -0.012     -0.012      0.010     -0.039     -0.027      0.269      0.001     -0.008      0.002      0.006      0.011     -0.003     -0.010      0.000      0.003     -0.012      0.003
    -0.064     -0.016     -0.001      0.004      0.035     -0.075     -0.104     -0.148     -0.025      0.145     -0.013      0.084      0.027      0.059      0.060     -0.037      0.043      0.007      0.056     -0.036      0.193     -0.027      0.006      0.049      0.017      0.041     -0.057     -0.012      0.048     -0.056      0.023     -0.015      0.070     -0.009      0.005      0.131     -0.008      0.000      0.005      0.003     -0.003     -0.017      0.000      0.003     -0.002     -0.001
    -0.030      0.049      0.010     -0.027      0.011      0.013      0.008     -0.033     -0.052      0.038      0.014     -0.011      0.040      0.013     -0.019      0.040     -0.026     -0.031      0.005      0.062     -0.001      0.001      0.005     -0.010     -0.014      0.044      0.000     -0.023      0.041     -0.003     -0.035      0.049     -0.112     -0.091     -0.065     -0.092      0.054     -0.004     -0.027     -0.055      0.001      0.029      0.000      0.002      0.006      0.001
     0.078     -0.020      0.052     -0.006     -0.070     -0.063     -0.033     -0.009     -0.003      0.007     -0.001      0.020     -0.010     -0.052      0.023     -0.034      0.043      0.056      0.008      0.034      0.036      0.051     -0.067     -0.055     -0.021     -0.025      0.049      0.080     -0.086     -0.005      0.010     -0.053      0.000     -0.103      0.065      0.000     -0.306      0.003      0.001      0.002      0.000     -0.001      0.000     -0.004      0.003      0.001
     0.055     -0.022     -0.010      0.002     -0.008      0.000     -0.006      0.028      0.032     -0.039     -0.029      0.023     -0.049     -0.024     -0.010     -0.003     -0.002      0.000     -0.015     -0.104     -0.014      0.004      0.003      0.013      0.008     -0.019     -0.008      0.003     -0.045     -0.003      0.019     -0.055      0.040      0.114      0.087      0.101     -0.837      0.174      0.019      0.028      0.000     -0.028      0.000     -0.002     -0.001     -0.001
     0.026     -0.025     -0.041      0.040     -0.020      0.007     -0.012      0.009      0.055     -0.011      0.005      0.007     -0.042      0.006      0.011     -0.035      0.004      0.075      0.015     -0.110     -0.044     -0.027      0.032      0.038      0.013     -0.055     -0.028      0.011     -0.031      0.020     -0.001      0.015      0.061      0.125      0.072      0.028     -0.813      0.103      0.690      0.085     -0.002     -0.034      0.000      0.000     -0.013     -0.001
     0.000      0.027      0.030     -0.003      0.004     -0.012      0.049      0.024      0.110     -0.014      0.020     -0.072     -0.004      0.030     -0.023     -0.026      0.020     -0.007     -0.047      0.022     -0.048      0.055     -0.039     -0.032     -0.006      0.013      0.008     -0.020      0.009      0.081     -0.033     -0.004     -0.053      0.081     -0.081     -0.104      0.075      0.012      0.008     -0.098      0.005      0.004      0.000     -0.002      0.006      0.000
    -0.087     -0.005      0.006      0.032      0.012      0.019      0.010     -0.018      0.021      0.040      0.014     -0.038      0.025      0.046      0.060     -0.008      0.015     -0.007     -0.037      0.132      0.024      0.019     -0.031     -0.037     -0.026     -0.075      0.037      0.022      0.040     -0.014     -0.038      0.017     -0.025     -0.089     -0.069     -0.166      0.437     -0.035     -0.716     -0.415      0.181      0.080      0.000      0.000      0.011      0.003
     0.011      0.006     -0.041     -0.001     -0.007      0.003      0.073      0.106      0.005     -0.120      0.045     -0.047      0.023     -0.025     -0.115     -0.051     -0.010     -0.005      0.084     -0.061     -0.068     -0.039      0.035      0.041      0.026      0.033     -0.046     -0.030     -0.021      0.036      0.025      0.049      0.073      0.094      0.006      0.031     -0.025     -0.187      0.072      0.187     -0.217     -0.403      0.000      0.000      0.000      0.000
    -0.043      0.015     -0.003     -0.002      0.008      0.051      0.042      0.024      0.011     -0.027      0.046     -0.042      0.022      0.046     -0.050      0.000     -0.010     -0.086     -0.001     -0.042      0.027     -0.044      0.026      0.046      0.038      0.014     -0.024     -0.066      0.028     -0.009      0.051      0.067      0.092      0.167      0.046      0.083      0.087     -0.672     -0.112      0.002     -0.195     -0.005      0.226      0.012     -0.009     -0.001
    -0.010      0.003      0.053     -0.020     -0.007     -0.052     -0.005     -0.056      0.067      0.056      0.000     -0.009     -0.048     -0.004      0.067      0.086      0.031     -0.017     -0.031      0.004      0.021      0.041     -0.023     -0.050     -0.033     -0.023      0.045      0.003      0.030      0.010      0.023     -0.072     -0.044      0.075     -0.092     -0.022      0.107      0.210     -0.033     -0.181      0.333      0.159     -0.462     -0.319      0.065      0.002
    -0.004     -0.026      0.033      0.001     -0.047     -0.051      0.051      0.066      0.101     -0.066      0.068     -0.072     -0.057     -0.049     -0.011     -0.009      0.002     -0.048     -0.099      0.026     -0.067      0.028     -0.076     -0.009     -0.002     -0.007      0.003     -0.022     -0.094      0.021      0.048     -0.010     -0.107      0.098      0.103     -0.060      0.117      0.194     -0.169     -0.089      0.138      0.194      0.012     -0.137      0.185      0.002

Derivative matrix of expected statistics X by parameters and
covariance/correlation matrix of X can be found using
summary(ans) within R, or by using the 'verbose' option in Siena07.
 
Total computation time 1051.97 seconds.
