

-----------------------------------
New Analysis started.
Date and time: 08/12/2020 18:12:17
New results follow.
-----------------------------------

RSiena version 1.2-12 (12 May 18)


@1
Estimation by stochastic approximation algorithm.
=================================================

Current random number seed is 133.
Effects object used: sysEff 
Model Type:
 
Behavioral Model Type:
Behavior 1 depNetI : 
Behavior 2 depNetR : 
Estimation method: unconditional moment estimation.

Time duration for simulations in each period is 1.0.
Standard errors are estimated with the likelihood ratio method.
Dolby method (regression on scores) is used.
Initial value of gain parameter is  0.3394113.
Reduction factor for gain parameter is  0.5000000.
Number of subphases in Phase 2 is 5.

Initial parameter values are 
  1. rate:  constant depMMC rate (period 1)                 1.4659
  2. rate:  constant depMMC rate (period 2)                 0.8313
  3. rate:  constant depMMC rate (period 3)                 1.4025
  4. rate:  constant depMMC rate (period 4)                 0.9583
  5. rate:  constant depMMC rate (period 5)                 1.0217
  6. rate:  constant depMMC rate (period 6)                 1.9736
  7. eval:  degree (density)                               -0.7335
  8. eval:  transitive triads                               0.0000
  9. endow:  transitive triads                              0.0000
 10. eval:  transitive ties                                 0.0000
 11. eval:  number of actor pairs at dist 2                 0.0000
 12. eval:  degree^(1/2) assortativity                      0.0000
 13. eval:  covCatSim                                       0.0000
 14. eval:  covAge ego                                      0.0000
 15. eval:  depNetR ego                                     0.0000
 16. rate:  rate depNetI (period 1)                         0.4437
 17. rate:  rate depNetI (period 2)                         0.5238
 18. rate:  rate depNetI (period 3)                         0.3500
 19. rate:  rate depNetI (period 4)                         0.5672
 20. rate:  rate depNetI (period 5)                         0.7121
 21. rate:  rate depNetI (period 6)                         0.4750
 22. eval:  depNetI linear shape                            0.0863
 23. eval:  depNetI quadratic shape                         0.0000
 24. eval:  depNetI degree                                  0.0000
 25. eval:  depNetI isolate                                 0.0000
 26. eval:  depNetI total alter                             0.0000
 27. eval:  depNetI dense triads                            0.0000
 28. eval:  depNetI: effect from covEmploy                  0.0000
 29. eval:  depNetI: effect from covSales                   0.0000
 30. eval:  depNetI: effect from covSlack                   0.0000
 31. rate:  rate depNetR (period 1)                         0.4594
 32. rate:  rate depNetR (period 2)                         0.4281
 33. rate:  rate depNetR (period 3)                         0.5672
 34. rate:  rate depNetR (period 4)                         0.4906
 35. rate:  rate depNetR (period 5)                         0.8413
 36. rate:  rate depNetR (period 6)                         0.5844
 37. eval:  depNetR linear shape                            0.1394
 38. eval:  depNetR quadratic shape                         0.0000
 39. eval:  depNetR degree                                  0.0000
 40. eval:  depNetR isolate                                 0.0000
 41. eval:  depNetR total alter                             0.0000
 42. eval:  depNetR dense triads                            0.0000
 43. eval:  depNetR: effect from covEmploy                  0.0000
 44. eval:  depNetR: effect from covAcqExper                0.0000
 45. eval:  depNetR: effect from covSales                   0.0000
 46. eval:  depNetR: effect from covSlack                   0.0000


Observed values of target statistics are
  1. Amount of network change in period 1                                46.0000
  2. Amount of network change in period 2                                26.0000
  3. Amount of network change in period 3                                44.0000
  4. Amount of network change in period 4                                30.0000
  5. Amount of network change in period 5                                32.0000
  6. Amount of network change in period 6                                62.0000
  7. Number of edges                                                    533.0000
  8. Number of transitive triads                                        299.0000
  9. Lost ties: Number of transitive triads                              12.0000
 10. Number of ties with transitive closure                             814.0000
 11. Number of dists equal to 2                                        1785.0000
 12. Sum of degree^(1/2) products                                      6464.4028
 13. Sum of ties x covCatSim                                             46.7598
 14. Sum of degrees x covAge                                           8869.9688
 15. Sum of degrees x depNetR                                           198.1607
 16. Amount of behavioral change in period 1 on depNetI                  22.0000
 17. Amount of behavioral change in period 2 on depNetI                  26.0000
 18. Amount of behavioral change in period 3 on depNetI                  16.0000
 19. Amount of behavioral change in period 4 on depNetI                  29.0000
 20. Amount of behavioral change in period 5 on depNetI                  37.0000
 21. Amount of behavioral change in period 6 on depNetI                  24.0000
 22. depNetI centered sum                                                 8.4286
 23. depNetI sum of cent. squares                                       415.6199
 24. depNetI outdegrees                                                 228.1964
 25. depNetI isolate                                                     -2.2589
 26. depNetI total alters                                                 6.8723
 27. depNetI dense triads                                               233.6429
 28. depNetI x covEmploy                                               11217.0639
 29. depNetI x covSales                                                  24.6084
 30. depNetI x covSlack                                                -122.8730
 31. Amount of behavioral change in period 1 on depNetR                  23.0000
 32. Amount of behavioral change in period 2 on depNetR                  21.0000
 33. Amount of behavioral change in period 3 on depNetR                  27.0000
 34. Amount of behavioral change in period 4 on depNetR                  25.0000
 35. Amount of behavioral change in period 5 on depNetR                  42.0000
 36. Amount of behavioral change in period 6 on depNetR                  31.0000
 37. depNetR centered sum                                                17.8571
 38. depNetR sum of cent. squares                                       735.8903
 39. depNetR outdegrees                                                 293.7679
 40. depNetR isolate                                                      8.1696
 41. depNetR total alters                                               -95.7017
 42. depNetR dense triads                                               309.7857
 43. depNetR x covEmploy                                               14557.3324
 44. depNetR x covAcqExper                                              510.2002
 45. depNetR x covSales                                                  44.5158
 46. depNetR x covSlack                                                -110.4979

 46 parameters, 46 statistics

Estimation of derivatives by the LR method (type 1).


@2
End of stochastic approximation algorithm, phase 3.
---------------------------------------------------

Total of 18017 iterations.
Parameter estimates based on 17017 iterations,
convergence diagnostics, covariance and derivative matrices based on 1000 iterations.

Information for convergence diagnosis.
Averages, standard deviations, and t-ratios for deviations from targets:
  1.   0.1460    9.1285   0.0160 
  2.  -0.1380    7.2203  -0.0191 
  3.  -0.3720    9.4250  -0.0395 
  4.   0.2000    7.8530   0.0255 
  5.   0.5260    7.9265   0.0664 
  6.  -0.0560   10.7279  -0.0052 
  7.   0.0130   11.2856   0.0012 
  8.   0.4200   17.5840   0.0239 
  9.  -0.0553    3.1031  -0.0178 
 10.   0.1780   28.7084   0.0062 
 11.  -2.1500   61.3180  -0.0351 
 12.  -0.0511  229.3802  -0.0002 
 13.  -0.0947    3.9093  -0.0242 
 14.   1.2572  473.7638   0.0027 
 15.  -0.5064   23.5544  -0.0215 
 16.  -0.1970    4.1271  -0.0477 
 17.  -0.2660    4.4498  -0.0598 
 18.   0.0770    3.8707   0.0199 
 19.   0.0440    4.7888   0.0092 
 20.   0.2600    4.9119   0.0529 
 21.  -0.2220    4.3754  -0.0507 
 22.  -0.0260   12.1060  -0.0021 
 23.   0.3065   24.0925   0.0127 
 24.  -0.1390   47.8756  -0.0029 
 25.  -0.0290    6.4787  -0.0045 
 26.  -1.8700   46.7516  -0.0400 
 27.  -0.3480   51.2864  -0.0068 
 28. -21.9387 1097.8707  -0.0200 
 29.  -0.2185    4.8974  -0.0446 
 30.  -0.0059   19.5866  -0.0003 
 31.   0.0860    4.2866   0.0201 
 32.   0.1410    4.1558   0.0339 
 33.   0.0030    4.5334   0.0007 
 34.  -0.0650    4.4050  -0.0148 
 35.  -0.0080    5.3528  -0.0015 
 36.  -0.2490    4.8751  -0.0511 
 37.  -0.2400   13.1542  -0.0182 
 38.   0.1074   35.2084   0.0031 
 39.  -0.5530   53.6935  -0.0103 
 40.  -0.1780    7.3490  -0.0242 
 41.   0.1616   64.9847   0.0025 
 42.  -0.2790   59.0202  -0.0047 
 43.  43.9732 1122.3037   0.0392 
 44.   0.2561   20.5248   0.0125 
 45.   0.0657    4.9923   0.0132 
 46.  -0.4317   24.6052  -0.0175 

Good convergence is indicated by the t-ratios being close to zero.

Overall maximum convergence ratio =  0.2073 .



@2
Estimation Results.
-------------------

Regular end of estimation algorithm.
Total of 18017 iteration steps.


@3
Estimates and standard errors
                             
Network Dynamics
 1. rate:  constant depMMC rate (period 1)                         0.4735  (   0.1126)
 2. rate:  constant depMMC rate (period 2)                         0.2508  (   0.0719)
 3. rate:  constant depMMC rate (period 3)                         0.4532  (   0.1051)
 4. rate:  constant depMMC rate (period 4)                         0.2723  (   0.0715)
 5. rate:  constant depMMC rate (period 5)                         0.2950  (   0.0776)
 6. rate:  constant depMMC rate (period 6)                         0.5839  (   0.1124)
 7. eval:  degree (density)                                       -3.2250  (   0.4090)
 8. eval:  transitive triads                                       1.1538  (   0.3778)
 9. endow: transitive triads                                      -2.0014  (   0.6110)
10. eval:  transitive ties                                         1.0483  (   0.3073)
11. eval:  number of actor pairs at dist 2                        -0.0019  (   0.0442)
12. eval:  degree^(1/2) assortativity                              0.1564  (   0.1005)
13. eval:  covCatSim                                               1.6002  (   0.6269)
14. eval:  covAge ego                                              0.0099  (   0.0068)
15. eval:  depNetR ego                                             0.1364  (   0.1767)
Behavior Dynamics

16. rate:  <1> rate depNetI (period 1)                             1.0606  (   0.3147)
17. rate:  <1> rate depNetI (period 2)                             1.2154  (   0.3176)
18. rate:  <1> rate depNetI (period 3)                             0.6990  (   0.2069)
19. rate:  <1> rate depNetI (period 4)                             1.6324  (   0.4981)
20. rate:  <1> rate depNetI (period 5)                             2.3512  (   0.9104)
21. rate:  <1> rate depNetI (period 6)                             1.0827  (   0.2674)
22. eval:  <1> depNetI linear shape                               -0.7562  (   0.2511)
23. eval:  <1> depNetI quadratic shape                             0.0849  (   0.0558)
24. eval:  <1> depNetI degree                                      0.0429  (   0.1176)
25. eval:  <1> depNetI isolate                                     0.0798  (   0.3429)
26. eval:  <1> depNetI total alter                                -0.0512  (   0.0537)
27. eval:  <1> depNetI dense triads                               -0.0023  (   0.0818)
28. eval:  <1> depNetI: effect from covEmploy                      0.0016  (   0.0013)
29. eval:  <1> depNetI: effect from covSales                      -0.2469  (   0.2461)
30. eval:  <1> depNetI: effect from covSlack                      -0.0809  (   0.0581)
31. rate:  <2> rate depNetR (period 1)                             0.9275  (   0.2372)
32. rate:  <2> rate depNetR (period 2)                             0.7862  (   0.2125)
33. rate:  <2> rate depNetR (period 3)                             1.1451  (   0.3032)
34. rate:  <2> rate depNetR (period 4)                             0.9488  (   0.2728)
35. rate:  <2> rate depNetR (period 5)                             2.3343  (   0.7426)
36. rate:  <2> rate depNetR (period 6)                             1.3555  (   0.3513)
37. eval:  <2> depNetR linear shape                               -0.4028  (   0.2474)
38. eval:  <2> depNetR quadratic shape                            -0.0629  (   0.0455)
39. eval:  <2> depNetR degree                                      0.0718  (   0.1193)
40. eval:  <2> depNetR isolate                                     0.0878  (   0.3171)
41. eval:  <2> depNetR total alter                                -0.0458  (   0.0372)
42. eval:  <2> depNetR dense triads                               -0.0280  (   0.0805)
43. eval:  <2> depNetR: effect from covEmploy                      0.0006  (   0.0012)
44. eval:  <2> depNetR: effect from covAcqExper                    0.1402  (   0.0781)
45. eval:  <2> depNetR: effect from covSales                      -0.0397  (   0.2317)
46. eval:  <2> depNetR: effect from covSlack                      -0.0155  (   0.0439)


@3
Covariance matrices
                   
Covariance matrix of estimates (correlations below diagonal):
     0.013      0.000      0.000      0.001      0.000      0.000     -0.007     -0.003     -0.001      0.002      0.000      0.001     -0.003      0.000     -0.001     -0.003     -0.001      0.000      0.000     -0.001      0.001      0.000      0.000      0.000      0.000      0.000      0.000      0.000      0.001      0.000     -0.002      0.000      0.000      0.000     -0.001      0.000      0.000      0.000      0.000      0.000      0.000      0.000      0.000      0.000      0.000      0.000
     0.010      0.005      0.000      0.000      0.000      0.000     -0.004     -0.002      0.003      0.003      0.000      0.000     -0.002      0.000     -0.001     -0.001     -0.001     -0.001     -0.001     -0.002     -0.001     -0.001      0.000      0.000      0.001      0.000      0.000      0.000      0.000      0.000      0.001      0.000      0.000      0.000      0.002     -0.001     -0.001      0.000      0.000      0.001      0.000      0.000      0.000      0.000      0.001      0.000
     0.011      0.017      0.011      0.000      0.000     -0.001     -0.005     -0.003      0.002      0.003      0.000      0.001     -0.001      0.000     -0.001     -0.001      0.000      0.001     -0.001      0.000      0.000     -0.001      0.000      0.000      0.000      0.000      0.000      0.000     -0.001      0.000      0.001      0.000      0.000      0.002     -0.003     -0.001      0.000      0.000      0.000      0.000      0.000      0.000      0.000      0.000      0.001      0.000
     0.065     -0.004      0.061      0.005      0.000      0.000     -0.001      0.001     -0.002      0.000      0.000      0.000      0.000      0.000      0.000      0.000      0.000      0.000     -0.003      0.000     -0.001      0.001      0.000      0.000      0.000      0.000      0.000      0.000     -0.001      0.000      0.000      0.000      0.001      0.002     -0.001      0.001      0.000      0.000      0.000      0.000      0.000      0.000      0.000      0.000      0.000      0.000
    -0.014     -0.020      0.029      0.011      0.006      0.000     -0.001      0.000     -0.001      0.001      0.000      0.000     -0.001      0.000     -0.001      0.000      0.000      0.000      0.002     -0.005      0.001     -0.001      0.000      0.001      0.002      0.000      0.000      0.000     -0.001      0.000      0.000      0.000     -0.001      0.000      0.002     -0.001      0.000      0.000      0.000      0.000      0.000      0.000      0.000      0.000      0.001      0.000
     0.016     -0.018     -0.082      0.012      0.054      0.013     -0.002      0.003     -0.007     -0.001      0.000      0.000     -0.001      0.000      0.000      0.001      0.000      0.001      0.002      0.000      0.001      0.001      0.000     -0.001     -0.001      0.000      0.000      0.000      0.001      0.000     -0.001      0.000      0.000      0.000      0.006     -0.003     -0.002      0.000      0.001      0.002      0.000     -0.001      0.000      0.000      0.001      0.000
    -0.151     -0.138     -0.126     -0.028     -0.038     -0.045      0.167      0.045      0.053     -0.059      0.006     -0.029     -0.041      0.000      0.002     -0.005      0.002      0.001      0.024      0.004     -0.008      0.004      0.000     -0.003     -0.010      0.000      0.002      0.000      0.003      0.000     -0.006     -0.003     -0.008     -0.003     -0.005      0.000      0.007     -0.001     -0.001     -0.004      0.000      0.000      0.000     -0.001      0.002      0.001
    -0.080     -0.064     -0.063      0.047      0.011      0.072      0.292      0.143     -0.151     -0.047      0.005     -0.016     -0.015      0.000      0.014     -0.001      0.004     -0.008      0.000      0.008     -0.011      0.005     -0.001     -0.003     -0.008      0.001      0.002      0.000      0.005      0.000     -0.005      0.000      0.000     -0.001      0.026     -0.010     -0.002     -0.001      0.002      0.003      0.000     -0.001      0.000      0.001      0.002     -0.001
    -0.012      0.068      0.024     -0.044     -0.018     -0.095      0.213     -0.656      0.373      0.047      0.007     -0.021     -0.021      0.000     -0.030     -0.001     -0.006      0.013      0.024     -0.025     -0.007     -0.004      0.002      0.001     -0.004     -0.003     -0.001      0.000     -0.006      0.001      0.000      0.000     -0.009     -0.003     -0.055      0.010      0.007      0.001     -0.003     -0.005     -0.001      0.002      0.000     -0.002      0.000      0.002
     0.067      0.116      0.089      0.007      0.035     -0.015     -0.467     -0.407      0.249      0.094     -0.002      0.001      0.022      0.000     -0.004      0.008     -0.005      0.000     -0.009      0.003      0.001     -0.002      0.000      0.001      0.005      0.000     -0.001      0.000     -0.004      0.001      0.005     -0.002      0.000      0.005      0.009      0.005     -0.004      0.000      0.001      0.002     -0.001      0.000      0.000      0.001      0.005      0.000
    -0.067      0.028     -0.068     -0.012     -0.018     -0.012      0.355      0.310      0.272     -0.140      0.002     -0.003     -0.005      0.000      0.001      0.000      0.000      0.000      0.001      0.003     -0.002      0.000      0.000      0.000     -0.001      0.000      0.000      0.000      0.000      0.000     -0.001      0.000      0.000      0.000      0.000     -0.001      0.000      0.000      0.000      0.000      0.000      0.000      0.000      0.000      0.000      0.000
     0.132      0.023      0.056     -0.003      0.003      0.026     -0.714     -0.412     -0.336      0.018     -0.689      0.010      0.008      0.000      0.000      0.000      0.000      0.000     -0.004     -0.001      0.005     -0.001      0.000      0.001      0.002      0.000      0.000      0.000      0.000      0.000      0.002      0.001      0.002      0.000      0.001      0.001     -0.001      0.000      0.000      0.000      0.000      0.000      0.000      0.000     -0.001      0.000
    -0.040     -0.045     -0.014      0.004     -0.022     -0.011     -0.159     -0.063     -0.055      0.116     -0.194      0.120      0.393      0.000      0.026      0.008      0.000     -0.003     -0.027      0.006      0.004     -0.002      0.001      0.003     -0.004      0.001     -0.002      0.000      0.009      0.000      0.004      0.001      0.013     -0.004     -0.016      0.018      0.004      0.001     -0.004     -0.004      0.001      0.003      0.000      0.000      0.001      0.000
     0.008     -0.007      0.021      0.034     -0.002      0.033     -0.131     -0.006     -0.103      0.136     -0.033      0.094      0.094      0.000      0.000      0.000      0.000      0.000      0.000      0.000      0.000      0.000      0.000      0.000      0.000      0.000      0.000      0.000      0.000      0.000      0.000      0.000      0.000      0.000      0.000      0.000      0.000      0.000      0.000      0.000      0.000      0.000      0.000      0.000      0.000      0.000
    -0.045     -0.100     -0.064     -0.001     -0.053     -0.020      0.027      0.203     -0.277     -0.075      0.084      0.017      0.234      0.174      0.031      0.003      0.003      0.000     -0.004      0.006     -0.001      0.000      0.000      0.000      0.000      0.001      0.000      0.000      0.004      0.000      0.002     -0.002      0.005      0.001      0.002     -0.004      0.002      0.000     -0.001     -0.001      0.000      0.001      0.000      0.000     -0.002      0.000
    -0.072     -0.024     -0.029     -0.009     -0.003      0.022     -0.037     -0.013     -0.005      0.081     -0.022      0.001      0.042      0.001      0.047      0.099     -0.003      0.002     -0.001     -0.012      0.000     -0.001      0.002     -0.001     -0.001      0.001      0.000      0.000     -0.002      0.001      0.011      0.000      0.001      0.001     -0.016      0.005     -0.009      0.000      0.003      0.006      0.001     -0.002      0.000      0.000     -0.003     -0.001
    -0.028     -0.058     -0.001      0.011      0.008     -0.013      0.016      0.033     -0.029     -0.048     -0.019      0.003      0.001      0.029      0.051     -0.030      0.101      0.004      0.012      0.001      0.008     -0.006      0.001      0.000      0.012      0.000      0.000      0.000      0.001      0.001     -0.003     -0.005     -0.003      0.003     -0.021      0.000      0.011     -0.001     -0.004     -0.008     -0.001      0.002      0.000     -0.002      0.000      0.000
     0.007     -0.039      0.068      0.015     -0.031      0.029      0.017     -0.103      0.105     -0.002     -0.007      0.009     -0.023     -0.078     -0.005      0.028      0.057      0.043     -0.001     -0.008      0.000     -0.001      0.001     -0.001     -0.003      0.000      0.000      0.000      0.000      0.000      0.000      0.002      0.004      0.000     -0.006     -0.001     -0.001      0.000      0.001      0.002      0.000      0.000      0.000      0.000      0.001      0.000
     0.006     -0.028     -0.028     -0.094      0.061      0.037      0.120     -0.001      0.078     -0.059      0.030     -0.084     -0.087     -0.041     -0.044     -0.003      0.075     -0.007      0.248     -0.007      0.004     -0.018      0.004      0.004      0.009      0.003     -0.004      0.000      0.006      0.000     -0.007     -0.003     -0.007      0.010     -0.019     -0.004     -0.003      0.001      0.003      0.009     -0.001     -0.002      0.000     -0.003     -0.006      0.000
    -0.006     -0.028     -0.004     -0.003     -0.066      0.000      0.011      0.024     -0.045      0.012      0.074     -0.006      0.010      0.069      0.035     -0.040      0.002     -0.041     -0.015      0.829     -0.004      0.013      0.005     -0.012     -0.014      0.005      0.012      0.000      0.041      0.005      0.003      0.003      0.005     -0.002      0.176     -0.006      0.003     -0.004     -0.005     -0.009     -0.001      0.005      0.000      0.011     -0.009      0.003
     0.017     -0.046      0.007     -0.060      0.031      0.037     -0.072     -0.108     -0.045      0.015     -0.157      0.174      0.023     -0.031     -0.021      0.006      0.089      0.008      0.030     -0.017      0.071     -0.001      0.000      0.000      0.006      0.000      0.000      0.000      0.001      0.000      0.003      0.002      0.002      0.000      0.001      0.009      0.003     -0.001     -0.001     -0.002      0.000      0.001      0.000      0.002     -0.002      0.001
    -0.001     -0.050     -0.042      0.055     -0.059      0.034      0.038      0.054     -0.024     -0.021      0.000     -0.028     -0.014      0.056     -0.004     -0.018     -0.075     -0.018     -0.142      0.056     -0.020      0.063     -0.003     -0.024     -0.068     -0.004      0.015      0.000      0.004      0.002      0.004      0.003      0.001     -0.003      0.009     -0.001      0.002     -0.001      0.000     -0.002      0.000      0.000      0.000      0.001      0.001      0.000
    -0.057     -0.013      0.066     -0.078     -0.039      0.014      0.019     -0.028      0.072      0.025      0.010     -0.039      0.014      0.023     -0.042      0.129      0.035      0.088      0.151      0.094     -0.004     -0.201      0.003      0.000     -0.001      0.000      0.000      0.000     -0.001      0.000      0.000      0.000      0.000      0.000     -0.001      0.001      0.000      0.000      0.000      0.000      0.000      0.000      0.000      0.000      0.000      0.000
     0.033      0.019      0.000     -0.033      0.057     -0.043     -0.069     -0.069      0.013      0.030     -0.034      0.064      0.040     -0.079      0.000     -0.028      0.000     -0.022      0.076     -0.117      0.014     -0.829     -0.059      0.014      0.027      0.002     -0.009      0.000     -0.002     -0.001     -0.002     -0.002      0.000      0.001     -0.004      0.000     -0.001      0.000      0.000      0.001      0.000      0.000      0.000      0.000      0.000      0.000
     0.013      0.032      0.009     -0.002      0.069     -0.027     -0.074     -0.060     -0.018      0.048     -0.039      0.072     -0.017     -0.008     -0.002     -0.005      0.114     -0.040      0.054     -0.046      0.064     -0.786     -0.066      0.676      0.118      0.003     -0.017      0.000     -0.006      0.000     -0.001     -0.002     -0.001      0.008     -0.011      0.003     -0.001      0.001      0.000      0.002      0.000      0.000      0.000      0.000      0.000      0.000
     0.011     -0.008      0.013     -0.033      0.019      0.032     -0.006      0.033     -0.077     -0.030     -0.010      0.024      0.020     -0.004      0.081      0.060      0.022      0.031      0.106      0.093     -0.021     -0.265      0.079      0.251      0.161      0.003     -0.001      0.000      0.003      0.000      0.000     -0.001      0.000      0.001      0.004      0.000     -0.001      0.000      0.000      0.001      0.000      0.000      0.000      0.000      0.000      0.000
    -0.032     -0.003      0.014      0.028     -0.058      0.031      0.052      0.061     -0.013     -0.025      0.044     -0.051     -0.037      0.076     -0.004      0.008     -0.006      0.010     -0.091      0.157     -0.010      0.740      0.044     -0.961     -0.602     -0.333      0.007      0.000      0.001      0.000      0.001      0.001      0.000     -0.001      0.003     -0.001      0.000      0.000      0.000      0.000      0.000      0.000      0.000      0.000      0.000      0.000
     0.017     -0.039     -0.008      0.030      0.072     -0.007      0.004     -0.024      0.011      0.009     -0.040      0.013     -0.054      0.025     -0.023     -0.030      0.068      0.032     -0.076     -0.192      0.010      0.147     -0.199     -0.145      0.079     -0.287      0.090      0.000      0.000      0.000      0.000      0.000      0.000      0.000      0.000      0.000      0.000      0.000      0.000      0.000      0.000      0.000      0.000      0.000      0.000      0.000
     0.029     -0.014     -0.043     -0.060     -0.057      0.024      0.032      0.052     -0.042     -0.055      0.041     -0.018      0.056      0.052      0.099     -0.030      0.014      0.002      0.053      0.185      0.020      0.063     -0.067     -0.056     -0.076      0.229      0.040     -0.441      0.061      0.001      0.002      0.002     -0.001     -0.003     -0.006     -0.003     -0.001     -0.001      0.001      0.002      0.000      0.000      0.000      0.001      0.000      0.000
     0.034      0.041     -0.036      0.039     -0.051      0.018     -0.019     -0.019      0.020      0.041     -0.013      0.003     -0.013      0.050     -0.010      0.069      0.060     -0.030     -0.004      0.096     -0.029      0.133      0.146     -0.134     -0.022      0.090      0.060      0.180      0.063      0.003      0.000      0.000      0.000      0.001     -0.001      0.000      0.000      0.000      0.000      0.000      0.000      0.000      0.000      0.000      0.000      0.000
    -0.082      0.051      0.035      0.010     -0.008     -0.044     -0.061     -0.056     -0.003      0.065     -0.112      0.068      0.030      0.067      0.038      0.142     -0.045      0.008     -0.057      0.013      0.051      0.068      0.024     -0.063     -0.010     -0.010      0.050      0.027      0.026     -0.001      0.056      0.002      0.003      0.001      0.012      0.003     -0.001      0.000     -0.002      0.000      0.001      0.001      0.000      0.003      0.004      0.001
    -0.016     -0.015      0.013      0.027     -0.026      0.003     -0.030     -0.003      0.000     -0.038     -0.035      0.042      0.009     -0.029     -0.040      0.004     -0.080      0.043     -0.033      0.018      0.037      0.063     -0.007     -0.061     -0.025     -0.055      0.059      0.012      0.032      0.017      0.049      0.045      0.001      0.000      0.008      0.004      0.001      0.000     -0.002     -0.003      0.000      0.002      0.000      0.002     -0.001      0.001
     0.002     -0.014     -0.005      0.024     -0.029      0.002     -0.068      0.002     -0.047     -0.001      0.018      0.059      0.067      0.098      0.094      0.006     -0.026      0.068     -0.048      0.018      0.029      0.012     -0.003     -0.010     -0.012      0.029      0.013     -0.024     -0.012     -0.003      0.045      0.016      0.092      0.000      0.006     -0.001     -0.001     -0.001     -0.001     -0.003      0.000      0.000      0.000      0.004     -0.006     -0.001
     0.008      0.023      0.056      0.094      0.022     -0.012     -0.024     -0.014     -0.019      0.063     -0.040      0.014     -0.022      0.021      0.031      0.008      0.033     -0.001      0.070     -0.006      0.004     -0.044      0.022      0.027      0.084      0.072     -0.046      0.023     -0.048      0.078      0.017      0.005      0.006      0.074      0.001      0.005      0.000      0.000      0.000     -0.001      0.001      0.000      0.000      0.002      0.000      0.001
    -0.006      0.031     -0.032     -0.015      0.040      0.072     -0.015      0.094     -0.120      0.040     -0.013      0.009     -0.034      0.025      0.012     -0.069     -0.090     -0.041     -0.051      0.260      0.005      0.050     -0.023     -0.044     -0.044      0.112      0.051     -0.081     -0.035     -0.021      0.071      0.052      0.025      0.004      0.552     -0.002     -0.019     -0.004      0.002      0.018     -0.001      0.000      0.000      0.016      0.027      0.001
     0.002     -0.033     -0.036      0.043     -0.021     -0.065     -0.001     -0.072      0.046      0.043     -0.065      0.017      0.080     -0.061     -0.059      0.047     -0.001     -0.008     -0.025     -0.020      0.100     -0.008      0.047     -0.004      0.024     -0.001     -0.018      0.034     -0.029     -0.020      0.039      0.056     -0.005      0.055     -0.008      0.123     -0.004      0.000      0.000      0.003     -0.001      0.000      0.000      0.002      0.002      0.000
     0.005     -0.048     -0.008      0.018      0.009     -0.084      0.067     -0.022      0.046     -0.058      0.022     -0.031      0.023     -0.006      0.044     -0.114      0.134     -0.019     -0.020      0.012      0.044      0.031     -0.007     -0.039     -0.009     -0.042      0.019      0.079     -0.012      0.023     -0.015      0.027     -0.009     -0.003     -0.102     -0.046      0.061     -0.001     -0.025     -0.065     -0.003      0.016      0.000     -0.001      0.004      0.001
     0.002      0.006      0.032      0.047      0.081      0.019     -0.030     -0.038      0.029      0.022     -0.022      0.028      0.027     -0.053     -0.004      0.034     -0.038     -0.007      0.035     -0.096     -0.086     -0.053     -0.039      0.051      0.039     -0.070     -0.044      0.049     -0.062      0.019      0.002      0.011     -0.090     -0.031     -0.110     -0.025     -0.076      0.002     -0.001     -0.001      0.000      0.000      0.000     -0.002     -0.001      0.000
    -0.010      0.055      0.014     -0.043     -0.011      0.094     -0.017      0.044     -0.044      0.027     -0.013     -0.004     -0.053     -0.023     -0.060      0.090     -0.105      0.034      0.053     -0.048     -0.043     -0.013      0.049      0.016     -0.010      0.047     -0.002     -0.079      0.021     -0.023     -0.069     -0.094     -0.017     -0.012      0.025     -0.011     -0.861     -0.095      0.014      0.027      0.001     -0.009      0.000      0.000     -0.001     -0.001
     0.001      0.041     -0.008     -0.021     -0.009      0.046     -0.032      0.022     -0.024      0.016      0.006      0.006     -0.019      0.014     -0.025      0.056     -0.081      0.032      0.054     -0.031     -0.029     -0.023      0.014      0.026      0.015      0.067     -0.014     -0.091      0.028     -0.026     -0.003     -0.049     -0.029     -0.017      0.074      0.028     -0.823     -0.064      0.706      0.101      0.002     -0.016      0.000      0.001     -0.008     -0.001
    -0.018      0.012     -0.030     -0.033      0.012      0.038      0.019      0.019     -0.024     -0.044      0.015      0.004      0.026      0.017     -0.014      0.113     -0.044     -0.003     -0.030     -0.040      0.012      0.028      0.020      0.003     -0.025      0.035     -0.018      0.017      0.010      0.063      0.103      0.018      0.007      0.073     -0.043     -0.050     -0.274      0.188      0.167      0.211      0.001     -0.001      0.000      0.000      0.000      0.000
     0.009     -0.067     -0.017      0.041      0.011     -0.084      0.005     -0.048      0.050     -0.008      0.019      0.002      0.051      0.022      0.055     -0.087      0.089     -0.023     -0.056      0.071      0.035      0.004     -0.059     -0.008      0.015     -0.030     -0.001      0.059     -0.022      0.014      0.052      0.089      0.020     -0.018      0.006      0.013      0.781      0.071     -0.963     -0.640     -0.267      0.006      0.000      0.000      0.001      0.000
    -0.008      0.017     -0.034     -0.030     -0.090     -0.081      0.063     -0.020      0.050     -0.109      0.048     -0.009     -0.012      0.026      0.033     -0.054      0.050     -0.016     -0.081     -0.004      0.018      0.042      0.013     -0.062     -0.029     -0.078      0.055      0.035     -0.006      0.016     -0.099     -0.039      0.010      0.001     -0.156      0.013      0.241     -0.156     -0.188     -0.024     -0.019      0.096      0.000      0.000      0.000      0.000
    -0.032      0.025     -0.042     -0.007     -0.066     -0.027     -0.032      0.032     -0.052      0.036     -0.010      0.005      0.003      0.039      0.012      0.016     -0.071     -0.029     -0.073      0.161      0.079      0.026      0.002     -0.017     -0.011      0.038      0.021     -0.030      0.069     -0.028      0.171      0.115      0.189      0.116      0.279      0.089     -0.050     -0.634      0.051      0.023     -0.035     -0.047     -0.084      0.006      0.000      0.000
    -0.018      0.044      0.054      0.021      0.052      0.050      0.023      0.019      0.003      0.074     -0.022     -0.058      0.009     -0.022     -0.050     -0.037      0.000      0.023     -0.049     -0.042     -0.032      0.022     -0.014      0.013     -0.002      0.020     -0.018     -0.052      0.008     -0.025      0.071     -0.023     -0.083     -0.003      0.159      0.028      0.067     -0.055     -0.035     -0.109      0.011      0.037     -0.372     -0.001      0.054      0.001
    -0.037      0.006     -0.012     -0.009     -0.021     -0.024      0.064     -0.046      0.090      0.018      0.016     -0.054      0.016      0.047     -0.035     -0.058      0.002     -0.019     -0.006      0.077      0.073      0.014     -0.004      0.003      0.005     -0.018     -0.010     -0.026      0.009      0.004      0.103      0.064     -0.103      0.081      0.046     -0.006      0.115      0.125     -0.189     -0.066      0.251      0.118      0.178      0.013      0.078      0.002

Derivative matrix of expected statistics X by parameters and
covariance/correlation matrix of X can be found using
summary(ans) within R, or by using the 'verbose' option in Siena07.
 
Total computation time 1468.79 seconds.


-----------------------------------
New Analysis started.
Date and time: 09/12/2020 10:55:15
New results follow.
-----------------------------------

RSiena version 1.2-12 (12 May 18)


@1
Estimation by stochastic approximation algorithm.
=================================================

Current random number seed is 133.
Effects object used: sysEff 
Model Type:
 
Behavioral Model Type:
Behavior 1 depNetI : 
Behavior 2 depNetR : 
Estimation method: unconditional moment estimation.

Time duration for simulations in each period is 1.0.
Standard errors are estimated with the likelihood ratio method.
Dolby method (regression on scores) is used.
Initial value of gain parameter is  0.3394113.
Reduction factor for gain parameter is  0.5000000.
Number of subphases in Phase 2 is 5.

Initial parameter values are 
  1. rate:  constant depMMC rate (period 1)                 1.4659
  2. rate:  constant depMMC rate (period 2)                 0.8313
  3. rate:  constant depMMC rate (period 3)                 1.4025
  4. rate:  constant depMMC rate (period 4)                 0.9583
  5. rate:  constant depMMC rate (period 5)                 1.0217
  6. rate:  constant depMMC rate (period 6)                 1.9736
  7. eval:  degree (density)                               -0.7335
  8. eval:  transitive triads                               0.0000
  9. endow:  transitive triads                              0.0000
 10. eval:  transitive ties                                 0.0000
 11. eval:  number of actor pairs at dist 2                 0.0000
 12. eval:  degree^(1/2) assortativity                      0.0000
 13. eval:  covCatSim                                       0.0000
 14. eval:  covAge ego                                      0.0000
 15. eval:  depNetR ego                                     0.0000
 16. rate:  rate depNetI (period 1)                         0.4437
 17. rate:  rate depNetI (period 2)                         0.5238
 18. rate:  rate depNetI (period 3)                         0.3500
 19. rate:  rate depNetI (period 4)                         0.5672
 20. rate:  rate depNetI (period 5)                         0.7121
 21. rate:  rate depNetI (period 6)                         0.4750
 22. eval:  depNetI linear shape                            0.0863
 23. eval:  depNetI quadratic shape                         0.0000
 24. eval:  depNetI degree                                  0.0000
 25. eval:  depNetI isolate                                 0.0000
 26. eval:  depNetI total alter                             0.0000
 27. eval:  depNetI dense triads                            0.0000
 28. eval:  depNetI: effect from covEmploy                  0.0000
 29. eval:  depNetI: effect from covSales                   0.0000
 30. eval:  depNetI: effect from covSlack                   0.0000
 31. rate:  rate depNetR (period 1)                         0.4594
 32. rate:  rate depNetR (period 2)                         0.4281
 33. rate:  rate depNetR (period 3)                         0.5672
 34. rate:  rate depNetR (period 4)                         0.4906
 35. rate:  rate depNetR (period 5)                         0.8413
 36. rate:  rate depNetR (period 6)                         0.5844
 37. eval:  depNetR linear shape                            0.1394
 38. eval:  depNetR quadratic shape                         0.0000
 39. eval:  depNetR degree                                  0.0000
 40. eval:  depNetR isolate                                 0.0000
 41. eval:  depNetR total alter                             0.0000
 42. eval:  depNetR dense triads                            0.0000
 43. eval:  depNetR: effect from covEmploy                  0.0000
 44. eval:  depNetR: effect from covAcqExper                0.0000
 45. eval:  depNetR: effect from covSales                   0.0000
 46. eval:  depNetR: effect from covSlack                   0.0000


Observed values of target statistics are
  1. Amount of network change in period 1                                46.0000
  2. Amount of network change in period 2                                26.0000
  3. Amount of network change in period 3                                44.0000
  4. Amount of network change in period 4                                30.0000
  5. Amount of network change in period 5                                32.0000
  6. Amount of network change in period 6                                62.0000
  7. Number of edges                                                    533.0000
  8. Number of transitive triads                                        299.0000
  9. Lost ties: Number of transitive triads                              12.0000
 10. Number of ties with transitive closure                             814.0000
 11. Number of dists equal to 2                                        1785.0000
 12. Sum of degree^(1/2) products                                      6464.4028
 13. Sum of ties x covCatSim                                             46.7598
 14. Sum of degrees x covAge                                           8869.9688
 15. Sum of degrees x depNetR                                           198.1607
 16. Amount of behavioral change in period 1 on depNetI                  22.0000
 17. Amount of behavioral change in period 2 on depNetI                  26.0000
 18. Amount of behavioral change in period 3 on depNetI                  16.0000
 19. Amount of behavioral change in period 4 on depNetI                  29.0000
 20. Amount of behavioral change in period 5 on depNetI                  37.0000
 21. Amount of behavioral change in period 6 on depNetI                  24.0000
 22. depNetI centered sum                                                 8.4286
 23. depNetI sum of cent. squares                                       415.6199
 24. depNetI outdegrees                                                 228.1964
 25. depNetI isolate                                                     -2.2589
 26. depNetI total alters                                                 6.8723
 27. depNetI dense triads                                               233.6429
 28. depNetI x covEmploy                                               11217.0639
 29. depNetI x covSales                                                  24.6084
 30. depNetI x covSlack                                                -122.8730
 31. Amount of behavioral change in period 1 on depNetR                  23.0000
 32. Amount of behavioral change in period 2 on depNetR                  21.0000
 33. Amount of behavioral change in period 3 on depNetR                  27.0000
 34. Amount of behavioral change in period 4 on depNetR                  25.0000
 35. Amount of behavioral change in period 5 on depNetR                  42.0000
 36. Amount of behavioral change in period 6 on depNetR                  31.0000
 37. depNetR centered sum                                                17.8571
 38. depNetR sum of cent. squares                                       735.8903
 39. depNetR outdegrees                                                 293.7679
 40. depNetR isolate                                                      8.1696
 41. depNetR total alters                                               -95.7017
 42. depNetR dense triads                                               309.7857
 43. depNetR x covEmploy                                               14557.3324
 44. depNetR x covAcqExper                                              510.2002
 45. depNetR x covSales                                                  44.5158
 46. depNetR x covSlack                                                -110.4979

 46 parameters, 46 statistics

Estimation of derivatives by the LR method (type 1).


@2
End of stochastic approximation algorithm, phase 3.
---------------------------------------------------

Total of 18017 iterations.
Parameter estimates based on 17017 iterations,
convergence diagnostics, covariance and derivative matrices based on 1000 iterations.

Information for convergence diagnosis.
Averages, standard deviations, and t-ratios for deviations from targets:
  1.   0.1460    9.1285   0.0160 
  2.  -0.1380    7.2203  -0.0191 
  3.  -0.3720    9.4250  -0.0395 
  4.   0.2000    7.8530   0.0255 
  5.   0.5260    7.9265   0.0664 
  6.  -0.0560   10.7279  -0.0052 
  7.   0.0130   11.2856   0.0012 
  8.   0.4200   17.5840   0.0239 
  9.  -0.0553    3.1031  -0.0178 
 10.   0.1780   28.7084   0.0062 
 11.  -2.1500   61.3180  -0.0351 
 12.  -0.0511  229.3802  -0.0002 
 13.  -0.0947    3.9093  -0.0242 
 14.   1.2572  473.7638   0.0027 
 15.  -0.5064   23.5544  -0.0215 
 16.  -0.1970    4.1271  -0.0477 
 17.  -0.2660    4.4498  -0.0598 
 18.   0.0770    3.8707   0.0199 
 19.   0.0440    4.7888   0.0092 
 20.   0.2600    4.9119   0.0529 
 21.  -0.2220    4.3754  -0.0507 
 22.  -0.0260   12.1060  -0.0021 
 23.   0.3065   24.0925   0.0127 
 24.  -0.1390   47.8756  -0.0029 
 25.  -0.0290    6.4787  -0.0045 
 26.  -1.8700   46.7516  -0.0400 
 27.  -0.3480   51.2864  -0.0068 
 28. -21.9387 1097.8707  -0.0200 
 29.  -0.2185    4.8974  -0.0446 
 30.  -0.0059   19.5866  -0.0003 
 31.   0.0860    4.2866   0.0201 
 32.   0.1410    4.1558   0.0339 
 33.   0.0030    4.5334   0.0007 
 34.  -0.0650    4.4050  -0.0148 
 35.  -0.0080    5.3528  -0.0015 
 36.  -0.2490    4.8751  -0.0511 
 37.  -0.2400   13.1542  -0.0182 
 38.   0.1074   35.2084   0.0031 
 39.  -0.5530   53.6935  -0.0103 
 40.  -0.1780    7.3490  -0.0242 
 41.   0.1616   64.9847   0.0025 
 42.  -0.2790   59.0202  -0.0047 
 43.  43.9732 1122.3037   0.0392 
 44.   0.2561   20.5248   0.0125 
 45.   0.0657    4.9923   0.0132 
 46.  -0.4317   24.6052  -0.0175 

Good convergence is indicated by the t-ratios being close to zero.

Overall maximum convergence ratio =  0.2073 .



@2
Estimation Results.
-------------------

Regular end of estimation algorithm.
Total of 18017 iteration steps.


@3
Estimates and standard errors
                             
Network Dynamics
 1. rate:  constant depMMC rate (period 1)                         0.4735  (   0.1126)
 2. rate:  constant depMMC rate (period 2)                         0.2508  (   0.0719)
 3. rate:  constant depMMC rate (period 3)                         0.4532  (   0.1051)
 4. rate:  constant depMMC rate (period 4)                         0.2723  (   0.0715)
 5. rate:  constant depMMC rate (period 5)                         0.2950  (   0.0776)
 6. rate:  constant depMMC rate (period 6)                         0.5839  (   0.1124)
 7. eval:  degree (density)                                       -3.2250  (   0.4090)
 8. eval:  transitive triads                                       1.1538  (   0.3778)
 9. endow: transitive triads                                      -2.0014  (   0.6110)
10. eval:  transitive ties                                         1.0483  (   0.3073)
11. eval:  number of actor pairs at dist 2                        -0.0019  (   0.0442)
12. eval:  degree^(1/2) assortativity                              0.1564  (   0.1005)
13. eval:  covCatSim                                               1.6002  (   0.6269)
14. eval:  covAge ego                                              0.0099  (   0.0068)
15. eval:  depNetR ego                                             0.1364  (   0.1767)
Behavior Dynamics

16. rate:  <1> rate depNetI (period 1)                             1.0606  (   0.3147)
17. rate:  <1> rate depNetI (period 2)                             1.2154  (   0.3176)
18. rate:  <1> rate depNetI (period 3)                             0.6990  (   0.2069)
19. rate:  <1> rate depNetI (period 4)                             1.6324  (   0.4981)
20. rate:  <1> rate depNetI (period 5)                             2.3512  (   0.9104)
21. rate:  <1> rate depNetI (period 6)                             1.0827  (   0.2674)
22. eval:  <1> depNetI linear shape                               -0.7562  (   0.2511)
23. eval:  <1> depNetI quadratic shape                             0.0849  (   0.0558)
24. eval:  <1> depNetI degree                                      0.0429  (   0.1176)
25. eval:  <1> depNetI isolate                                     0.0798  (   0.3429)
26. eval:  <1> depNetI total alter                                -0.0512  (   0.0537)
27. eval:  <1> depNetI dense triads                               -0.0023  (   0.0818)
28. eval:  <1> depNetI: effect from covEmploy                      0.0016  (   0.0013)
29. eval:  <1> depNetI: effect from covSales                      -0.2469  (   0.2461)
30. eval:  <1> depNetI: effect from covSlack                      -0.0809  (   0.0581)
31. rate:  <2> rate depNetR (period 1)                             0.9275  (   0.2372)
32. rate:  <2> rate depNetR (period 2)                             0.7862  (   0.2125)
33. rate:  <2> rate depNetR (period 3)                             1.1451  (   0.3032)
34. rate:  <2> rate depNetR (period 4)                             0.9488  (   0.2728)
35. rate:  <2> rate depNetR (period 5)                             2.3343  (   0.7426)
36. rate:  <2> rate depNetR (period 6)                             1.3555  (   0.3513)
37. eval:  <2> depNetR linear shape                               -0.4028  (   0.2474)
38. eval:  <2> depNetR quadratic shape                            -0.0629  (   0.0455)
39. eval:  <2> depNetR degree                                      0.0718  (   0.1193)
40. eval:  <2> depNetR isolate                                     0.0878  (   0.3171)
41. eval:  <2> depNetR total alter                                -0.0458  (   0.0372)
42. eval:  <2> depNetR dense triads                               -0.0280  (   0.0805)
43. eval:  <2> depNetR: effect from covEmploy                      0.0006  (   0.0012)
44. eval:  <2> depNetR: effect from covAcqExper                    0.1402  (   0.0781)
45. eval:  <2> depNetR: effect from covSales                      -0.0397  (   0.2317)
46. eval:  <2> depNetR: effect from covSlack                      -0.0155  (   0.0439)


@3
Covariance matrices
                   
Covariance matrix of estimates (correlations below diagonal):
     0.013      0.000      0.000      0.001      0.000      0.000     -0.007     -0.003     -0.001      0.002      0.000      0.001     -0.003      0.000     -0.001     -0.003     -0.001      0.000      0.000     -0.001      0.001      0.000      0.000      0.000      0.000      0.000      0.000      0.000      0.001      0.000     -0.002      0.000      0.000      0.000     -0.001      0.000      0.000      0.000      0.000      0.000      0.000      0.000      0.000      0.000      0.000      0.000
     0.010      0.005      0.000      0.000      0.000      0.000     -0.004     -0.002      0.003      0.003      0.000      0.000     -0.002      0.000     -0.001     -0.001     -0.001     -0.001     -0.001     -0.002     -0.001     -0.001      0.000      0.000      0.001      0.000      0.000      0.000      0.000      0.000      0.001      0.000      0.000      0.000      0.002     -0.001     -0.001      0.000      0.000      0.001      0.000      0.000      0.000      0.000      0.001      0.000
     0.011      0.017      0.011      0.000      0.000     -0.001     -0.005     -0.003      0.002      0.003      0.000      0.001     -0.001      0.000     -0.001     -0.001      0.000      0.001     -0.001      0.000      0.000     -0.001      0.000      0.000      0.000      0.000      0.000      0.000     -0.001      0.000      0.001      0.000      0.000      0.002     -0.003     -0.001      0.000      0.000      0.000      0.000      0.000      0.000      0.000      0.000      0.001      0.000
     0.065     -0.004      0.061      0.005      0.000      0.000     -0.001      0.001     -0.002      0.000      0.000      0.000      0.000      0.000      0.000      0.000      0.000      0.000     -0.003      0.000     -0.001      0.001      0.000      0.000      0.000      0.000      0.000      0.000     -0.001      0.000      0.000      0.000      0.001      0.002     -0.001      0.001      0.000      0.000      0.000      0.000      0.000      0.000      0.000      0.000      0.000      0.000
    -0.014     -0.020      0.029      0.011      0.006      0.000     -0.001      0.000     -0.001      0.001      0.000      0.000     -0.001      0.000     -0.001      0.000      0.000      0.000      0.002     -0.005      0.001     -0.001      0.000      0.001      0.002      0.000      0.000      0.000     -0.001      0.000      0.000      0.000     -0.001      0.000      0.002     -0.001      0.000      0.000      0.000      0.000      0.000      0.000      0.000      0.000      0.001      0.000
     0.016     -0.018     -0.082      0.012      0.054      0.013     -0.002      0.003     -0.007     -0.001      0.000      0.000     -0.001      0.000      0.000      0.001      0.000      0.001      0.002      0.000      0.001      0.001      0.000     -0.001     -0.001      0.000      0.000      0.000      0.001      0.000     -0.001      0.000      0.000      0.000      0.006     -0.003     -0.002      0.000      0.001      0.002      0.000     -0.001      0.000      0.000      0.001      0.000
    -0.151     -0.138     -0.126     -0.028     -0.038     -0.045      0.167      0.045      0.053     -0.059      0.006     -0.029     -0.041      0.000      0.002     -0.005      0.002      0.001      0.024      0.004     -0.008      0.004      0.000     -0.003     -0.010      0.000      0.002      0.000      0.003      0.000     -0.006     -0.003     -0.008     -0.003     -0.005      0.000      0.007     -0.001     -0.001     -0.004      0.000      0.000      0.000     -0.001      0.002      0.001
    -0.080     -0.064     -0.063      0.047      0.011      0.072      0.292      0.143     -0.151     -0.047      0.005     -0.016     -0.015      0.000      0.014     -0.001      0.004     -0.008      0.000      0.008     -0.011      0.005     -0.001     -0.003     -0.008      0.001      0.002      0.000      0.005      0.000     -0.005      0.000      0.000     -0.001      0.026     -0.010     -0.002     -0.001      0.002      0.003      0.000     -0.001      0.000      0.001      0.002     -0.001
    -0.012      0.068      0.024     -0.044     -0.018     -0.095      0.213     -0.656      0.373      0.047      0.007     -0.021     -0.021      0.000     -0.030     -0.001     -0.006      0.013      0.024     -0.025     -0.007     -0.004      0.002      0.001     -0.004     -0.003     -0.001      0.000     -0.006      0.001      0.000      0.000     -0.009     -0.003     -0.055      0.010      0.007      0.001     -0.003     -0.005     -0.001      0.002      0.000     -0.002      0.000      0.002
     0.067      0.116      0.089      0.007      0.035     -0.015     -0.467     -0.407      0.249      0.094     -0.002      0.001      0.022      0.000     -0.004      0.008     -0.005      0.000     -0.009      0.003      0.001     -0.002      0.000      0.001      0.005      0.000     -0.001      0.000     -0.004      0.001      0.005     -0.002      0.000      0.005      0.009      0.005     -0.004      0.000      0.001      0.002     -0.001      0.000      0.000      0.001      0.005      0.000
    -0.067      0.028     -0.068     -0.012     -0.018     -0.012      0.355      0.310      0.272     -0.140      0.002     -0.003     -0.005      0.000      0.001      0.000      0.000      0.000      0.001      0.003     -0.002      0.000      0.000      0.000     -0.001      0.000      0.000      0.000      0.000      0.000     -0.001      0.000      0.000      0.000      0.000     -0.001      0.000      0.000      0.000      0.000      0.000      0.000      0.000      0.000      0.000      0.000
     0.132      0.023      0.056     -0.003      0.003      0.026     -0.714     -0.412     -0.336      0.018     -0.689      0.010      0.008      0.000      0.000      0.000      0.000      0.000     -0.004     -0.001      0.005     -0.001      0.000      0.001      0.002      0.000      0.000      0.000      0.000      0.000      0.002      0.001      0.002      0.000      0.001      0.001     -0.001      0.000      0.000      0.000      0.000      0.000      0.000      0.000     -0.001      0.000
    -0.040     -0.045     -0.014      0.004     -0.022     -0.011     -0.159     -0.063     -0.055      0.116     -0.194      0.120      0.393      0.000      0.026      0.008      0.000     -0.003     -0.027      0.006      0.004     -0.002      0.001      0.003     -0.004      0.001     -0.002      0.000      0.009      0.000      0.004      0.001      0.013     -0.004     -0.016      0.018      0.004      0.001     -0.004     -0.004      0.001      0.003      0.000      0.000      0.001      0.000
     0.008     -0.007      0.021      0.034     -0.002      0.033     -0.131     -0.006     -0.103      0.136     -0.033      0.094      0.094      0.000      0.000      0.000      0.000      0.000      0.000      0.000      0.000      0.000      0.000      0.000      0.000      0.000      0.000      0.000      0.000      0.000      0.000      0.000      0.000      0.000      0.000      0.000      0.000      0.000      0.000      0.000      0.000      0.000      0.000      0.000      0.000      0.000
    -0.045     -0.100     -0.064     -0.001     -0.053     -0.020      0.027      0.203     -0.277     -0.075      0.084      0.017      0.234      0.174      0.031      0.003      0.003      0.000     -0.004      0.006     -0.001      0.000      0.000      0.000      0.000      0.001      0.000      0.000      0.004      0.000      0.002     -0.002      0.005      0.001      0.002     -0.004      0.002      0.000     -0.001     -0.001      0.000      0.001      0.000      0.000     -0.002      0.000
    -0.072     -0.024     -0.029     -0.009     -0.003      0.022     -0.037     -0.013     -0.005      0.081     -0.022      0.001      0.042      0.001      0.047      0.099     -0.003      0.002     -0.001     -0.012      0.000     -0.001      0.002     -0.001     -0.001      0.001      0.000      0.000     -0.002      0.001      0.011      0.000      0.001      0.001     -0.016      0.005     -0.009      0.000      0.003      0.006      0.001     -0.002      0.000      0.000     -0.003     -0.001
    -0.028     -0.058     -0.001      0.011      0.008     -0.013      0.016      0.033     -0.029     -0.048     -0.019      0.003      0.001      0.029      0.051     -0.030      0.101      0.004      0.012      0.001      0.008     -0.006      0.001      0.000      0.012      0.000      0.000      0.000      0.001      0.001     -0.003     -0.005     -0.003      0.003     -0.021      0.000      0.011     -0.001     -0.004     -0.008     -0.001      0.002      0.000     -0.002      0.000      0.000
     0.007     -0.039      0.068      0.015     -0.031      0.029      0.017     -0.103      0.105     -0.002     -0.007      0.009     -0.023     -0.078     -0.005      0.028      0.057      0.043     -0.001     -0.008      0.000     -0.001      0.001     -0.001     -0.003      0.000      0.000      0.000      0.000      0.000      0.000      0.002      0.004      0.000     -0.006     -0.001     -0.001      0.000      0.001      0.002      0.000      0.000      0.000      0.000      0.001      0.000
     0.006     -0.028     -0.028     -0.094      0.061      0.037      0.120     -0.001      0.078     -0.059      0.030     -0.084     -0.087     -0.041     -0.044     -0.003      0.075     -0.007      0.248     -0.007      0.004     -0.018      0.004      0.004      0.009      0.003     -0.004      0.000      0.006      0.000     -0.007     -0.003     -0.007      0.010     -0.019     -0.004     -0.003      0.001      0.003      0.009     -0.001     -0.002      0.000     -0.003     -0.006      0.000
    -0.006     -0.028     -0.004     -0.003     -0.066      0.000      0.011      0.024     -0.045      0.012      0.074     -0.006      0.010      0.069      0.035     -0.040      0.002     -0.041     -0.015      0.829     -0.004      0.013      0.005     -0.012     -0.014      0.005      0.012      0.000      0.041      0.005      0.003      0.003      0.005     -0.002      0.176     -0.006      0.003     -0.004     -0.005     -0.009     -0.001      0.005      0.000      0.011     -0.009      0.003
     0.017     -0.046      0.007     -0.060      0.031      0.037     -0.072     -0.108     -0.045      0.015     -0.157      0.174      0.023     -0.031     -0.021      0.006      0.089      0.008      0.030     -0.017      0.071     -0.001      0.000      0.000      0.006      0.000      0.000      0.000      0.001      0.000      0.003      0.002      0.002      0.000      0.001      0.009      0.003     -0.001     -0.001     -0.002      0.000      0.001      0.000      0.002     -0.002      0.001
    -0.001     -0.050     -0.042      0.055     -0.059      0.034      0.038      0.054     -0.024     -0.021      0.000     -0.028     -0.014      0.056     -0.004     -0.018     -0.075     -0.018     -0.142      0.056     -0.020      0.063     -0.003     -0.024     -0.068     -0.004      0.015      0.000      0.004      0.002      0.004      0.003      0.001     -0.003      0.009     -0.001      0.002     -0.001      0.000     -0.002      0.000      0.000      0.000      0.001      0.001      0.000
    -0.057     -0.013      0.066     -0.078     -0.039      0.014      0.019     -0.028      0.072      0.025      0.010     -0.039      0.014      0.023     -0.042      0.129      0.035      0.088      0.151      0.094     -0.004     -0.201      0.003      0.000     -0.001      0.000      0.000      0.000     -0.001      0.000      0.000      0.000      0.000      0.000     -0.001      0.001      0.000      0.000      0.000      0.000      0.000      0.000      0.000      0.000      0.000      0.000
     0.033      0.019      0.000     -0.033      0.057     -0.043     -0.069     -0.069      0.013      0.030     -0.034      0.064      0.040     -0.079      0.000     -0.028      0.000     -0.022      0.076     -0.117      0.014     -0.829     -0.059      0.014      0.027      0.002     -0.009      0.000     -0.002     -0.001     -0.002     -0.002      0.000      0.001     -0.004      0.000     -0.001      0.000      0.000      0.001      0.000      0.000      0.000      0.000      0.000      0.000
     0.013      0.032      0.009     -0.002      0.069     -0.027     -0.074     -0.060     -0.018      0.048     -0.039      0.072     -0.017     -0.008     -0.002     -0.005      0.114     -0.040      0.054     -0.046      0.064     -0.786     -0.066      0.676      0.118      0.003     -0.017      0.000     -0.006      0.000     -0.001     -0.002     -0.001      0.008     -0.011      0.003     -0.001      0.001      0.000      0.002      0.000      0.000      0.000      0.000      0.000      0.000
     0.011     -0.008      0.013     -0.033      0.019      0.032     -0.006      0.033     -0.077     -0.030     -0.010      0.024      0.020     -0.004      0.081      0.060      0.022      0.031      0.106      0.093     -0.021     -0.265      0.079      0.251      0.161      0.003     -0.001      0.000      0.003      0.000      0.000     -0.001      0.000      0.001      0.004      0.000     -0.001      0.000      0.000      0.001      0.000      0.000      0.000      0.000      0.000      0.000
    -0.032     -0.003      0.014      0.028     -0.058      0.031      0.052      0.061     -0.013     -0.025      0.044     -0.051     -0.037      0.076     -0.004      0.008     -0.006      0.010     -0.091      0.157     -0.010      0.740      0.044     -0.961     -0.602     -0.333      0.007      0.000      0.001      0.000      0.001      0.001      0.000     -0.001      0.003     -0.001      0.000      0.000      0.000      0.000      0.000      0.000      0.000      0.000      0.000      0.000
     0.017     -0.039     -0.008      0.030      0.072     -0.007      0.004     -0.024      0.011      0.009     -0.040      0.013     -0.054      0.025     -0.023     -0.030      0.068      0.032     -0.076     -0.192      0.010      0.147     -0.199     -0.145      0.079     -0.287      0.090      0.000      0.000      0.000      0.000      0.000      0.000      0.000      0.000      0.000      0.000      0.000      0.000      0.000      0.000      0.000      0.000      0.000      0.000      0.000
     0.029     -0.014     -0.043     -0.060     -0.057      0.024      0.032      0.052     -0.042     -0.055      0.041     -0.018      0.056      0.052      0.099     -0.030      0.014      0.002      0.053      0.185      0.020      0.063     -0.067     -0.056     -0.076      0.229      0.040     -0.441      0.061      0.001      0.002      0.002     -0.001     -0.003     -0.006     -0.003     -0.001     -0.001      0.001      0.002      0.000      0.000      0.000      0.001      0.000      0.000
     0.034      0.041     -0.036      0.039     -0.051      0.018     -0.019     -0.019      0.020      0.041     -0.013      0.003     -0.013      0.050     -0.010      0.069      0.060     -0.030     -0.004      0.096     -0.029      0.133      0.146     -0.134     -0.022      0.090      0.060      0.180      0.063      0.003      0.000      0.000      0.000      0.001     -0.001      0.000      0.000      0.000      0.000      0.000      0.000      0.000      0.000      0.000      0.000      0.000
    -0.082      0.051      0.035      0.010     -0.008     -0.044     -0.061     -0.056     -0.003      0.065     -0.112      0.068      0.030      0.067      0.038      0.142     -0.045      0.008     -0.057      0.013      0.051      0.068      0.024     -0.063     -0.010     -0.010      0.050      0.027      0.026     -0.001      0.056      0.002      0.003      0.001      0.012      0.003     -0.001      0.000     -0.002      0.000      0.001      0.001      0.000      0.003      0.004      0.001
    -0.016     -0.015      0.013      0.027     -0.026      0.003     -0.030     -0.003      0.000     -0.038     -0.035      0.042      0.009     -0.029     -0.040      0.004     -0.080      0.043     -0.033      0.018      0.037      0.063     -0.007     -0.061     -0.025     -0.055      0.059      0.012      0.032      0.017      0.049      0.045      0.001      0.000      0.008      0.004      0.001      0.000     -0.002     -0.003      0.000      0.002      0.000      0.002     -0.001      0.001
     0.002     -0.014     -0.005      0.024     -0.029      0.002     -0.068      0.002     -0.047     -0.001      0.018      0.059      0.067      0.098      0.094      0.006     -0.026      0.068     -0.048      0.018      0.029      0.012     -0.003     -0.010     -0.012      0.029      0.013     -0.024     -0.012     -0.003      0.045      0.016      0.092      0.000      0.006     -0.001     -0.001     -0.001     -0.001     -0.003      0.000      0.000      0.000      0.004     -0.006     -0.001
     0.008      0.023      0.056      0.094      0.022     -0.012     -0.024     -0.014     -0.019      0.063     -0.040      0.014     -0.022      0.021      0.031      0.008      0.033     -0.001      0.070     -0.006      0.004     -0.044      0.022      0.027      0.084      0.072     -0.046      0.023     -0.048      0.078      0.017      0.005      0.006      0.074      0.001      0.005      0.000      0.000      0.000     -0.001      0.001      0.000      0.000      0.002      0.000      0.001
    -0.006      0.031     -0.032     -0.015      0.040      0.072     -0.015      0.094     -0.120      0.040     -0.013      0.009     -0.034      0.025      0.012     -0.069     -0.090     -0.041     -0.051      0.260      0.005      0.050     -0.023     -0.044     -0.044      0.112      0.051     -0.081     -0.035     -0.021      0.071      0.052      0.025      0.004      0.552     -0.002     -0.019     -0.004      0.002      0.018     -0.001      0.000      0.000      0.016      0.027      0.001
     0.002     -0.033     -0.036      0.043     -0.021     -0.065     -0.001     -0.072      0.046      0.043     -0.065      0.017      0.080     -0.061     -0.059      0.047     -0.001     -0.008     -0.025     -0.020      0.100     -0.008      0.047     -0.004      0.024     -0.001     -0.018      0.034     -0.029     -0.020      0.039      0.056     -0.005      0.055     -0.008      0.123     -0.004      0.000      0.000      0.003     -0.001      0.000      0.000      0.002      0.002      0.000
     0.005     -0.048     -0.008      0.018      0.009     -0.084      0.067     -0.022      0.046     -0.058      0.022     -0.031      0.023     -0.006      0.044     -0.114      0.134     -0.019     -0.020      0.012      0.044      0.031     -0.007     -0.039     -0.009     -0.042      0.019      0.079     -0.012      0.023     -0.015      0.027     -0.009     -0.003     -0.102     -0.046      0.061     -0.001     -0.025     -0.065     -0.003      0.016      0.000     -0.001      0.004      0.001
     0.002      0.006      0.032      0.047      0.081      0.019     -0.030     -0.038      0.029      0.022     -0.022      0.028      0.027     -0.053     -0.004      0.034     -0.038     -0.007      0.035     -0.096     -0.086     -0.053     -0.039      0.051      0.039     -0.070     -0.044      0.049     -0.062      0.019      0.002      0.011     -0.090     -0.031     -0.110     -0.025     -0.076      0.002     -0.001     -0.001      0.000      0.000      0.000     -0.002     -0.001      0.000
    -0.010      0.055      0.014     -0.043     -0.011      0.094     -0.017      0.044     -0.044      0.027     -0.013     -0.004     -0.053     -0.023     -0.060      0.090     -0.105      0.034      0.053     -0.048     -0.043     -0.013      0.049      0.016     -0.010      0.047     -0.002     -0.079      0.021     -0.023     -0.069     -0.094     -0.017     -0.012      0.025     -0.011     -0.861     -0.095      0.014      0.027      0.001     -0.009      0.000      0.000     -0.001     -0.001
     0.001      0.041     -0.008     -0.021     -0.009      0.046     -0.032      0.022     -0.024      0.016      0.006      0.006     -0.019      0.014     -0.025      0.056     -0.081      0.032      0.054     -0.031     -0.029     -0.023      0.014      0.026      0.015      0.067     -0.014     -0.091      0.028     -0.026     -0.003     -0.049     -0.029     -0.017      0.074      0.028     -0.823     -0.064      0.706      0.101      0.002     -0.016      0.000      0.001     -0.008     -0.001
    -0.018      0.012     -0.030     -0.033      0.012      0.038      0.019      0.019     -0.024     -0.044      0.015      0.004      0.026      0.017     -0.014      0.113     -0.044     -0.003     -0.030     -0.040      0.012      0.028      0.020      0.003     -0.025      0.035     -0.018      0.017      0.010      0.063      0.103      0.018      0.007      0.073     -0.043     -0.050     -0.274      0.188      0.167      0.211      0.001     -0.001      0.000      0.000      0.000      0.000
     0.009     -0.067     -0.017      0.041      0.011     -0.084      0.005     -0.048      0.050     -0.008      0.019      0.002      0.051      0.022      0.055     -0.087      0.089     -0.023     -0.056      0.071      0.035      0.004     -0.059     -0.008      0.015     -0.030     -0.001      0.059     -0.022      0.014      0.052      0.089      0.020     -0.018      0.006      0.013      0.781      0.071     -0.963     -0.640     -0.267      0.006      0.000      0.000      0.001      0.000
    -0.008      0.017     -0.034     -0.030     -0.090     -0.081      0.063     -0.020      0.050     -0.109      0.048     -0.009     -0.012      0.026      0.033     -0.054      0.050     -0.016     -0.081     -0.004      0.018      0.042      0.013     -0.062     -0.029     -0.078      0.055      0.035     -0.006      0.016     -0.099     -0.039      0.010      0.001     -0.156      0.013      0.241     -0.156     -0.188     -0.024     -0.019      0.096      0.000      0.000      0.000      0.000
    -0.032      0.025     -0.042     -0.007     -0.066     -0.027     -0.032      0.032     -0.052      0.036     -0.010      0.005      0.003      0.039      0.012      0.016     -0.071     -0.029     -0.073      0.161      0.079      0.026      0.002     -0.017     -0.011      0.038      0.021     -0.030      0.069     -0.028      0.171      0.115      0.189      0.116      0.279      0.089     -0.050     -0.634      0.051      0.023     -0.035     -0.047     -0.084      0.006      0.000      0.000
    -0.018      0.044      0.054      0.021      0.052      0.050      0.023      0.019      0.003      0.074     -0.022     -0.058      0.009     -0.022     -0.050     -0.037      0.000      0.023     -0.049     -0.042     -0.032      0.022     -0.014      0.013     -0.002      0.020     -0.018     -0.052      0.008     -0.025      0.071     -0.023     -0.083     -0.003      0.159      0.028      0.067     -0.055     -0.035     -0.109      0.011      0.037     -0.372     -0.001      0.054      0.001
    -0.037      0.006     -0.012     -0.009     -0.021     -0.024      0.064     -0.046      0.090      0.018      0.016     -0.054      0.016      0.047     -0.035     -0.058      0.002     -0.019     -0.006      0.077      0.073      0.014     -0.004      0.003      0.005     -0.018     -0.010     -0.026      0.009      0.004      0.103      0.064     -0.103      0.081      0.046     -0.006      0.115      0.125     -0.189     -0.066      0.251      0.118      0.178      0.013      0.078      0.002

Derivative matrix of expected statistics X by parameters and
covariance/correlation matrix of X can be found using
summary(ans) within R, or by using the 'verbose' option in Siena07.
 
Total computation time 1503.41 seconds.
