

-----------------------------------
New Analysis started.
Date and time: 09/12/2020 15:58:40
New results follow.
-----------------------------------

RSiena version 1.2-12 (12 May 18)


@1
Estimation by stochastic approximation algorithm.
=================================================

Current random number seed is 133.
Effects object used: sysEff 
Model Type:
 
Behavioral Model Type:
Behavior 1 depNetI : 
Behavior 2 depNetR : 
Estimation method: unconditional moment estimation.

Time duration for simulations in each period is 1.0.
Standard errors are estimated with the likelihood ratio method.
Dolby method (regression on scores) is used.
Initial value of gain parameter is  0.3394113.
Reduction factor for gain parameter is  0.5000000.
Number of subphases in Phase 2 is 5.

Initial parameter values are 
  1. rate:  constant depMMC rate (period 1)                 0.7423
  2. rate:  constant depMMC rate (period 2)                 0.4160
  3. rate:  constant depMMC rate (period 3)                 0.2529
  4. rate:  constant depMMC rate (period 4)                 0.7423
  5. rate:  constant depMMC rate (period 5)                 0.3344
  6. rate:  constant depMMC rate (period 6)                 1.4763
  7. eval:  degree (density)                               -0.4907
  8. eval:  transitive triads                               0.0000
  9. endow:  transitive triads                              0.0000
 10. eval:  transitive ties                                 0.0000
 11. eval:  number of actor pairs at dist 2                 0.0000
 12. eval:  degree^(1/2) assortativity                      0.0000
 13. eval:  covCatSim                                       0.0000
 14. eval:  covAge ego                                      0.0000
 15. eval:  depNetR ego                                     0.0000
 16. rate:  rate depNetI (period 1)                         0.4600
 17. rate:  rate depNetI (period 2)                         0.5567
 18. rate:  rate depNetI (period 3)                         0.5200
 19. rate:  rate depNetI (period 4)                         1.1608
 20. rate:  rate depNetI (period 5)                         0.7800
 21. rate:  rate depNetI (period 6)                         0.8555
 22. eval:  depNetI linear shape                            0.0880
 23. eval:  depNetI quadratic shape                         0.0000
 24. eval:  depNetI degree                                  0.0000
 25. eval:  depNetI isolate                                 0.0000
 26. eval:  depNetI total alter                             0.0000
 27. eval:  depNetI dense triads                            0.0000
 28. eval:  depNetI: effect from covEmploy                  0.0000
 29. eval:  depNetI: effect from covSales                   0.0000
 30. eval:  depNetI: effect from covSlack                   0.0000
 31. rate:  rate depNetR (period 1)                         0.4800
 32. rate:  rate depNetR (period 2)                         0.5000
 33. rate:  rate depNetR (period 3)                         0.7984
 34. rate:  rate depNetR (period 4)                         1.3588
 35. rate:  rate depNetR (period 5)                         1.3469
 36. rate:  rate depNetR (period 6)                         0.6200
 37. eval:  depNetR linear shape                            0.1124
 38. eval:  depNetR quadratic shape                         0.0000
 39. eval:  depNetR degree                                  0.0000
 40. eval:  depNetR isolate                                 0.0000
 41. eval:  depNetR total alter                             0.0000
 42. eval:  depNetR dense triads                            0.0000
 43. eval:  depNetR: effect from covEmploy                  0.0000
 44. eval:  depNetR: effect from covAcqExper                0.0000
 45. eval:  depNetR: effect from covSales                   0.0000
 46. eval:  depNetR: effect from covSlack                   0.0000


Observed values of target statistics are
  1. Amount of network change in period 1                                18.0000
  2. Amount of network change in period 2                                10.0000
  3. Amount of network change in period 3                                 6.0000
  4. Amount of network change in period 4                                18.0000
  5. Amount of network change in period 5                                 8.0000
  6. Amount of network change in period 6                                36.0000
  7. Number of edges                                                    366.0000
  8. Number of transitive triads                                        130.0000
  9. Lost ties: Number of transitive triads                               2.0000
 10. Number of ties with transitive closure                             420.0000
 11. Number of dists equal to 2                                        1164.0000
 12. Sum of degree^(1/2) products                                      3599.9185
 13. Sum of ties x covCatSim                                             -2.6008
 14. Sum of degrees x covAge                                           5989.5600
 15. Sum of degrees x depNetR                                           898.7486
 16. Amount of behavioral change in period 1 on depNetI                  18.0000
 17. Amount of behavioral change in period 2 on depNetI                  22.0000
 18. Amount of behavioral change in period 3 on depNetI                  21.0000
 19. Amount of behavioral change in period 4 on depNetI                  40.0000
 20. Amount of behavioral change in period 5 on depNetI                  34.0000
 21. Amount of behavioral change in period 6 on depNetI                  32.0000
 22. depNetI centered sum                                                11.4286
 23. depNetI sum of cent. squares                                       465.7820
 24. depNetI outdegrees                                                 688.9714
 25. depNetI isolate                                                    -64.3886
 26. depNetI total alters                                               617.4671
 27. depNetI dense triads                                               469.7171
 28. depNetI x covEmploy                                               17864.3123
 29. depNetI x covSales                                                  45.7208
 30. depNetI x covSlack                                                 123.7042
 31. Amount of behavioral change in period 1 on depNetR                  19.0000
 32. Amount of behavioral change in period 2 on depNetR                  20.0000
 33. Amount of behavioral change in period 3 on depNetR                  28.0000
 34. Amount of behavioral change in period 4 on depNetR                  39.0000
 35. Amount of behavioral change in period 5 on depNetR                  46.0000
 36. Amount of behavioral change in period 6 on depNetR                  26.0000
 37. depNetR centered sum                                                20.1429
 38. depNetR sum of cent. squares                                       805.6024
 39. depNetR outdegrees                                                 877.6571
 40. depNetR isolate                                                    -85.8629
 41. depNetR total alters                                              1088.2913
 42. depNetR dense triads                                               603.3057
 43. depNetR x covEmploy                                               23082.1912
 44. depNetR x covAcqExper                                              589.4716
 45. depNetR x covSales                                                  80.0192
 46. depNetR x covSlack                                                  97.2545

 46 parameters, 46 statistics

Estimation of derivatives by the LR method (type 1).


@2
End of stochastic approximation algorithm, phase 3.
---------------------------------------------------

Total of 18017 iterations.
Parameter estimates based on 17017 iterations,
convergence diagnostics, covariance and derivative matrices based on 1000 iterations.

Information for convergence diagnosis.
Averages, standard deviations, and t-ratios for deviations from targets:
  1.   0.0780    5.6233   0.0139 
  2.  -0.0320    4.5409  -0.0070 
  3.  -0.0320    3.4622  -0.0092 
  4.  -0.0860    5.9262  -0.0145 
  5.   0.3760    3.9153   0.0960 
  6.   0.2260    8.0837   0.0280 
  7.   0.2710    6.6623   0.0407 
  8.   0.3930    8.6870   0.0452 
  9.   0.0187    1.1857   0.0157 
 10.   0.9620   18.1531   0.0530 
 11.   1.2920   37.3893   0.0346 
 12.   5.6465  109.5616   0.0515 
 13.  -0.0712    2.0576  -0.0346 
 14.  -2.2096  300.0025  -0.0074 
 15.   0.0105   16.9776   0.0006 
 16.   0.2340    3.6604   0.0639 
 17.   0.2910    4.0362   0.0721 
 18.   0.1160    3.9845   0.0291 
 19.   0.0380    5.0092   0.0076 
 20.   0.1790    4.4381   0.0403 
 21.   0.2070    4.4583   0.0464 
 22.  -0.0870   13.2843  -0.0065 
 23.   1.3983   24.6863   0.0566 
 24.   0.5820   48.1642   0.0121 
 25.  -0.0720    4.9235  -0.0146 
 26.   2.8107  102.1237   0.0275 
 27.   1.2780   35.3175   0.0362 
 28.  11.6784 1076.9507   0.0108 
 29.   0.3283    5.9448   0.0552 
 30.  -1.0621   31.8973  -0.0333 
 31.   0.1190    3.9459   0.0302 
 32.  -0.2680    3.8698  -0.0693 
 33.   0.0350    4.5614   0.0077 
 34.   0.1880    5.2207   0.0360 
 35.  -0.0690    5.4758  -0.0126 
 36.  -0.0500    4.4146  -0.0113 
 37.  -0.1670   14.7850  -0.0113 
 38.   0.6879   41.7725   0.0165 
 39.   0.0990   59.5162   0.0017 
 40.  -0.1360    6.1929  -0.0220 
 41.  -1.6688  161.5638  -0.0103 
 42.   0.0460   43.7187   0.0011 
 43.  32.0035 1257.7017   0.0254 
 44.   0.4176   23.8704   0.0175 
 45.   0.3674    6.8496   0.0536 
 46.  -0.2470   35.7530  -0.0069 

Good convergence is indicated by the t-ratios being close to zero.

Overall maximum convergence ratio =  0.2551 .



@2
Estimation Results.
-------------------

Regular end of estimation algorithm.
Total of 18017 iteration steps.


@3
Estimates and standard errors
                             
Network Dynamics
 1. rate:  constant depMMC rate (period 1)                         0.2314  (   0.1207)
 2. rate:  constant depMMC rate (period 2)                         0.1195  (   0.0868)
 3. rate:  constant depMMC rate (period 3)                         0.0704  (   0.0495)
 4. rate:  constant depMMC rate (period 4)                         0.2071  (   0.0828)
 5. rate:  constant depMMC rate (period 5)                         0.0878  (   0.0497)
 6. rate:  constant depMMC rate (period 6)                         0.4054  (   0.1032)
 7. eval:  degree (density)                                        3.1529  (  21.8691)
 8. eval:  transitive triads                                       2.0952  (   1.2622)
 9. endow: transitive triads                                      -4.8824  (  17.3426)
10. eval:  transitive ties                                        -0.2482  (   0.7436)
11. eval:  number of actor pairs at dist 2                         0.2315  (   0.3597)
12. eval:  degree^(1/2) assortativity                             -0.4843  (   1.1322)
13. eval:  covCatSim                                               0.1120  (   1.4979)
14. eval:  covAge ego                                             -0.0329  (   0.1690)
15. eval:  depNetR ego                                             4.4744  (  19.7229)
Behavior Dynamics

16. rate:  <1> rate depNetI (period 1)                             1.0460  (   0.3864)
17. rate:  <1> rate depNetI (period 2)                             1.4092  (   0.3975)
18. rate:  <1> rate depNetI (period 3)                             1.1870  (   0.3703)
19. rate:  <1> rate depNetI (period 4)                             5.7578  (   4.8384)
20. rate:  <1> rate depNetI (period 5)                             2.8032  (   1.1356)
21. rate:  <1> rate depNetI (period 6)                             2.6244  (   0.9835)
22. eval:  <1> depNetI linear shape                               -0.6101  (   0.2157)
23. eval:  <1> depNetI quadratic shape                            -0.2444  (   0.0751)
24. eval:  <1> depNetI degree                                      0.2177  (   0.0834)
25. eval:  <1> depNetI isolate                                    -0.3375  (   0.3520)
26. eval:  <1> depNetI total alter                                 0.0498  (   0.0516)
27. eval:  <1> depNetI dense triads                               -0.1017  (   0.0871)
28. eval:  <1> depNetI: effect from covEmploy                      0.0038  (   0.0012)
29. eval:  <1> depNetI: effect from covSales                       0.0812  (   0.1666)
30. eval:  <1> depNetI: effect from covSlack                       0.0695  (   0.0470)
31. rate:  <2> rate depNetR (period 1)                             0.8992  (   0.2543)
32. rate:  <2> rate depNetR (period 2)                             0.9281  (   0.2669)
33. rate:  <2> rate depNetR (period 3)                             1.4950  (   0.3690)
34. rate:  <2> rate depNetR (period 4)                             3.0335  (   1.3127)
35. rate:  <2> rate depNetR (period 5)                             4.0277  (   2.0085)
36. rate:  <2> rate depNetR (period 6)                             1.3016  (   0.3051)
37. eval:  <2> depNetR linear shape                               -0.2135  (   0.1660)
38. eval:  <2> depNetR quadratic shape                            -0.1685  (   0.0467)
39. eval:  <2> depNetR degree                                      0.0857  (   0.0697)
40. eval:  <2> depNetR isolate                                    -0.2848  (   0.2595)
41. eval:  <2> depNetR total alter                                 0.0388  (   0.0345)
42. eval:  <2> depNetR dense triads                               -0.0616  (   0.0703)
43. eval:  <2> depNetR: effect from covEmploy                      0.0011  (   0.0011)
44. eval:  <2> depNetR: effect from covAcqExper                    0.0879  (   0.0751)
45. eval:  <2> depNetR: effect from covSales                       0.1624  (   0.1760)
46. eval:  <2> depNetR: effect from covSlack                       0.0367  (   0.0276)


@3
Covariance matrices
                   
Covariance matrix of estimates (correlations below diagonal):
     0.015      0.006      0.002      0.003      0.002     -0.001      1.872      0.090     -1.463     -0.047      0.029     -0.092     -0.058     -0.014      1.698      0.016      0.005      0.009      0.165      0.017      0.017     -0.008      0.001      0.002      0.004      0.001     -0.002      0.000      0.003     -0.002      0.004      0.003      0.004     -0.022      0.005      0.005      0.000      0.000     -0.001     -0.001      0.000      0.000      0.000      0.001     -0.005      0.000
     0.576      0.008      0.002      0.002      0.001     -0.001      1.461      0.069     -1.148     -0.037      0.022     -0.071     -0.045     -0.011      1.330      0.010      0.008      0.006      0.145      0.003      0.015     -0.006      0.001      0.002      0.005      0.000     -0.002      0.000      0.002     -0.002      0.001      0.003      0.003     -0.017     -0.001      0.004      0.000      0.000     -0.001     -0.002      0.000      0.001      0.000      0.001     -0.004      0.000
     0.400      0.435      0.002      0.001      0.000      0.000      0.590      0.027     -0.465     -0.014      0.009     -0.028     -0.015     -0.004      0.532      0.004      0.001      0.001      0.043      0.003      0.007     -0.002      0.000      0.001      0.002      0.000     -0.001      0.000      0.001     -0.001      0.001      0.001      0.004     -0.004      0.000      0.001      0.000      0.000     -0.001     -0.001      0.000      0.000      0.000      0.001     -0.002      0.000
     0.310      0.286      0.204      0.007      0.001      0.000      0.685      0.032     -0.525     -0.015      0.011     -0.037     -0.028     -0.005      0.634      0.005      0.000      0.004     -0.020      0.007      0.008     -0.002      0.000      0.001      0.001      0.000     -0.001      0.000      0.001      0.000      0.002      0.001      0.001     -0.020      0.004      0.001      0.001      0.000     -0.001     -0.001      0.000      0.000      0.000      0.000     -0.003      0.000
     0.298      0.302      0.201      0.160      0.002      0.000      0.432      0.021     -0.338     -0.011      0.007     -0.022     -0.013     -0.003      0.393      0.002      0.002      0.001      0.022      0.012      0.007     -0.002      0.000      0.001      0.001      0.000      0.000      0.000      0.001      0.000      0.001      0.001      0.000     -0.007      0.010      0.001      0.000      0.000      0.000     -0.001      0.000      0.000      0.000      0.000     -0.001      0.000
    -0.041     -0.058     -0.082      0.028      0.017      0.011     -0.207     -0.006      0.136      0.003     -0.002      0.009      0.002      0.002     -0.177     -0.001     -0.001      0.000     -0.053      0.004      0.015      0.002      0.000      0.000     -0.001      0.000      0.001      0.000      0.000      0.000      0.000      0.001     -0.001      0.003      0.011     -0.003      0.000      0.000      0.000     -0.001      0.000      0.000      0.000      0.000      0.001      0.000
     0.709      0.770      0.545      0.379      0.397     -0.092    478.259     23.077   -375.151    -12.036      7.409    -23.309    -14.717     -3.573    430.464      2.773      1.513      1.560     40.272      3.736      5.267     -1.712      0.287      0.487      1.127      0.095     -0.491     -0.003      0.772     -0.530      0.616      0.873      0.910     -5.712      1.083      1.294     -0.054      0.095     -0.331     -0.339      0.026      0.075     -0.005      0.336     -1.271      0.081
     0.588      0.633      0.428      0.306      0.329     -0.049      0.836      1.593    -18.274     -0.825      0.389     -1.211     -0.760     -0.166     20.548      0.136      0.072      0.077      2.009      0.142      0.262     -0.084      0.019      0.022      0.059      0.001     -0.020      0.000      0.038     -0.026      0.023      0.044      0.046     -0.235     -0.142      0.064     -0.003      0.004     -0.015     -0.019      0.001      0.004      0.000      0.018     -0.054      0.003
    -0.699     -0.763     -0.542     -0.365     -0.392      0.076     -0.989     -0.835    300.767      9.841     -5.640     17.534     11.809      2.813   -338.441     -2.198     -1.177     -1.202    -30.837     -2.999     -4.680      1.336     -0.235     -0.374     -0.852     -0.071      0.365      0.003     -0.606      0.416     -0.497     -0.652     -0.704      4.310     -1.386     -0.978      0.052     -0.075      0.246      0.289     -0.012     -0.057      0.004     -0.260      0.990     -0.062
    -0.529     -0.570     -0.376     -0.243     -0.292      0.039     -0.740     -0.879      0.763      0.553     -0.188      0.562      0.433      0.088    -10.778     -0.072     -0.036     -0.038     -1.066     -0.123     -0.175      0.042     -0.010     -0.011     -0.029      0.000      0.008      0.000     -0.018      0.014     -0.014     -0.023     -0.030      0.107     -0.011     -0.025      0.005     -0.002      0.006      0.013      0.000     -0.001      0.000     -0.009      0.026     -0.002
     0.668      0.720      0.497      0.380      0.380     -0.060      0.942      0.857     -0.904     -0.704      0.129     -0.399     -0.222     -0.054      6.632      0.042      0.021      0.025      0.592      0.058      0.064     -0.027      0.004      0.008      0.020      0.001     -0.008      0.000      0.012     -0.008      0.010      0.014      0.013     -0.098     -0.013      0.020      0.000      0.002     -0.006     -0.005      0.001      0.002      0.000      0.005     -0.020      0.001
    -0.674     -0.726     -0.496     -0.394     -0.385      0.080     -0.941     -0.847      0.893      0.667     -0.981      1.282      0.713      0.170    -20.884     -0.134     -0.071     -0.078     -1.996     -0.159     -0.167      0.085     -0.014     -0.024     -0.060     -0.005      0.025      0.000     -0.039      0.025     -0.025     -0.047     -0.039      0.314      0.079     -0.069     -0.003     -0.005      0.019      0.016     -0.002     -0.006      0.000     -0.016      0.064     -0.004
    -0.320     -0.345     -0.207     -0.227     -0.177      0.015     -0.449     -0.402      0.455      0.389     -0.412      0.421      2.244      0.112    -13.257     -0.110     -0.045     -0.045     -1.002     -0.019     -0.087      0.034     -0.005     -0.011     -0.006     -0.001      0.009      0.000     -0.013      0.014     -0.024     -0.016      0.005      0.259     -0.072     -0.068     -0.004     -0.001      0.008      0.016      0.000     -0.002      0.000     -0.010      0.036     -0.002
    -0.677     -0.745     -0.528     -0.343     -0.364      0.101     -0.966     -0.777      0.960      0.696     -0.890      0.888      0.443      0.029     -3.223     -0.019     -0.012     -0.011     -0.293     -0.028     -0.034      0.012     -0.002     -0.003     -0.008     -0.001      0.003      0.000     -0.005      0.004     -0.005     -0.006     -0.007      0.041     -0.009     -0.011      0.001     -0.001      0.002      0.003      0.000      0.000      0.000     -0.003      0.010     -0.001
     0.713      0.777      0.545      0.389      0.401     -0.087      0.998      0.825     -0.989     -0.735      0.935     -0.935     -0.449     -0.967    388.993      2.552      1.345      1.407     36.508      3.309      4.644     -1.560      0.259      0.447      1.043      0.086     -0.452     -0.003      0.699     -0.478      0.555      0.806      0.793     -5.198      1.160      1.166     -0.032      0.086     -0.301     -0.330      0.022      0.070     -0.004      0.296     -1.161      0.074
     0.352      0.297      0.192      0.168      0.113     -0.014      0.328      0.279     -0.328     -0.252      0.300     -0.307     -0.190     -0.294      0.335      0.149      0.008      0.017      0.381      0.012      0.000     -0.016      0.003      0.004      0.002      0.001     -0.005      0.000      0.004     -0.003      0.001      0.005      0.006     -0.026     -0.045      0.004     -0.001      0.000     -0.003     -0.002      0.000      0.001      0.000      0.003     -0.007      0.001
     0.107      0.234      0.072      0.000      0.088     -0.024      0.174      0.143     -0.171     -0.122      0.150     -0.159     -0.075     -0.182      0.172      0.053      0.158     -0.006      0.178      0.006      0.001     -0.012      0.001      0.004      0.003      0.001     -0.004      0.000     -0.002     -0.002      0.006      0.008      0.014     -0.005     -0.019      0.009     -0.002      0.000      0.001     -0.003      0.000     -0.002      0.000      0.002     -0.005      0.000
     0.194      0.196      0.074      0.127      0.035     -0.002      0.193      0.165     -0.187     -0.138      0.190     -0.187     -0.082     -0.178      0.193      0.120     -0.039      0.137      0.162     -0.002      0.018     -0.007      0.004      0.001      0.003      0.001     -0.003      0.000      0.002     -0.002      0.000      0.001      0.012     -0.006     -0.036      0.002     -0.005     -0.001      0.001      0.008      0.000      0.000      0.000      0.001     -0.005      0.001
     0.282      0.345      0.181     -0.050      0.092     -0.106      0.381      0.329     -0.368     -0.296      0.340     -0.364     -0.138     -0.359      0.383      0.204      0.092      0.090     23.410     -0.176     -0.286     -0.211      0.133      0.039      0.031      0.007     -0.095      0.000      0.099     -0.166      0.068      0.160      0.037     -0.096     -0.520      0.134     -0.063     -0.009     -0.006     -0.067     -0.016      0.014     -0.001      0.038     -0.094      0.014
     0.126      0.035      0.056      0.070      0.216      0.037      0.150      0.099     -0.152     -0.145      0.141     -0.124     -0.011     -0.147      0.148      0.027      0.014     -0.004     -0.032      1.290      0.068     -0.004     -0.004      0.005      0.001      0.004     -0.007      0.000      0.017      0.002      0.009      0.003      0.029     -0.027      0.655      0.002     -0.014      0.010     -0.001      0.011      0.000     -0.006      0.000      0.003     -0.005      0.001
     0.143      0.178      0.141      0.103      0.147      0.150      0.245      0.211     -0.274     -0.240      0.180     -0.150     -0.059     -0.202      0.239      0.001      0.003      0.049     -0.060      0.060      0.967     -0.009      0.002      0.002      0.022     -0.001      0.003      0.000      0.002     -0.002     -0.001     -0.005     -0.002     -0.100      0.049     -0.011      0.009     -0.001     -0.001     -0.012     -0.002      0.002      0.000      0.000     -0.002      0.000
    -0.289     -0.323     -0.216     -0.127     -0.153      0.081     -0.363     -0.308      0.357      0.259     -0.345      0.346      0.106      0.329     -0.367     -0.192     -0.144     -0.085     -0.202     -0.015     -0.042      0.047      0.001     -0.014     -0.051     -0.006      0.014      0.000     -0.005      0.003     -0.003     -0.002     -0.006      0.021      0.003     -0.004      0.000      0.000      0.001      0.000      0.000     -0.001      0.000      0.000      0.003     -0.001
     0.102      0.148      0.075     -0.020      0.036      0.031      0.175      0.200     -0.180     -0.187      0.162     -0.162     -0.046     -0.162      0.175      0.095      0.033      0.132      0.365     -0.049      0.023      0.069      0.006     -0.002      0.000      0.000      0.001      0.000      0.000     -0.002      0.000      0.002      0.002      0.010     -0.011      0.000      0.000      0.000      0.000     -0.001      0.000      0.000      0.000      0.000     -0.001      0.000
     0.217      0.259      0.154      0.124      0.141     -0.055      0.267      0.213     -0.258     -0.179      0.253     -0.255     -0.085     -0.242      0.272      0.132      0.133      0.036      0.096      0.050      0.029     -0.754     -0.338      0.007      0.014      0.001     -0.005      0.000      0.001     -0.001      0.001      0.000      0.001     -0.003      0.018      0.003     -0.001      0.000      0.000      0.001      0.000      0.000      0.000      0.000     -0.001      0.000
     0.103      0.155      0.097      0.019      0.079     -0.023      0.146      0.133     -0.140     -0.112      0.160     -0.151     -0.012     -0.129      0.150      0.013      0.023      0.020      0.018      0.002      0.064     -0.665      0.013      0.472      0.124      0.007     -0.015      0.000      0.005     -0.001     -0.002      0.002     -0.004     -0.018      0.097     -0.001      0.000      0.000      0.000      0.000     -0.001      0.001      0.000     -0.001     -0.001      0.000
     0.085      0.073      0.091      0.055      0.029     -0.074      0.085      0.018     -0.079      0.007      0.067     -0.078     -0.016     -0.077      0.085      0.051      0.066      0.037      0.026      0.067     -0.017     -0.524     -0.129      0.150      0.361      0.003     -0.003      0.000      0.001      0.000      0.000      0.000      0.000     -0.005      0.007      0.000      0.000      0.000      0.000      0.000      0.000      0.000      0.000      0.000      0.000      0.000
    -0.218     -0.255     -0.184     -0.118     -0.111      0.069     -0.258     -0.178      0.242      0.129     -0.241      0.256      0.072      0.229     -0.263     -0.151     -0.124     -0.083     -0.225     -0.066      0.032      0.738      0.117     -0.749     -0.487     -0.621      0.008      0.000     -0.001      0.001      0.000      0.000     -0.001      0.004     -0.019     -0.002      0.001      0.000      0.000      0.000      0.000      0.000      0.000      0.000      0.002      0.000
    -0.047     -0.066     -0.004     -0.041     -0.027     -0.029     -0.106     -0.128      0.123      0.125     -0.095      0.082     -0.006      0.115     -0.105      0.057      0.047     -0.039     -0.020     -0.006     -0.099     -0.117     -0.493      0.220      0.146      0.151     -0.252      0.000      0.000      0.000      0.000      0.000      0.000      0.000      0.000      0.000      0.000      0.000      0.000      0.000      0.000      0.000      0.000      0.000      0.000      0.000
     0.165      0.151      0.085      0.103      0.098     -0.018      0.212      0.179     -0.210     -0.146      0.201     -0.208     -0.054     -0.189      0.213      0.069     -0.026      0.032      0.123      0.088      0.012     -0.153      0.001      0.064      0.084      0.102     -0.068     -0.335      0.028     -0.001      0.000      0.000      0.003     -0.010     -0.023      0.003     -0.001      0.001      0.000      0.001      0.000      0.000      0.000      0.000     -0.003      0.000
    -0.351     -0.437     -0.242     -0.095     -0.138      0.090     -0.515     -0.435      0.510      0.400     -0.459      0.469      0.202      0.500     -0.515     -0.184     -0.119     -0.142     -0.730      0.040     -0.042      0.256     -0.441     -0.141     -0.064     -0.045      0.227      0.267     -0.067      0.002     -0.001     -0.001     -0.001      0.003      0.000     -0.002      0.001      0.000      0.000      0.000      0.000      0.000      0.000      0.000      0.002      0.000
     0.115      0.041      0.053      0.080      0.073     -0.016      0.111      0.070     -0.113     -0.074      0.104     -0.088     -0.063     -0.118      0.111      0.015      0.056      0.001      0.055      0.031     -0.003     -0.052     -0.005      0.064     -0.022     -0.035     -0.014     -0.035      0.005     -0.064      0.065      0.004      0.009      0.004      0.017      0.002     -0.003      0.001     -0.001     -0.001      0.001     -0.001      0.000      0.004     -0.003      0.001
     0.105      0.125      0.107      0.053      0.064      0.051      0.150      0.132     -0.141     -0.118      0.149     -0.156     -0.041     -0.133      0.153      0.048      0.075      0.013      0.124      0.009     -0.018     -0.032      0.102     -0.021      0.019     -0.009     -0.004     -0.027     -0.004     -0.096      0.065      0.071      0.006      0.007      0.001     -0.001      0.000      0.000     -0.001     -0.005      0.000      0.000      0.000      0.002     -0.004      0.001
     0.096      0.081      0.209      0.029      0.027     -0.031      0.113      0.100     -0.110     -0.110      0.094     -0.093      0.008     -0.107      0.109      0.043      0.097      0.085      0.021      0.070     -0.005     -0.071      0.083      0.033     -0.027      0.017     -0.034     -0.098      0.043     -0.046      0.091      0.066      0.136      0.043      0.004     -0.002     -0.008      0.001     -0.001      0.007      0.001     -0.003      0.000      0.006      0.000      0.000
    -0.141     -0.150     -0.065     -0.187     -0.109      0.025     -0.199     -0.142      0.189      0.110     -0.208      0.211      0.132      0.184     -0.201     -0.052     -0.009     -0.013     -0.015     -0.018     -0.077      0.075      0.103     -0.027     -0.039     -0.070      0.034     -0.056     -0.047      0.055      0.013      0.020      0.089      1.723      0.347     -0.013     -0.029     -0.011      0.023      0.014     -0.004     -0.015      0.000      0.022      0.041     -0.001
     0.019     -0.005      0.004      0.022      0.096      0.055      0.025     -0.056     -0.040     -0.007     -0.018      0.035     -0.024     -0.026      0.029     -0.058     -0.024     -0.049     -0.053      0.287      0.025      0.008     -0.074      0.106      0.137      0.067     -0.110     -0.014     -0.069     -0.002      0.034      0.002      0.005      0.132      4.034      0.004     -0.099     -0.006      0.032      0.087      0.005     -0.032      0.000      0.008      0.018     -0.001
     0.145      0.164      0.067      0.048      0.093     -0.081      0.194      0.167     -0.185     -0.110      0.179     -0.200     -0.148     -0.210      0.194      0.036      0.077      0.017      0.091      0.007     -0.036     -0.067      0.004      0.104     -0.008     -0.028     -0.069     -0.047      0.058     -0.117      0.032     -0.008     -0.022     -0.032      0.007      0.093     -0.003     -0.001      0.000      0.001      0.000      0.000      0.000      0.002     -0.004      0.000
    -0.010      0.013     -0.003      0.080      0.013      0.025     -0.015     -0.012      0.018      0.037      0.006     -0.015     -0.014      0.024     -0.010     -0.013     -0.024     -0.074     -0.078     -0.075      0.053     -0.005     -0.012     -0.047      0.008      0.013      0.048      0.008     -0.024      0.072     -0.066     -0.003     -0.131     -0.133     -0.298     -0.051      0.028      0.001     -0.007     -0.029     -0.003      0.008      0.000     -0.001     -0.002      0.000
     0.062      0.040      0.035      0.046      0.127     -0.021      0.093      0.071     -0.092     -0.071      0.103     -0.094     -0.014     -0.084      0.094      0.014      0.019     -0.040     -0.040      0.187     -0.027     -0.044     -0.008      0.032     -0.011      0.030     -0.021     -0.056      0.078     -0.032      0.063     -0.016      0.063     -0.172     -0.064     -0.071      0.165      0.002     -0.001      0.000      0.000      0.001      0.000     -0.001     -0.002      0.000
    -0.160     -0.189     -0.150     -0.131     -0.106      0.028     -0.217     -0.169      0.204      0.111     -0.238      0.244      0.078      0.194     -0.219     -0.119      0.024      0.022     -0.017     -0.018     -0.008      0.079     -0.011     -0.027     -0.006     -0.030      0.027      0.022     -0.034      0.075     -0.031     -0.044     -0.022      0.246      0.226     -0.014     -0.635     -0.379      0.005      0.006      0.000     -0.004      0.000      0.000      0.002      0.000
    -0.032     -0.079     -0.070     -0.046     -0.067     -0.019     -0.060     -0.059      0.064      0.069     -0.049      0.055      0.040      0.061     -0.064     -0.018     -0.024      0.085     -0.053      0.036     -0.048      0.004     -0.074      0.061     -0.005     -0.025     -0.020      0.021      0.029      0.020     -0.015     -0.067      0.073      0.040      0.167      0.013     -0.663      0.010      0.358      0.067      0.003     -0.008      0.000      0.000      0.002      0.000
     0.036     -0.002      0.035      0.035      0.006     -0.012      0.035      0.021     -0.020      0.004      0.046     -0.051      0.008     -0.042      0.033      0.037      0.010      0.031     -0.096      0.012     -0.053      0.060     -0.031     -0.028     -0.079     -0.033      0.038     -0.008     -0.012      0.046      0.062      0.003      0.105     -0.088      0.078      0.035     -0.470     -0.165     -0.018      0.358      0.001     -0.001      0.000      0.000      0.000      0.000
     0.035      0.087      0.026      0.030      0.019     -0.018      0.049      0.041     -0.047     -0.017      0.064     -0.070     -0.021     -0.032      0.050      0.043     -0.056     -0.009      0.042     -0.081      0.032     -0.060      0.011      0.014      0.046      0.044     -0.030     -0.007      0.009     -0.040     -0.081      0.004     -0.097     -0.158     -0.228     -0.009      0.661      0.246     -0.715     -0.452     -0.521      0.005      0.000     -0.001      0.000      0.000
    -0.131     -0.165     -0.112     -0.077     -0.059      0.076     -0.202     -0.194      0.189      0.158     -0.206      0.221      0.067      0.198     -0.198     -0.110     -0.067     -0.014     -0.228     -0.020      0.002      0.036     -0.042     -0.017      0.092      0.032      0.008     -0.004     -0.013      0.213     -0.045     -0.038     -0.092      0.122      0.199     -0.070     -0.143     -0.264      0.346      0.164     -0.007     -0.240      0.000      0.000      0.000      0.000
     0.121      0.145      0.147      0.080      0.043     -0.024      0.205      0.187     -0.200     -0.162      0.192     -0.192     -0.086     -0.208      0.200      0.107      0.062      0.030      0.103      0.038     -0.006     -0.019      0.042      0.035     -0.049     -0.064      0.003     -0.005     -0.010     -0.122      0.184      0.103      0.200      0.227      0.051      0.098     -0.052     -0.325     -0.077      0.022      0.160     -0.186     -0.358      0.006     -0.001      0.000
    -0.220     -0.237     -0.176     -0.172     -0.141      0.028     -0.330     -0.244      0.324      0.202     -0.312      0.320      0.136      0.336     -0.335     -0.103     -0.068     -0.073     -0.110     -0.024     -0.011      0.092     -0.061     -0.090     -0.010     -0.031      0.103      0.081     -0.117      0.194     -0.064     -0.081     -0.005      0.180      0.051     -0.070     -0.073     -0.231      0.133      0.034      0.028     -0.009     -0.090     -0.106      0.031      0.000
     0.087      0.117      0.097      0.036      0.049     -0.005      0.134      0.091     -0.129     -0.091      0.137     -0.126     -0.043     -0.116      0.136      0.104     -0.004      0.071      0.105      0.034      0.010     -0.093     -0.007      0.072      0.050      0.029     -0.061      0.032      0.043     -0.063      0.074      0.100      0.013     -0.026     -0.025      0.048     -0.014     -0.184     -0.034      0.029      0.037     -0.036      0.214      0.082      0.050      0.001

Derivative matrix of expected statistics X by parameters and
covariance/correlation matrix of X can be found using
summary(ans) within R, or by using the 'verbose' option in Siena07.
 
Total computation time 1220.18 seconds.
