

-----------------------------------
New Analysis started.
Date and time: 08/12/2020 16:42:48
New results follow.
-----------------------------------

RSiena version 1.2-12 (12 May 18)


@1
Estimation by stochastic approximation algorithm.
=================================================

Current random number seed is 133.


-----------------------------------
New Analysis started.
Date and time: 08/12/2020 16:42:58
New results follow.
-----------------------------------

RSiena version 1.2-12 (12 May 18)


@1
Estimation by stochastic approximation algorithm.
=================================================

Current random number seed is 133.
Effects object used: sysEff 
Model Type:
 
Behavioral Model Type:
Behavior 1 depNetI : 
Behavior 2 depNetR : 
Estimation method: unconditional moment estimation.

Time duration for simulations in each period is 1.0.
Standard errors are estimated with the likelihood ratio method.
Dolby method (regression on scores) is used.
Initial value of gain parameter is  0.1979899.
Reduction factor for gain parameter is  0.5000000.
Number of subphases in Phase 2 is 5.

Initial parameter values are 
  1. rate:  constant depMMC rate (period 1)                 0.4632
  2. rate:  constant depMMC rate (period 2)                 0.5540
  3. rate:  constant depMMC rate (period 3)                 0.2815
  4. rate:  constant depMMC rate (period 4)                 0.9173
  5. rate:  constant depMMC rate (period 5)                 0.1907
  6. rate:  constant depMMC rate (period 6)                 1.8254
  7. eval:  degree (density)                               -0.5787
  8. eval:  transitive triads                               0.0000
  9. endow:  transitive triads                              0.0000
 10. eval:  transitive ties                                 0.0000
 11. eval:  number of actor pairs at dist 2                 0.0000
 12. eval:  degree^(1/2) assortativity                      0.0000
 13. eval:  covCatSim                                       0.0000
 14. eval:  covAge ego                                      0.0000
 15. eval:  depNetR ego                                     0.0000
 16. rate:  rate depNetI (period 1)                         0.4111
 17. rate:  rate depNetI (period 2)                         0.4778
 18. rate:  rate depNetI (period 3)                         0.3889
 19. rate:  rate depNetI (period 4)                         0.7071
 20. rate:  rate depNetI (period 5)                         0.7707
 21. rate:  rate depNetI (period 6)                         0.4333
 22. eval:  depNetI linear shape                            0.1407
 23. eval:  depNetI quadratic shape                         0.0000
 24. eval:  depNetI degree                                  0.0000
 25. eval:  depNetI isolate                                 0.0000
 26. eval:  depNetI total alter                             0.0000
 27. eval:  depNetI dense triads                            0.0000
 28. eval:  depNetI: effect from covEmploy                  0.0000
 29. eval:  depNetI: effect from covSales                   0.0000
 30. eval:  depNetI: effect from covSlack                   0.0000
 31. rate:  rate depNetR (period 1)                         0.5444
 32. rate:  rate depNetR (period 2)                         0.6545
 33. rate:  rate depNetR (period 3)                         0.5273
 34. rate:  rate depNetR (period 4)                         0.8636
 35. rate:  rate depNetR (period 5)                         0.9192
 36. rate:  rate depNetR (period 6)                         0.6333
 37. eval:  depNetR linear shape                            0.1454
 38. eval:  depNetR quadratic shape                         0.0000
 39. eval:  depNetR degree                                  0.0000
 40. eval:  depNetR isolate                                 0.0000
 41. eval:  depNetR total alter                             0.0000
 42. eval:  depNetR dense triads                            0.0000
 43. eval:  depNetR: effect from covEmploy                  0.0000
 44. eval:  depNetR: effect from covAcqExper                0.0000
 45. eval:  depNetR: effect from covSales                   0.0000
 46. eval:  depNetR: effect from covSlack                   0.0000


Observed values of target statistics are
  1. Amount of network change in period 1                                10.0000
  2. Amount of network change in period 2                                12.0000
  3. Amount of network change in period 3                                 6.0000
  4. Amount of network change in period 4                                20.0000
  5. Amount of network change in period 5                                 4.0000
  6. Amount of network change in period 6                                40.0000
  7. Number of edges                                                    302.0000
  8. Number of transitive triads                                         91.0000
  9. Lost ties: Number of transitive triads                               1.3333
 10. Number of ties with transitive closure                             332.0000
 11. Number of dists equal to 2                                         870.0000
 12. Sum of degree^(1/2) products                                      2711.0491
 13. Sum of ties x covCatSim                                             11.9856
 14. Sum of degrees x covAge                                           6020.0222
 15. Sum of degrees x depNetR                                           -39.7079
 16. Amount of behavioral change in period 1 on depNetI                  14.0000
 17. Amount of behavioral change in period 2 on depNetI                  17.0000
 18. Amount of behavioral change in period 3 on depNetI                  13.0000
 19. Amount of behavioral change in period 4 on depNetI                  26.0000
 20. Amount of behavioral change in period 5 on depNetI                  25.0000
 21. Amount of behavioral change in period 6 on depNetI                  15.0000
 22. depNetI centered sum                                                11.4286
 23. depNetI sum of cent. squares                                       310.0245
 24. depNetI outdegrees                                                  32.0000
 25. depNetI isolate                                                     -7.9714
 26. depNetI total alters                                                83.4286
 27. depNetI dense triads                                                62.6286
 28. depNetI x covEmploy                                               6079.7615
 29. depNetI x covSales                                                  17.0388
 30. depNetI x covSlack                                                 -60.7867
 31. Amount of behavioral change in period 1 on depNetR                  20.0000
 32. Amount of behavioral change in period 2 on depNetR                  21.0000
 33. Amount of behavioral change in period 3 on depNetR                  18.0000
 34. Amount of behavioral change in period 4 on depNetR                  29.0000
 35. Amount of behavioral change in period 5 on depNetR                  31.0000
 36. Amount of behavioral change in period 6 on depNetR                  24.0000
 37. depNetR centered sum                                                15.4286
 38. depNetR sum of cent. squares                                       535.5483
 39. depNetR outdegrees                                                  -1.4444
 40. depNetR isolate                                                     -7.2159
 41. depNetR total alters                                               113.2162
 42. depNetR dense triads                                                40.3619
 43. depNetR x covEmploy                                               7094.4542
 44. depNetR x covAcqExper                                              332.9462
 45. depNetR x covSales                                                  26.0520
 46. depNetR x covSlack                                                -147.7091

 46 parameters, 46 statistics

Estimation of derivatives by the LR method (type 1).


@2
End of stochastic approximation algorithm, phase 3.
---------------------------------------------------

Total of 16701 iterations.
Parameter estimates based on 15701 iterations,
convergence diagnostics, covariance and derivative matrices based on 1000 iterations.

Information for convergence diagnosis.
Averages, standard deviations, and t-ratios for deviations from targets:
  1.   0.0380    4.3605   0.0087 
  2.  -0.1160    4.7784  -0.0243 
  3.   0.1120    3.5889   0.0312 
  4.   0.0460    6.0781   0.0076 
  5.  -0.0400    2.7782  -0.0144 
  6.  -0.5960    8.5143  -0.0700 
  7.  -0.1900    6.8841  -0.0276 
  8.  -0.3200    6.7801  -0.0472 
  9.  -0.0223    0.7471  -0.0299 
 10.  -0.7360   17.8269  -0.0413 
 11.  -0.1850   33.2104  -0.0056 
 12.  -3.6815  101.8395  -0.0362 
 13.   0.0126    1.9492   0.0065 
 14. -21.4064  319.9064  -0.0669 
 15.  -0.7823   13.7178  -0.0570 
 16.  -0.1110    3.3565  -0.0331 
 17.  -0.0310    3.8014  -0.0082 
 18.  -0.1230    3.2898  -0.0374 
 19.  -0.0130    4.7307  -0.0027 
 20.  -0.2060    4.3668  -0.0472 
 21.  -0.0030    3.3619  -0.0009 
 22.  -0.1770   11.2905  -0.0157 
 23.  -0.5320   23.7218  -0.0224 
 24.  -0.0980   35.7796  -0.0027 
 25.  -0.2890    5.5547  -0.0520 
 26.  -0.2744   38.3769  -0.0072 
 27.   0.1870   22.6007   0.0083 
 28. -14.2614 1126.0266  -0.0127 
 29.   0.1088    5.3701   0.0203 
 30.   0.9798   24.4704   0.0400 
 31.   0.1830    4.1577   0.0440 
 32.  -0.0050    4.0946  -0.0012 
 33.   0.0270    3.8355   0.0070 
 34.   0.0890    4.5640   0.0195 
 35.   0.1380    4.8895   0.0282 
 36.   0.1270    4.2458   0.0299 
 37.   0.3550   13.0442   0.0272 
 38.  -0.2822   35.6748  -0.0079 
 39.  -0.3690   37.3197  -0.0099 
 40.   0.1420    6.5258   0.0218 
 41.   1.0598   43.5811   0.0243 
 42.  -0.4470   22.9504  -0.0195 
 43.  -9.9931 1239.5991  -0.0081 
 44.  -0.3906   19.5724  -0.0200 
 45.  -0.1529    6.6534  -0.0230 
 46.   0.5682   26.5393   0.0214 

Good convergence is indicated by the t-ratios being close to zero.

Overall maximum convergence ratio =  0.2 .



@2
Estimation Results.
-------------------

Regular end of estimation algorithm.
Total of 16701 iteration steps.


@3
Estimates and standard errors
                             
Network Dynamics
 1. rate:  constant depMMC rate (period 1)                         0.1245  (   0.0586)
 2. rate:  constant depMMC rate (period 2)                         0.1512  (   0.0611)
 3. rate:  constant depMMC rate (period 3)                         0.0733  (   0.0407)
 4. rate:  constant depMMC rate (period 4)                         0.2554  (   0.0884)
 5. rate:  constant depMMC rate (period 5)                         0.0477  (   0.0351)
 6. rate:  constant depMMC rate (period 6)                         0.5272  (   0.1263)
 7. eval:  degree (density)                                       -2.1143  (   0.6929)
 8. eval:  transitive triads                                       1.0475  (   0.6433)
 9. endow: transitive triads                                      -0.3308  (   1.0818)
10. eval:  transitive ties                                         0.1534  (   0.4806)
11. eval:  number of actor pairs at dist 2                         0.0921  (   0.1045)
12. eval:  degree^(1/2) assortativity                              0.0685  (   0.1990)
13. eval:  covCatSim                                              -1.5262  (   1.2030)
14. eval:  covAge ego                                              0.0063  (   0.0093)
15. eval:  depNetR ego                                            -0.0926  (   0.2433)
Behavior Dynamics

16. rate:  <1> rate depNetI (period 1)                             0.9787  (   0.3341)
17. rate:  <1> rate depNetI (period 2)                             1.1829  (   0.4021)
18. rate:  <1> rate depNetI (period 3)                             0.8678  (   0.2958)
19. rate:  <1> rate depNetI (period 4)                             2.9775  (   1.1104)
20. rate:  <1> rate depNetI (period 5)                             1.9008  (   0.5624)
21. rate:  <1> rate depNetI (period 6)                             0.8979  (   0.2669)
22. eval:  <1> depNetI linear shape                               -0.2778  (   0.2913)
23. eval:  <1> depNetI quadratic shape                             0.1167  (   0.0652)
24. eval:  <1> depNetI degree                                     -0.1913  (   0.1576)
25. eval:  <1> depNetI isolate                                    -0.4014  (   0.3774)
26. eval:  <1> depNetI total alter                                 0.0967  (   0.0810)
27. eval:  <1> depNetI dense triads                                0.1200  (   0.1784)
28. eval:  <1> depNetI: effect from covEmploy                      0.0014  (   0.0013)
29. eval:  <1> depNetI: effect from covSales                      -0.0683  (   0.2161)
30. eval:  <1> depNetI: effect from covSlack                       0.0072  (   0.0426)
31. rate:  <2> rate depNetR (period 1)                             1.4438  (   0.4818)
32. rate:  <2> rate depNetR (period 2)                             1.3941  (   0.4117)
33. rate:  <2> rate depNetR (period 3)                             1.1762  (   0.3533)
34. rate:  <2> rate depNetR (period 4)                             2.5514  (   0.7879)
35. rate:  <2> rate depNetR (period 5)                             2.4164  (   0.7628)
36. rate:  <2> rate depNetR (period 6)                             1.5298  (   0.4501)
37. eval:  <2> depNetR linear shape                               -0.1267  (   0.2098)
38. eval:  <2> depNetR quadratic shape                            -0.0602  (   0.0448)
39. eval:  <2> depNetR degree                                     -0.1114  (   0.1093)
40. eval:  <2> depNetR isolate                                    -0.0860  (   0.2895)
41. eval:  <2> depNetR total alter                                 0.0284  (   0.0495)
42. eval:  <2> depNetR dense triads                                0.0578  (   0.1312)
43. eval:  <2> depNetR: effect from covEmploy                      0.0015  (   0.0011)
44. eval:  <2> depNetR: effect from covAcqExper                    0.2060  (   0.0802)
45. eval:  <2> depNetR: effect from covSales                       0.0330  (   0.1585)
46. eval:  <2> depNetR: effect from covSlack                      -0.0083  (   0.0416)


@3
Covariance matrices
                   
Covariance matrix of estimates (correlations below diagonal):
     0.003      0.000      0.000      0.000      0.000      0.000     -0.005     -0.002     -0.003      0.002     -0.001      0.001      0.001      0.000      0.000      0.001     -0.001      0.000     -0.003     -0.001      0.000      0.000      0.000      0.000     -0.001      0.000      0.000      0.000      0.000      0.000      0.002      0.001      0.000     -0.002      0.001     -0.001      0.000      0.000      0.000      0.000      0.000      0.000      0.000      0.000      0.000      0.000
     0.036      0.004      0.000      0.000      0.000      0.000     -0.002     -0.001      0.001      0.000      0.000      0.000      0.003      0.000      0.000     -0.001     -0.001      0.000     -0.002      0.001      0.000      0.000      0.000      0.000      0.000      0.000      0.000      0.000      0.000      0.000      0.000      0.000      0.000      0.002      0.001      0.000      0.000      0.000      0.000      0.000      0.000      0.000      0.000      0.000      0.000      0.000
    -0.026      0.012      0.002      0.000      0.000      0.000      0.000     -0.002      0.000      0.001      0.000      0.000     -0.001      0.000      0.000      0.001      0.000      0.001      0.001     -0.001      0.000      0.000      0.000      0.000     -0.001      0.000      0.000      0.000      0.000      0.000     -0.002     -0.001     -0.002     -0.001      0.000      0.000      0.000      0.000      0.000      0.000      0.000      0.000      0.000      0.000      0.000      0.000
    -0.009      0.066     -0.060      0.008      0.000      0.000      0.000     -0.004      0.006      0.001      0.000      0.000      0.004      0.000      0.000     -0.002      0.000      0.000     -0.013      0.001     -0.002      0.001      0.000      0.000     -0.002      0.000      0.000      0.000     -0.001      0.000     -0.002      0.000     -0.001     -0.011      0.002     -0.001      0.000      0.000      0.000      0.000      0.000      0.000      0.000      0.000     -0.001      0.000
     0.012      0.024      0.008      0.024      0.001      0.000      0.000      0.000      0.002     -0.001      0.000      0.000      0.001      0.000      0.000      0.000      0.000      0.000     -0.004      0.000     -0.001      0.000      0.000      0.000      0.000      0.000      0.000      0.000      0.000      0.000      0.001     -0.001      0.001      0.000      0.003      0.000      0.000      0.000      0.000      0.000      0.000      0.000      0.000      0.000      0.000      0.000
     0.007      0.052      0.010     -0.007     -0.060      0.016     -0.002      0.001      0.002      0.001      0.001     -0.001      0.009      0.000      0.001      0.000     -0.003      0.001      0.002      0.001      0.000      0.000      0.000      0.000      0.001      0.000      0.000      0.000      0.000      0.000      0.000      0.002      0.002      0.005      0.001      0.003      0.002      0.000     -0.001     -0.002      0.000      0.001      0.000      0.000     -0.001      0.000
    -0.111     -0.056     -0.016     -0.006     -0.012     -0.019      0.480      0.247      0.186     -0.113      0.040     -0.123     -0.036      0.001     -0.020      0.013     -0.001     -0.003     -0.052      0.015      0.011     -0.009      0.000      0.002      0.014      0.000     -0.001      0.000      0.007      0.000     -0.002     -0.029      0.004     -0.008     -0.019      0.020      0.004      0.001      0.002      0.004      0.000     -0.004      0.000     -0.001      0.000      0.001
    -0.045     -0.017     -0.074     -0.070      0.001      0.009      0.553      0.414     -0.078     -0.225      0.030     -0.074     -0.021      0.000      0.005      0.018      0.004      0.003      0.009      0.007      0.021     -0.010     -0.002      0.005      0.014      0.001     -0.006      0.000      0.010     -0.001      0.011     -0.012      0.004     -0.023      0.000      0.007      0.004      0.001      0.001     -0.003      0.001     -0.003      0.000      0.000      0.001      0.001
    -0.047      0.022     -0.007      0.064      0.040      0.011      0.248     -0.112      1.170     -0.008      0.047     -0.089     -0.156      0.000     -0.128     -0.002     -0.018     -0.014     -0.149     -0.015     -0.002     -0.004      0.001      0.000      0.023      0.001      0.002      0.000     -0.002      0.003      0.003     -0.009      0.003     -0.019     -0.058      0.035      0.003      0.001      0.000     -0.002     -0.001     -0.002      0.000     -0.003     -0.009      0.001
     0.057      0.012      0.045      0.029     -0.033      0.018     -0.340     -0.729     -0.015      0.231     -0.013      0.021     -0.036      0.001     -0.001     -0.005     -0.010     -0.003     -0.008     -0.004     -0.011      0.001      0.002     -0.001     -0.006      0.000      0.001      0.000     -0.006      0.001     -0.002      0.013      0.005      0.007      0.001     -0.014      0.000     -0.001     -0.001     -0.006     -0.001      0.004      0.000     -0.001      0.001     -0.001
    -0.100     -0.038     -0.049     -0.050      0.017      0.068      0.553      0.446      0.414     -0.249      0.011     -0.016     -0.008      0.000     -0.003      0.003      0.000     -0.001     -0.009      0.000      0.003     -0.003      0.000      0.001      0.004      0.000     -0.001      0.000      0.001      0.000      0.002      0.001      0.003      0.003     -0.003      0.001      0.000      0.000      0.000     -0.001      0.000      0.000      0.000      0.000      0.000      0.000
     0.089      0.032      0.042      0.010      0.006     -0.037     -0.890     -0.582     -0.412      0.224     -0.763      0.040      0.015      0.000      0.009     -0.005      0.002      0.001      0.022     -0.002     -0.004      0.004      0.000     -0.002     -0.006      0.000      0.001      0.000     -0.002      0.000     -0.003      0.003     -0.004      0.002      0.007     -0.004     -0.002      0.000      0.000      0.001      0.000      0.001      0.000      0.000      0.000      0.000
     0.011      0.040     -0.011      0.035      0.020      0.060     -0.043     -0.028     -0.120     -0.062     -0.060      0.062      1.447      0.000      0.064      0.001     -0.012      0.011      0.028     -0.024     -0.025     -0.005     -0.003      0.004      0.013     -0.005      0.001      0.000      0.000      0.000     -0.021      0.008     -0.020     -0.008      0.015      0.004      0.008      0.000     -0.003      0.006     -0.001      0.002      0.000     -0.002     -0.004      0.000
    -0.025      0.018      0.060      0.018      0.023     -0.004      0.099     -0.060      0.025      0.115      0.072     -0.107      0.041      0.000      0.000      0.000      0.000      0.000      0.000      0.000      0.000      0.000      0.000      0.000      0.000      0.000      0.000      0.000      0.000      0.000      0.000      0.000      0.000      0.001      0.000      0.000      0.000      0.000      0.000      0.000      0.000      0.000      0.000      0.000      0.000      0.000
     0.032     -0.014     -0.018     -0.019     -0.019      0.048     -0.120      0.030     -0.486     -0.009     -0.106      0.176      0.219     -0.115      0.059      0.004      0.001      0.003      0.012      0.002      0.001     -0.003      0.000      0.002      0.002      0.000     -0.003      0.000     -0.001      0.000      0.003      0.003     -0.004     -0.003      0.003     -0.003      0.000      0.000      0.000      0.001      0.000      0.001      0.000      0.000     -0.001      0.000
     0.027     -0.029      0.048     -0.058      0.031     -0.002      0.056      0.084     -0.006     -0.028      0.092     -0.081      0.002      0.024      0.051      0.112     -0.001      0.002      0.008      0.014      0.001     -0.014      0.002      0.003      0.008     -0.002     -0.003      0.000      0.004      0.000     -0.010      0.000      0.006      0.011      0.002     -0.006     -0.002      0.000      0.001      0.001      0.000     -0.001      0.000      0.000      0.001      0.001
    -0.026     -0.034      0.013     -0.011      0.009     -0.053     -0.004      0.015     -0.041     -0.052     -0.007      0.025     -0.025      0.014      0.007     -0.008      0.162     -0.004      0.010      0.005      0.002     -0.008      0.003      0.001      0.002     -0.002      0.001      0.000     -0.003     -0.001      0.003      0.010     -0.002      0.006      0.018      0.015     -0.001      0.000      0.002     -0.001      0.000     -0.002      0.000      0.000     -0.001      0.000
    -0.003     -0.004      0.109      0.009     -0.035      0.034     -0.012      0.014     -0.045     -0.023     -0.022      0.020      0.031     -0.028      0.041      0.018     -0.033      0.087      0.027     -0.002     -0.003     -0.002      0.002      0.000     -0.010     -0.001      0.000      0.000     -0.006      0.000     -0.004     -0.004     -0.002     -0.006     -0.008      0.005      0.002      0.000     -0.002     -0.003     -0.001      0.003      0.000     -0.001     -0.002     -0.001
    -0.045     -0.022      0.014     -0.135     -0.097      0.018     -0.067      0.012     -0.124     -0.015     -0.081      0.099      0.021     -0.017      0.044      0.023      0.022      0.082      1.233      0.021      0.008     -0.055      0.001      0.018      0.005      0.000     -0.014      0.000      0.020     -0.010     -0.018     -0.016      0.033      0.066     -0.029      0.001      0.008     -0.004     -0.002     -0.022     -0.001      0.000      0.000      0.001      0.007      0.003
    -0.021      0.023     -0.031      0.027     -0.021      0.007      0.038      0.020     -0.024     -0.014     -0.007     -0.016     -0.036      0.084      0.015      0.075      0.022     -0.013      0.034      0.316      0.002     -0.006      0.001     -0.005     -0.002     -0.003      0.010      0.000      0.018     -0.002     -0.010     -0.003     -0.007     -0.006      0.083      0.007      0.000      0.000      0.000     -0.008      0.001      0.000      0.000      0.003      0.001      0.003
    -0.020     -0.005     -0.023     -0.096     -0.067     -0.006      0.060      0.124     -0.006     -0.087      0.104     -0.084     -0.077     -0.050      0.019      0.006      0.021     -0.042      0.028      0.013      0.071     -0.001      0.000      0.000      0.001      0.000     -0.001      0.000      0.000      0.000      0.009     -0.003      0.000      0.004     -0.005     -0.008      0.000      0.001      0.000     -0.001      0.001     -0.001      0.000     -0.001      0.002      0.000
     0.028     -0.017      0.021      0.040      0.016     -0.005     -0.045     -0.054     -0.014      0.010     -0.110      0.073     -0.013     -0.057     -0.037     -0.147     -0.064     -0.027     -0.169     -0.039     -0.013      0.085     -0.009     -0.039     -0.079      0.007      0.033      0.000     -0.003      0.000      0.005      0.005     -0.001     -0.002      0.010      0.004     -0.002      0.001     -0.001      0.003      0.001      0.001      0.000      0.000      0.001      0.000
     0.013      0.003     -0.008      0.006      0.004     -0.027     -0.006     -0.036      0.010      0.052      0.009     -0.006     -0.038      0.025      0.015      0.100      0.106      0.099      0.013      0.023     -0.005     -0.456      0.004      0.003      0.003     -0.001     -0.003      0.000     -0.001      0.000     -0.002     -0.002     -0.002      0.000     -0.003      0.000      0.000      0.000      0.000     -0.001      0.000      0.000      0.000      0.000      0.000      0.000
    -0.008     -0.012     -0.016     -0.007     -0.003      0.016      0.022      0.051      0.002     -0.019      0.088     -0.053      0.022      0.055      0.045      0.066      0.009     -0.007      0.104     -0.060     -0.003     -0.845      0.258      0.025      0.038     -0.003     -0.025      0.000      0.001      0.000      0.000     -0.002      0.003      0.001     -0.007     -0.001      0.002      0.000      0.000     -0.002      0.000      0.000      0.000      0.000      0.000      0.000
    -0.047      0.006     -0.040     -0.069     -0.016      0.030      0.053      0.060      0.057     -0.034      0.107     -0.079      0.028      0.010      0.021      0.063      0.013     -0.087      0.013     -0.011      0.007     -0.718      0.119      0.642      0.142     -0.004     -0.034      0.000      0.009      0.001      0.004     -0.003      0.005     -0.003     -0.018     -0.009      0.001     -0.001      0.000     -0.002     -0.001      0.001      0.000      0.001      0.001      0.000
     0.015     -0.011      0.016     -0.029      0.064     -0.005     -0.004      0.018      0.014     -0.006     -0.014     -0.004     -0.047     -0.045      0.012     -0.073     -0.066     -0.030      0.001     -0.070      0.013      0.282     -0.184     -0.201     -0.122      0.007     -0.001      0.000      0.000      0.001     -0.001      0.001      0.000     -0.007      0.001      0.000      0.000      0.000      0.000      0.000      0.000      0.000      0.000      0.000      0.000      0.000
    -0.007      0.028      0.001      0.002     -0.013      0.001     -0.005     -0.049      0.010      0.017     -0.053      0.033      0.003     -0.025     -0.060     -0.052      0.009      0.008     -0.072      0.103     -0.027      0.634     -0.252     -0.885     -0.509     -0.098      0.032      0.000     -0.001     -0.001     -0.002      0.001     -0.004      0.008      0.007      0.001     -0.002      0.000      0.000      0.003      0.000      0.000      0.000      0.000      0.000      0.000
     0.032      0.003      0.019     -0.029      0.006     -0.018     -0.030     -0.032      0.059      0.023     -0.025      0.016      0.008     -0.016     -0.018      0.019     -0.012     -0.005     -0.040     -0.108      0.048     -0.072     -0.069      0.158      0.269      0.165     -0.329      0.000      0.000      0.000      0.000      0.000      0.000      0.000      0.000      0.000      0.000      0.000      0.000      0.000      0.000      0.000      0.000      0.000      0.000      0.000
    -0.026      0.034      0.022     -0.049      0.011      0.017      0.045      0.072     -0.007     -0.062      0.050     -0.037     -0.001     -0.007     -0.012      0.058     -0.030     -0.091      0.082      0.146      0.000     -0.050     -0.039      0.035      0.108      0.000     -0.029     -0.312      0.047      0.001     -0.014     -0.002      0.000      0.000     -0.004     -0.002      0.003      0.000     -0.001     -0.004      0.000      0.000      0.000      0.000     -0.001      0.000
     0.106     -0.003     -0.009     -0.026      0.108      0.001     -0.003     -0.024      0.056      0.048      0.012     -0.022     -0.002     -0.086     -0.010      0.001     -0.045     -0.034     -0.217     -0.068      0.044      0.015      0.101      0.006      0.058      0.196     -0.146      0.281      0.079      0.002     -0.001     -0.001      0.000     -0.004     -0.001     -0.001      0.000      0.000      0.000      0.000      0.000      0.000      0.000      0.000      0.000      0.000
     0.074     -0.013     -0.091     -0.044      0.058     -0.005     -0.006      0.035      0.005     -0.007      0.038     -0.027     -0.037      0.016      0.028     -0.065      0.016     -0.028     -0.033     -0.038      0.067      0.034     -0.055      0.003      0.020     -0.021     -0.018      0.058     -0.136     -0.045      0.232      0.007      0.005      0.013      0.009      0.008     -0.015     -0.002      0.004      0.008      0.000     -0.003      0.000      0.007      0.002      0.000
     0.033      0.013     -0.032     -0.009     -0.036      0.039     -0.101     -0.047     -0.019      0.067      0.028      0.042      0.017      0.027      0.028     -0.003      0.059     -0.030     -0.034     -0.013     -0.029      0.040     -0.062     -0.033     -0.019      0.030      0.014      0.015     -0.021     -0.051      0.034      0.170      0.002      0.006      0.025     -0.010     -0.004     -0.002     -0.001     -0.003      0.000      0.004      0.000      0.004     -0.001     -0.002
     0.004     -0.016     -0.113     -0.026      0.041      0.054      0.018      0.017      0.009      0.032      0.073     -0.052     -0.047      0.062     -0.043      0.051     -0.017     -0.022      0.083     -0.033     -0.001     -0.006     -0.073      0.054      0.036      0.002     -0.063      0.023      0.002      0.001      0.029      0.013      0.125      0.019      0.006     -0.008      0.000      0.000     -0.001     -0.012      0.001      0.000      0.000      0.001     -0.001      0.000
    -0.041      0.051     -0.022     -0.155      0.001      0.050     -0.015     -0.046     -0.022      0.018      0.036      0.010     -0.008      0.087     -0.014      0.042      0.018     -0.027      0.076     -0.013      0.019     -0.010      0.001      0.010     -0.012     -0.105      0.058     -0.096      0.001     -0.120      0.034      0.019      0.070      0.621      0.013      0.021      0.001     -0.002     -0.006     -0.025     -0.001      0.004      0.000      0.007      0.010     -0.004
     0.027      0.023      0.001      0.031      0.115      0.012     -0.036     -0.001     -0.070      0.004     -0.032      0.045      0.016      0.020      0.015      0.008      0.058     -0.034     -0.035      0.193     -0.027      0.044     -0.063     -0.062     -0.063      0.017      0.051     -0.042     -0.025     -0.023      0.026      0.079      0.021      0.022      0.582      0.000     -0.004     -0.002     -0.006      0.000     -0.001      0.014      0.000      0.011      0.008     -0.001
    -0.034     -0.006      0.022     -0.033     -0.017      0.061      0.064      0.025      0.072     -0.064      0.026     -0.040      0.007     -0.040     -0.026     -0.040      0.085      0.037      0.003      0.027     -0.066      0.033      0.002     -0.014     -0.053     -0.006      0.018     -0.005     -0.023     -0.033      0.039     -0.055     -0.052      0.059      0.001      0.203     -0.003      0.000      0.003      0.008      0.000     -0.005      0.000      0.001     -0.001      0.000
    -0.021      0.008      0.028      0.003      0.014      0.076      0.024      0.031      0.015     -0.004      0.019     -0.038      0.031      0.016     -0.003     -0.025     -0.008      0.038      0.033      0.002      0.003     -0.030      0.014      0.046      0.012     -0.003     -0.041     -0.043      0.071      0.037     -0.153     -0.050      0.006      0.003     -0.027     -0.034      0.044     -0.002     -0.019     -0.044      0.001      0.015      0.000      0.000     -0.002      0.000
     0.005     -0.038      0.077      0.011      0.000     -0.052      0.017      0.029      0.027     -0.058      0.017     -0.001      0.002      0.038     -0.021      0.006     -0.010      0.018     -0.081      0.000      0.067      0.044     -0.004     -0.048     -0.044      0.040      0.031     -0.025      0.003      0.027     -0.072     -0.104      0.018     -0.048     -0.059     -0.009     -0.219      0.002      0.001      0.000      0.000     -0.001      0.000     -0.002     -0.001      0.000
     0.003     -0.019     -0.028      0.010     -0.019     -0.061      0.027      0.009     -0.001     -0.022      0.017     -0.011     -0.024     -0.037     -0.013      0.026      0.037     -0.055     -0.015      0.007      0.005     -0.024      0.041     -0.011     -0.011     -0.005      0.015      0.014     -0.022     -0.019      0.085     -0.011     -0.033     -0.065     -0.074      0.055     -0.808      0.106      0.012      0.020      0.000     -0.012      0.000      0.000      0.000      0.001
     0.009     -0.012     -0.021      0.013     -0.025     -0.044      0.021     -0.018     -0.007     -0.041     -0.037      0.024      0.017     -0.072      0.013      0.008     -0.005     -0.034     -0.068     -0.046     -0.018      0.038     -0.029     -0.042     -0.014     -0.001      0.052      0.030     -0.058     -0.029      0.059     -0.021     -0.119     -0.108      0.000      0.060     -0.725     -0.030      0.632      0.084      0.000     -0.017      0.000      0.003      0.006      0.001
     0.059      0.000      0.037     -0.054     -0.003      0.024     -0.004      0.022     -0.027     -0.029     -0.043      0.019     -0.012      0.005      0.020     -0.015      0.009     -0.064     -0.023      0.020      0.042      0.064     -0.019     -0.053     -0.061      0.015      0.035     -0.013      0.001     -0.048      0.021      0.005      0.035     -0.016     -0.039     -0.013      0.057     -0.005      0.001     -0.010      0.002     -0.001      0.000      0.000      0.000      0.000
     0.003      0.027      0.000      0.009      0.014      0.038     -0.039     -0.038     -0.017      0.065     -0.029      0.021      0.014      0.036      0.046     -0.030     -0.040      0.066      0.002      0.000     -0.026      0.022     -0.045      0.011      0.024      0.012     -0.019      0.009     -0.004      0.028     -0.048      0.072      0.004      0.041      0.138     -0.082      0.552     -0.098     -0.871     -0.457     -0.169      0.017      0.000      0.000      0.001     -0.001
    -0.036     -0.040     -0.048      0.021     -0.009      0.033      0.055      0.053      0.011     -0.072      0.055     -0.040      0.016     -0.062     -0.015      0.038      0.007      0.044     -0.028     -0.005     -0.020     -0.025      0.029      0.025      0.003     -0.007     -0.017      0.001      0.001      0.004     -0.002     -0.045      0.003     -0.036     -0.097      0.136     -0.039     -0.178      0.192      0.199      0.037     -0.395      0.000      0.000      0.000      0.000
     0.047      0.005     -0.076     -0.046      0.027      0.018     -0.018     -0.002     -0.034     -0.014     -0.009      0.015     -0.018     -0.006     -0.004      0.018      0.015     -0.027      0.006      0.057     -0.044     -0.005     -0.034      0.012      0.034     -0.031      0.014     -0.001      0.000     -0.053      0.192      0.125      0.051      0.108      0.184      0.032     -0.026     -0.670      0.008      0.110     -0.105     -0.023      0.232      0.006      0.002      0.000
     0.014     -0.042     -0.010     -0.083     -0.035     -0.047      0.003      0.010     -0.054      0.008     -0.022      0.004     -0.023      0.052     -0.026      0.021     -0.009     -0.035      0.041      0.007      0.052      0.012     -0.017     -0.019      0.023      0.009      0.015      0.048     -0.026     -0.004      0.026     -0.009     -0.026      0.083      0.063     -0.012     -0.052     -0.184      0.023      0.133      0.047      0.029     -0.251      0.127      0.025      0.000
     0.036     -0.037     -0.024      0.008     -0.002     -0.030      0.035      0.021      0.026     -0.064     -0.008      0.004     -0.010     -0.046     -0.024      0.037     -0.023     -0.052      0.061      0.116     -0.014      0.021      0.007     -0.053     -0.006     -0.034      0.062     -0.017      0.051     -0.059      0.024     -0.102     -0.015     -0.126     -0.018      0.027      0.000      0.007      0.122      0.068      0.124     -0.243      0.308      0.140      0.035      0.002

Derivative matrix of expected statistics X by parameters and
covariance/correlation matrix of X can be found using
summary(ans) within R, or by using the 'verbose' option in Siena07.
 
Total computation time 713.17 seconds.
