

-----------------------------------
New Analysis started.
Date and time: 08/12/2020 17:20:20
New results follow.
-----------------------------------

RSiena version 1.2-12 (12 May 18)


@1
Estimation by stochastic approximation algorithm.
=================================================

Current random number seed is 133.
Effects object used: sysEff 
Model Type:
 
Behavioral Model Type:
Behavior 1 depNetI : 
Behavior 2 depNetR : 
Estimation method: unconditional moment estimation.

Time duration for simulations in each period is 1.0.
Standard errors are estimated with the likelihood ratio method.
Dolby method (regression on scores) is used.
Initial value of gain parameter is  0.1979899.
Reduction factor for gain parameter is  0.5000000.
Number of subphases in Phase 2 is 5.

Initial parameter values are 
  1. rate:  constant depMMC rate (period 1)                 0.4852
  2. rate:  constant depMMC rate (period 2)                 0.3900
  3. rate:  constant depMMC rate (period 3)                 0.2949
  4. rate:  constant depMMC rate (period 4)                 0.5803
  5. rate:  constant depMMC rate (period 5)                 0.3900
  6. rate:  constant depMMC rate (period 6)                 1.3414
  7. eval:  degree (density)                               -0.3655
  8. eval:  transitive triads                               0.0000
  9. endow:  transitive triads                              0.0000
 10. eval:  transitive ties                                 0.0000
 11. eval:  number of actor pairs at dist 2                 0.0000
 12. eval:  degree^(1/2) assortativity                      0.0000
 13. eval:  covCatSim                                       0.0000
 14. eval:  covAge ego                                      0.0000
 15. eval:  depNetR ego                                     0.0000
 16. rate:  rate depNetI (period 1)                         0.4488
 17. rate:  rate depNetI (period 2)                         0.4721
 18. rate:  rate depNetI (period 3)                         0.4023
 19. rate:  rate depNetI (period 4)                         0.9236
 20. rate:  rate depNetI (period 5)                         0.6349
 21. rate:  rate depNetI (period 6)                         0.4488
 22. eval:  depNetI linear shape                            0.0375
 23. eval:  depNetI quadratic shape                         0.0000
 24. eval:  depNetI degree                                  0.0000
 25. eval:  depNetI isolate                                 0.0000
 26. eval:  depNetI total alter                             0.0000
 27. eval:  depNetI dense triads                            0.0000
 28. eval:  depNetI: effect from covEmploy                  0.0000
 29. eval:  depNetI: effect from covSales                   0.0000
 30. eval:  depNetI: effect from covSlack                   0.0000
 31. rate:  rate depNetR (period 1)                         0.5884
 32. rate:  rate depNetR (period 2)                         0.4518
 33. rate:  rate depNetR (period 3)                         0.5471
 34. rate:  rate depNetR (period 4)                         0.9911
 35. rate:  rate depNetR (period 5)                         0.7896
 36. rate:  rate depNetR (period 6)                         0.5216
 37. eval:  depNetR linear shape                            0.0552
 38. eval:  depNetR quadratic shape                         0.0000
 39. eval:  depNetR degree                                  0.0000
 40. eval:  depNetR isolate                                 0.0000
 41. eval:  depNetR total alter                             0.0000
 42. eval:  depNetR dense triads                            0.0000
 43. eval:  depNetR: effect from covEmploy                  0.0000
 44. eval:  depNetR: effect from covAcqExper                0.0000
 45. eval:  depNetR: effect from covSales                   0.0000
 46. eval:  depNetR: effect from covSlack                   0.0000


Observed values of target statistics are
  1. Amount of network change in period 1                                10.0000
  2. Amount of network change in period 2                                 8.0000
  3. Amount of network change in period 3                                 6.0000
  4. Amount of network change in period 4                                12.0000
  5. Amount of network change in period 5                                 8.0000
  6. Amount of network change in period 6                                28.0000
  7. Number of edges                                                    290.0000
  8. Number of transitive triads                                         70.0000
  9. Lost ties: Number of transitive triads                               0.6667
 10. Number of ties with transitive closure                             280.0000
 11. Number of dists equal to 2                                         928.0000
 12. Sum of degree^(1/2) products                                      2532.9630
 13. Sum of ties x covCatSim                                            -10.0793
 14. Sum of degrees x covAge                                           4295.2558
 15. Sum of degrees x depNetR                                            -3.8704
 16. Amount of behavioral change in period 1 on depNetI                  15.0000
 17. Amount of behavioral change in period 2 on depNetI                  16.0000
 18. Amount of behavioral change in period 3 on depNetI                  13.0000
 19. Amount of behavioral change in period 4 on depNetI                  27.0000
 20. Amount of behavioral change in period 5 on depNetI                  23.0000
 21. Amount of behavioral change in period 6 on depNetI                  15.0000
 22. depNetI centered sum                                                 0.2857
 23. depNetI sum of cent. squares                                       438.3104
 24. depNetI outdegrees                                                 -33.2824
 25. depNetI isolate                                                    -18.5615
 26. depNetI total alters                                              -163.0752
 27. depNetI dense triads                                               -23.7940
 28. depNetI x covEmploy                                               6661.7767
 29. depNetI x covSales                                                  21.6176
 30. depNetI x covSlack                                                  60.4328
 31. Amount of behavioral change in period 1 on depNetR                  21.0000
 32. Amount of behavioral change in period 2 on depNetR                  15.0000
 33. Amount of behavioral change in period 3 on depNetR                  19.0000
 34. Amount of behavioral change in period 4 on depNetR                  26.0000
 35. Amount of behavioral change in period 5 on depNetR                  24.0000
 36. Amount of behavioral change in period 6 on depNetR                  18.0000
 37. depNetR centered sum                                                 7.5714
 38. depNetR sum of cent. squares                                       698.5672
 39. depNetR outdegrees                                                  22.3887
 40. depNetR isolate                                                    -31.2625
 41. depNetR total alters                                              -262.2906
 42. depNetR dense triads                                                -6.4718
 43. depNetR x covEmploy                                               8853.0088
 44. depNetR x covAcqExper                                              511.5398
 45. depNetR x covSales                                                  47.8163
 46. depNetR x covSlack                                                 -34.4108

 46 parameters, 46 statistics

Estimation of derivatives by the LR method (type 1).


@2
End of stochastic approximation algorithm, phase 3.
---------------------------------------------------

Total of 16701 iterations.
Parameter estimates based on 15701 iterations,
convergence diagnostics, covariance and derivative matrices based on 1000 iterations.

Information for convergence diagnosis.
Averages, standard deviations, and t-ratios for deviations from targets:
  1.   0.2100    4.4618   0.0471 
  2.   0.0600    3.8517   0.0156 
  3.   0.1260    3.4986   0.0360 
  4.  -0.2380    4.6743  -0.0509 
  5.   0.2240    4.1054   0.0546 
  6.  -0.3380    7.1266  -0.0474 
  7.   0.1160    5.9652   0.0194 
  8.  -0.0030    5.6797  -0.0005 
  9.   0.0133    0.4947   0.0270 
 10.   0.1120   16.3922   0.0068 
 11.  -1.1050   30.8491  -0.0358 
 12.  -0.2459   87.9153  -0.0028 
 13.   0.0535    1.6768   0.0319 
 14.  -2.5877  264.3825  -0.0098 
 15.   0.2555   13.8118   0.0185 
 16.  -0.1160    3.5041  -0.0331 
 17.   0.0640    3.4415   0.0186 
 18.  -0.1410    3.2143  -0.0439 
 19.  -0.1390    4.5517  -0.0305 
 20.   0.0990    4.2046   0.0235 
 21.   0.0020    3.5893   0.0006 
 22.  -0.2410   10.6229  -0.0227 
 23.   0.1819   22.5991   0.0080 
 24.   1.1380   31.2139   0.0365 
 25.  -0.1880    4.8775  -0.0385 
 26.   0.7554   37.8316   0.0200 
 27.   0.2680   15.5275   0.0173 
 28. -40.8923  990.2266  -0.0413 
 29.  -0.0961    6.0247  -0.0160 
 30.   0.9019   32.6312   0.0276 
 31.  -0.1260    4.0611  -0.0310 
 32.   0.1400    3.4511   0.0406 
 33.  -0.0760    3.7561  -0.0202 
 34.   0.2550    4.3581   0.0585 
 35.  -0.1240    4.1629  -0.0298 
 36.   0.1510    3.6870   0.0410 
 37.   0.0360   10.9671   0.0033 
 38.   0.6105   33.5099   0.0182 
 39.  -0.5440   32.1053  -0.0169 
 40.  -0.2210    5.4973  -0.0402 
 41.  -4.0738   55.4019  -0.0735 
 42.   0.1720   15.8047   0.0109 
 43.   9.7880 1043.5324   0.0094 
 44.   0.5774   18.1381   0.0318 
 45.   0.0617    6.5207   0.0095 
 46.   0.9614   30.0884   0.0320 

Good convergence is indicated by the t-ratios being close to zero.

Overall maximum convergence ratio =  0.2578 .



@2
Estimation Results.
-------------------

Regular end of estimation algorithm.
Total of 16701 iteration steps.


@3
Estimates and standard errors
                             
Network Dynamics
 1. rate:  constant depMMC rate (period 1)                         0.1283  (   0.0585)
 2. rate:  constant depMMC rate (period 2)                         0.1016  (   0.0545)
 3. rate:  constant depMMC rate (period 3)                         0.0748  (   0.0429)
 4. rate:  constant depMMC rate (period 4)                         0.1518  (   0.0660)
 5. rate:  constant depMMC rate (period 5)                         0.0992  (   0.0488)
 6. rate:  constant depMMC rate (period 6)                         0.3618  (   0.1052)
 7. eval:  degree (density)                                       -1.8072  (   0.8772)
 8. eval:  transitive triads                                       1.5556  (   0.8404)
 9. endow: transitive triads                                      -0.5731  (   1.3202)
10. eval:  transitive ties                                        -0.2242  (   0.5464)
11. eval:  number of actor pairs at dist 2                         0.1289  (   0.1150)
12. eval:  degree^(1/2) assortativity                              0.0492  (   0.2440)
13. eval:  covCatSim                                              -0.0895  (   1.2414)
14. eval:  covAge ego                                              0.0083  (   0.0157)
15. eval:  depNetR ego                                            -0.0387  (   0.2737)
Behavior Dynamics

16. rate:  <1> rate depNetI (period 1)                             0.8406  (   0.2746)
17. rate:  <1> rate depNetI (period 2)                             0.9307  (   0.2946)
18. rate:  <1> rate depNetI (period 3)                             0.7863  (   0.2677)
19. rate:  <1> rate depNetI (period 4)                             2.2315  (   0.7910)
20. rate:  <1> rate depNetI (period 5)                             1.6394  (   0.5606)
21. rate:  <1> rate depNetI (period 6)                             0.9197  (   0.2852)
22. eval:  <1> depNetI linear shape                               -0.2530  (   0.2218)
23. eval:  <1> depNetI quadratic shape                             0.1380  (   0.0563)
24. eval:  <1> depNetI degree                                     -0.1121  (   0.1096)
25. eval:  <1> depNetI isolate                                    -0.1050  (   0.3381)
26. eval:  <1> depNetI total alter                                -0.0200  (   0.0617)
27. eval:  <1> depNetI dense triads                                0.0761  (   0.1482)
28. eval:  <1> depNetI: effect from covEmploy                      0.0012  (   0.0013)
29. eval:  <1> depNetI: effect from covSales                      -0.0929  (   0.2093)
30. eval:  <1> depNetI: effect from covSlack                       0.0317  (   0.0355)
31. rate:  <2> rate depNetR (period 1)                             1.3451  (   0.4244)
32. rate:  <2> rate depNetR (period 2)                             0.8202  (   0.2807)
33. rate:  <2> rate depNetR (period 3)                             1.1077  (   0.3562)
34. rate:  <2> rate depNetR (period 4)                             1.8199  (   0.5279)
35. rate:  <2> rate depNetR (period 5)                             1.5771  (   0.4587)
36. rate:  <2> rate depNetR (period 6)                             1.0039  (   0.3354)
37. eval:  <2> depNetR linear shape                               -0.4692  (   0.2158)
38. eval:  <2> depNetR quadratic shape                            -0.0932  (   0.0495)
39. eval:  <2> depNetR degree                                      0.1405  (   0.1007)
40. eval:  <2> depNetR isolate                                     0.1859  (   0.3071)
41. eval:  <2> depNetR total alter                                -0.0796  (   0.0478)
42. eval:  <2> depNetR dense triads                               -0.1667  (   0.1429)
43. eval:  <2> depNetR: effect from covEmploy                     -0.0001  (   0.0012)
44. eval:  <2> depNetR: effect from covAcqExper                    0.2492  (   0.0887)
45. eval:  <2> depNetR: effect from covSales                      -0.1314  (   0.2089)
46. eval:  <2> depNetR: effect from covSlack                       0.0245  (   0.0357)


@3
Covariance matrices
                   
Covariance matrix of estimates (correlations below diagonal):
     0.003      0.000      0.000      0.000      0.000     -0.001     -0.004     -0.002      0.002      0.000      0.000      0.001     -0.001      0.000     -0.001      0.000      0.000      0.001      0.003      0.001      0.000      0.000      0.000      0.000      0.000      0.000      0.000      0.000      0.000      0.000      0.001     -0.001      0.000      0.001      0.000      0.000      0.000      0.000      0.000      0.001      0.000      0.000      0.000      0.000      0.000      0.000
     0.056      0.003      0.000      0.000      0.000      0.000     -0.003     -0.004      0.002      0.002      0.000      0.001     -0.002      0.000     -0.001      0.000     -0.001      0.000      0.001      0.000      0.000      0.000      0.000      0.000      0.000      0.000     -0.001      0.000      0.000      0.000      0.000      0.000      0.001     -0.001      0.001      0.000      0.001      0.000      0.000     -0.001      0.000      0.000      0.000      0.000      0.000      0.000
     0.006      0.043      0.002      0.000      0.000      0.000      0.000      0.000      0.000      0.000      0.000      0.000     -0.002      0.000      0.000      0.000      0.000      0.000     -0.001      0.002      0.000      0.000      0.000      0.000      0.000      0.000      0.000      0.000      0.000      0.000      0.000      0.000     -0.001     -0.001      0.000      0.000      0.000      0.000      0.000      0.000      0.000      0.000      0.000      0.000      0.000      0.000
     0.060      0.035     -0.047      0.004      0.000      0.000     -0.003      0.001     -0.003     -0.001     -0.001      0.001      0.001      0.000      0.000      0.000      0.001      0.000      0.001      0.000     -0.001      0.000      0.000      0.000     -0.001      0.000      0.000      0.000      0.001      0.000      0.002      0.000      0.000      0.002      0.000      0.000      0.000      0.000      0.000     -0.001      0.000      0.000      0.000      0.000      0.001      0.000
     0.010     -0.016     -0.032      0.001      0.002      0.000     -0.002     -0.002      0.003      0.000      0.000      0.000     -0.002      0.000      0.000      0.000      0.000      0.000      0.000      0.002      0.001      0.001      0.000      0.000      0.000      0.000      0.000      0.000      0.000      0.000      0.000      0.000      0.000      0.000     -0.001     -0.001      0.000      0.000      0.000      0.000      0.000      0.000      0.000      0.000      0.000      0.000
    -0.083      0.015     -0.026      0.035      0.022      0.011     -0.003      0.002     -0.002     -0.002     -0.001      0.001     -0.004      0.000     -0.001      0.000      0.001      0.001      0.000     -0.001      0.000      0.001      0.000      0.000      0.000      0.000      0.000      0.000      0.001      0.000     -0.002     -0.001      0.000      0.000      0.003     -0.005      0.001      0.000      0.000     -0.002      0.000     -0.001      0.000      0.000      0.000      0.000
    -0.087     -0.071      0.006     -0.056     -0.045     -0.032      0.769      0.393      0.272     -0.152      0.060     -0.196      0.000      0.002     -0.009     -0.001      0.000      0.004      0.083     -0.035     -0.002     -0.005      0.004      0.002      0.002      0.002     -0.001      0.000      0.004     -0.001     -0.001      0.006     -0.014      0.042     -0.013      0.021     -0.002      0.001      0.000     -0.005     -0.001      0.001      0.000      0.002     -0.011     -0.001
    -0.041     -0.082     -0.013      0.017     -0.041      0.020      0.533      0.706     -0.146     -0.359      0.030     -0.109     -0.037      0.000     -0.005     -0.005      0.001      0.009      0.055     -0.020     -0.017     -0.008      0.003      0.002      0.010     -0.001     -0.003      0.000     -0.001      0.000     -0.001     -0.006      0.003      0.025      0.015      0.000      0.000      0.002      0.000     -0.002     -0.001      0.000      0.000     -0.001     -0.005      0.000
     0.031      0.021     -0.004     -0.040      0.046     -0.016      0.235     -0.131      1.743     -0.025      0.070     -0.121     -0.179      0.004     -0.009      0.014     -0.010     -0.001      0.136      0.014     -0.004      0.000      0.000      0.000     -0.010      0.003      0.004      0.000      0.005     -0.001     -0.006     -0.006      0.015      0.006     -0.034      0.025      0.022     -0.002     -0.010     -0.019      0.001      0.014      0.000      0.001      0.000     -0.001
     0.009      0.066      0.021     -0.040      0.010     -0.042     -0.316     -0.781     -0.035      0.299     -0.011      0.031      0.062      0.000     -0.001     -0.007     -0.005     -0.002     -0.016     -0.001      0.014      0.004     -0.002     -0.001     -0.004      0.000      0.002      0.000      0.000      0.000      0.001      0.002     -0.006     -0.002     -0.015      0.005      0.002     -0.001      0.000     -0.003      0.000      0.000      0.000      0.002      0.003      0.000
    -0.023      0.008      0.023     -0.073      0.032     -0.049      0.597      0.314      0.463     -0.167      0.013     -0.022      0.006      0.000      0.003     -0.001     -0.002      0.000      0.008     -0.003      0.000     -0.001      0.000      0.000      0.001      0.000      0.000      0.000      0.000      0.000     -0.003     -0.001      0.000      0.004     -0.004      0.002      0.001      0.000      0.000     -0.001      0.000      0.001      0.000      0.000     -0.002      0.000
     0.063      0.043     -0.008      0.062      0.019      0.026     -0.915     -0.534     -0.376      0.229     -0.782      0.060      0.001     -0.001      0.001      0.002      0.002     -0.001     -0.032      0.010      0.001      0.002     -0.001     -0.001     -0.001      0.000      0.000      0.000      0.000      0.000      0.003      0.000      0.003     -0.013      0.006     -0.006     -0.001      0.000      0.001      0.003      0.000     -0.001      0.000     -0.001      0.003      0.000
    -0.013     -0.034     -0.029      0.011     -0.040     -0.027      0.000     -0.035     -0.109      0.092      0.045      0.005      1.541     -0.004      0.027     -0.023     -0.007     -0.007      0.019     -0.044      0.007     -0.005     -0.005      0.004      0.008      0.000     -0.004      0.000     -0.001      0.000     -0.048      0.000     -0.010      0.006     -0.013      0.005     -0.003      0.000      0.004     -0.001     -0.002     -0.004      0.000      0.000     -0.003     -0.001
     0.043      0.066     -0.016     -0.042      0.029      0.002      0.154      0.022      0.187     -0.006      0.166     -0.161     -0.217      0.000      0.000      0.000      0.000      0.000      0.000      0.000      0.000      0.000      0.000      0.000      0.000      0.000      0.000      0.000      0.000      0.000      0.000      0.000      0.000      0.000      0.000      0.000      0.000      0.000      0.000      0.000      0.000      0.000      0.000      0.000      0.000      0.000
    -0.047     -0.078     -0.037     -0.016      0.001     -0.033     -0.039     -0.021     -0.025     -0.008      0.083      0.010      0.079     -0.051      0.075      0.000      0.002     -0.003     -0.028     -0.003      0.004     -0.001      0.000      0.000      0.004     -0.001      0.001      0.000      0.002      0.001     -0.003      0.000     -0.002      0.000     -0.009     -0.005     -0.005      0.000      0.002      0.006     -0.001     -0.002      0.000      0.000     -0.001      0.000
     0.026     -0.022     -0.026      0.003     -0.032     -0.001     -0.006     -0.020      0.039     -0.044     -0.022      0.026     -0.067     -0.066     -0.005      0.075      0.005     -0.001     -0.004      0.005     -0.005     -0.001      0.000      0.000     -0.007      0.001      0.000      0.000      0.006      0.000      0.016      0.006      0.004     -0.001      0.004     -0.001     -0.003      0.000      0.000      0.003      0.000      0.000      0.000      0.000     -0.002      0.000
    -0.010     -0.060     -0.029      0.036     -0.028      0.033      0.000      0.005     -0.025     -0.033     -0.049      0.024     -0.019     -0.009      0.030      0.058      0.087      0.001     -0.010     -0.002     -0.001      0.001      0.000      0.000     -0.004     -0.001     -0.001      0.000      0.001      0.000     -0.002     -0.005     -0.005     -0.003     -0.003     -0.001     -0.001      0.001      0.000      0.005      0.000      0.000      0.000     -0.003      0.000      0.000
     0.046      0.001     -0.027      0.020      0.030      0.022      0.016      0.040     -0.004     -0.013      0.008     -0.020     -0.021      0.029     -0.042     -0.015      0.008      0.072      0.013      0.002      0.005     -0.002      0.001      0.000     -0.003      0.000     -0.001      0.000      0.007      0.000      0.004     -0.002     -0.004      0.001     -0.009     -0.001      0.002      0.000     -0.001      0.000      0.001      0.001      0.000      0.000      0.006      0.000
     0.066      0.031     -0.022      0.021      0.010      0.003      0.120      0.083      0.130     -0.038      0.088     -0.164      0.019      0.024     -0.131     -0.018     -0.043      0.062      0.626      0.012     -0.004      0.007      0.003     -0.002     -0.040      0.000     -0.001      0.000      0.004     -0.002      0.005     -0.003     -0.017      0.017      0.003     -0.010      0.009      0.002     -0.001     -0.011      0.001      0.003      0.000     -0.001      0.013     -0.001
     0.030     -0.003      0.063     -0.002      0.082     -0.023     -0.071     -0.042      0.019     -0.003     -0.049      0.071     -0.063     -0.002     -0.019      0.035     -0.013      0.011      0.027      0.314     -0.007     -0.006      0.002      0.002     -0.011      0.000     -0.001      0.000      0.005      0.000      0.010     -0.005     -0.005      0.004     -0.028     -0.005      0.011      0.000     -0.006     -0.008      0.000      0.008      0.000      0.001      0.004     -0.001
     0.007     -0.015      0.022     -0.029      0.068      0.012     -0.009     -0.069     -0.011      0.093      0.010      0.010      0.019      0.024      0.055     -0.060     -0.008      0.060     -0.016     -0.042      0.081     -0.002      0.001     -0.001      0.005     -0.001      0.002      0.000     -0.002      0.001      0.005      0.001     -0.001      0.002     -0.003     -0.014     -0.004      0.000      0.001      0.009      0.000     -0.002      0.000      0.000      0.002      0.000
    -0.031     -0.001     -0.023      0.028      0.055      0.023     -0.023     -0.045     -0.001      0.035     -0.025      0.029     -0.017      0.033     -0.017     -0.011      0.020     -0.037      0.039     -0.049     -0.024      0.049     -0.004     -0.019     -0.053      0.001      0.017      0.000     -0.001      0.001      0.003     -0.003      0.004      0.004     -0.003     -0.001     -0.001      0.001      0.000      0.002      0.000      0.000      0.000      0.000      0.000      0.000
     0.014     -0.039      0.043     -0.037     -0.027     -0.076      0.072      0.053      0.002     -0.055     -0.005     -0.043     -0.074      0.047      0.015      0.032      0.023      0.060      0.066      0.066      0.033     -0.303      0.003      0.000      0.002      0.001      0.000      0.000     -0.001      0.000      0.001      0.000     -0.002      0.000      0.000      0.001      0.000      0.000      0.000      0.000      0.000      0.000      0.000      0.000      0.000      0.000
     0.049      0.032      0.017      0.014     -0.059     -0.020      0.021      0.026     -0.002     -0.020      0.034     -0.027      0.026     -0.033     -0.009      0.000      0.009      0.011     -0.027      0.030     -0.037     -0.776      0.024      0.012      0.020      0.000     -0.014      0.000      0.000     -0.001     -0.003      0.001     -0.001     -0.004      0.000      0.001      0.000      0.000      0.000      0.000      0.000      0.000      0.000      0.000     -0.001      0.000
     0.013     -0.024     -0.009     -0.038     -0.002      0.000      0.008      0.035     -0.023     -0.022      0.019     -0.012      0.019     -0.007      0.043     -0.076     -0.039     -0.033     -0.148     -0.057      0.050     -0.712      0.084      0.545      0.114     -0.001     -0.017      0.000     -0.003      0.000     -0.004      0.005      0.003      0.009      0.003     -0.001      0.004     -0.001     -0.001     -0.005      0.000      0.000      0.000      0.000      0.000      0.001
     0.061     -0.028      0.030     -0.016      0.036      0.011      0.028     -0.017      0.039      0.012      0.005     -0.021      0.001      0.019     -0.033      0.066     -0.030      0.023      0.007     -0.007     -0.043      0.104      0.212     -0.030     -0.070      0.004      0.000      0.000      0.002      0.000      0.001      0.000      0.000      0.000      0.000      0.001      0.000      0.000      0.000      0.000      0.000      0.000      0.000      0.000      0.000      0.000
    -0.029     -0.064     -0.010     -0.009      0.046      0.009     -0.010     -0.021      0.021      0.030     -0.007      0.002     -0.024      0.055      0.033      0.003     -0.023     -0.023     -0.008     -0.011      0.040      0.504      0.023     -0.849     -0.348     -0.037      0.022      0.000     -0.001      0.000      0.003     -0.001      0.002      0.005     -0.001      0.000      0.000      0.000      0.000     -0.001      0.000     -0.001      0.000      0.000      0.001      0.000
    -0.014      0.059      0.011     -0.015      0.038     -0.006     -0.081      0.003     -0.047     -0.033     -0.058      0.086     -0.027     -0.023      0.005     -0.039     -0.048     -0.068     -0.046     -0.063      0.094      0.019     -0.154     -0.016      0.171     -0.020     -0.080      0.000      0.000      0.000      0.000      0.000      0.000      0.000      0.000      0.000      0.000      0.000      0.000      0.000      0.000      0.000      0.000      0.000      0.000      0.000
     0.033      0.013      0.005      0.045     -0.012      0.026      0.019     -0.005      0.017      0.000     -0.014     -0.005     -0.004      0.006      0.029      0.112      0.021      0.132      0.026      0.044     -0.037     -0.016     -0.076      0.017     -0.037      0.168     -0.040     -0.374      0.044      0.001      0.005      0.001      0.000      0.000     -0.003      0.001      0.000      0.000      0.000      0.000      0.000      0.000      0.000      0.000      0.003      0.000
     0.006      0.038     -0.039      0.016      0.038      0.053     -0.044     -0.013     -0.028      0.004     -0.013      0.041      0.004     -0.052      0.072      0.048      0.000     -0.031     -0.076     -0.016      0.051      0.082     -0.087     -0.144      0.028      0.178      0.044      0.236      0.145      0.001      0.000      0.000      0.000      0.000      0.001     -0.001      0.000      0.000      0.000      0.000      0.000      0.000      0.000      0.000      0.000      0.000
     0.027     -0.006      0.005      0.054      0.010     -0.039     -0.003     -0.002     -0.010      0.003     -0.069      0.026     -0.092      0.019     -0.029      0.141     -0.017      0.034      0.015      0.040      0.045      0.032      0.042     -0.061     -0.026      0.035      0.049      0.022      0.060     -0.007      0.180     -0.004      0.003      0.002      0.004     -0.006      0.009      0.000     -0.008     -0.009      0.002      0.010      0.000      0.004      0.017      0.002
    -0.040     -0.029      0.014     -0.026      0.002     -0.023      0.025     -0.027     -0.016      0.012     -0.026      0.004      0.000      0.044      0.003      0.084     -0.059     -0.030     -0.013     -0.030      0.019     -0.047      0.019      0.042      0.056      0.000     -0.033      0.032      0.009      0.023     -0.036      0.079     -0.003      0.005     -0.004     -0.002     -0.006      0.000      0.001      0.007      0.000     -0.001      0.000      0.001      0.001      0.000
     0.009      0.049     -0.082     -0.010     -0.005     -0.008     -0.046      0.009      0.032     -0.028      0.011      0.033     -0.023      0.065     -0.017      0.043     -0.047     -0.042     -0.061     -0.027     -0.012      0.047     -0.084     -0.021      0.027     -0.017      0.034     -0.003     -0.005     -0.015      0.019     -0.030      0.127     -0.001      0.003     -0.003     -0.001      0.001     -0.001      0.004      0.001      0.000      0.000     -0.001      0.003      0.001
     0.020     -0.019     -0.037      0.069      0.005     -0.001      0.091      0.056      0.009     -0.007      0.067     -0.099      0.009     -0.029      0.000     -0.006     -0.021      0.010      0.041      0.013      0.013      0.038      0.014     -0.061      0.050     -0.005      0.063      0.038      0.004     -0.026      0.008      0.034     -0.004      0.279     -0.005      0.000      0.009      0.001     -0.006     -0.015     -0.001      0.007      0.000     -0.001      0.010      0.000
    -0.012      0.028     -0.002      0.002     -0.051      0.072     -0.033      0.038     -0.056     -0.059     -0.076      0.057     -0.023     -0.006     -0.069      0.028     -0.022     -0.072      0.008     -0.110     -0.026     -0.027      0.013      0.005      0.019      0.002     -0.019      0.069     -0.036      0.051      0.022     -0.031      0.019     -0.022      0.210     -0.001      0.004     -0.001     -0.002     -0.010      0.000      0.005      0.000      0.004      0.003      0.001
    -0.022      0.011      0.025     -0.022     -0.062     -0.141      0.072     -0.001      0.057      0.027      0.050     -0.068      0.012      0.078     -0.051     -0.015     -0.012     -0.016     -0.037     -0.025     -0.146     -0.009      0.037      0.025     -0.009      0.068      0.010     -0.088      0.019     -0.095     -0.042     -0.024     -0.029      0.000     -0.004      0.113      0.003     -0.001     -0.001     -0.003      0.001      0.001      0.000      0.003     -0.004      0.000
    -0.027      0.043     -0.003      0.030      0.009      0.035     -0.009      0.000      0.079      0.014      0.029     -0.023     -0.013      0.085     -0.091     -0.042     -0.014      0.041      0.051      0.095     -0.060     -0.016     -0.005      0.004      0.057      0.010      0.010      0.011      0.011      0.036      0.097     -0.100     -0.008      0.080      0.041      0.037      0.047      0.000     -0.017     -0.047      0.004      0.015      0.000     -0.003      0.010      0.001
     0.012      0.026     -0.036      0.039     -0.013     -0.025      0.023      0.057     -0.033     -0.048     -0.010     -0.012      0.003      0.034     -0.028      0.003      0.078      0.030      0.044     -0.010      0.026      0.049      0.025     -0.064     -0.050     -0.062      0.043      0.042      0.002      0.033     -0.012      0.020      0.069      0.021     -0.059     -0.088     -0.046      0.002      0.000      0.000      0.000      0.000      0.000     -0.003      0.000      0.000
     0.015     -0.042      0.019     -0.044      0.016      0.014     -0.003      0.000     -0.074     -0.005     -0.038      0.022      0.031     -0.088      0.068     -0.007     -0.002     -0.047     -0.009     -0.102      0.043      0.000     -0.016     -0.003     -0.024     -0.027      0.010     -0.017     -0.020     -0.035     -0.194      0.049     -0.021     -0.113     -0.052     -0.020     -0.798     -0.072      0.010      0.017     -0.002     -0.012      0.000      0.001     -0.004     -0.001
     0.036     -0.052     -0.011     -0.028      0.030     -0.055     -0.019     -0.006     -0.048     -0.016     -0.018      0.036     -0.003     -0.039      0.076      0.040      0.052     -0.001     -0.047     -0.046      0.107      0.028     -0.008     -0.011     -0.050     -0.015     -0.012      0.020      0.001     -0.014     -0.070      0.077      0.039     -0.092     -0.073     -0.025     -0.707      0.017      0.537      0.094     -0.004     -0.015      0.000      0.002     -0.010     -0.001
     0.009      0.011     -0.064      0.018     -0.006      0.005     -0.019     -0.021      0.024      0.019     -0.034      0.028     -0.029      0.107     -0.063     -0.033     -0.003      0.080      0.031     -0.003     -0.008      0.041      0.024     -0.057     -0.014      0.065      0.046      0.004      0.037      0.019      0.114     -0.004      0.083     -0.050      0.006      0.055      0.421      0.192     -0.394     -0.274      0.002      0.001      0.000     -0.001      0.003      0.001
    -0.021      0.055     -0.013      0.042      0.008     -0.044      0.011     -0.004      0.076      0.003      0.055     -0.034     -0.020      0.062     -0.048      0.012     -0.003      0.035      0.026      0.095     -0.039      0.013      0.012      0.000     -0.008      0.015     -0.024      0.021     -0.006      0.024      0.161     -0.014     -0.007      0.088      0.078      0.018      0.494      0.039     -0.842     -0.336      0.184      0.020      0.000      0.000      0.002      0.000
     0.008     -0.047     -0.057      0.022      0.038      0.009     -0.047     -0.017      0.012     -0.003     -0.001      0.040     -0.050      0.055     -0.001     -0.007      0.033     -0.027     -0.176      0.034     -0.017      0.022     -0.042      0.021      0.017      0.039     -0.007     -0.024     -0.006      0.022     -0.079     -0.034      0.106     -0.093      0.004      0.044      0.081     -0.104     -0.074      0.103      0.110     -0.021      0.000      0.000      0.000      0.000
    -0.003     -0.006      0.046     -0.053     -0.002     -0.019      0.025     -0.011      0.011      0.032      0.019     -0.028      0.001     -0.028      0.006      0.005     -0.102     -0.012     -0.008      0.014      0.002     -0.005     -0.020      0.013     -0.004      0.047      0.016     -0.049     -0.010     -0.025      0.094      0.025     -0.031     -0.013      0.107      0.096     -0.149     -0.734      0.106      0.075     -0.134     -0.015     -0.085      0.008     -0.001      0.001
     0.006      0.012      0.004      0.040     -0.010      0.016     -0.061     -0.030     -0.001      0.024     -0.075      0.069     -0.011      0.061     -0.016     -0.043     -0.001      0.108      0.076      0.034      0.037      0.006      0.026     -0.039      0.007      0.012      0.029     -0.007      0.071     -0.026      0.193      0.025      0.041      0.087      0.033     -0.053      0.211      0.007     -0.173     -0.154      0.250      0.074     -0.271     -0.057      0.044      0.002
    -0.011     -0.016      0.017      0.031     -0.010      0.013     -0.025      0.002     -0.013     -0.016     -0.010      0.035     -0.031      0.085     -0.006     -0.036      0.025      0.048     -0.024     -0.040      0.044     -0.012      0.004      0.010      0.051      0.051      0.008      0.024      0.035      0.005      0.130     -0.031      0.056      0.000      0.056      0.034      0.151     -0.104     -0.174     -0.065      0.309      0.053      0.184      0.164      0.234      0.001

Derivative matrix of expected statistics X by parameters and
covariance/correlation matrix of X can be found using
summary(ans) within R, or by using the 'verbose' option in Siena07.
 
Total computation time 611.81 seconds.


-----------------------------------
New Analysis started.
Date and time: 08/12/2020 17:32:30
New results follow.
-----------------------------------

RSiena version 1.2-12 (12 May 18)


@1
Estimation by stochastic approximation algorithm.
=================================================

Current random number seed is 133.
Effects object used: sysEff 
Model Type:
 
Behavioral Model Type:
Behavior 1 depNetI : 
Behavior 2 depNetR : 
Estimation method: unconditional moment estimation.

Time duration for simulations in each period is 1.0.
Standard errors are estimated with the likelihood ratio method.
Dolby method (regression on scores) is used.
Initial value of gain parameter is  0.3394113.
Reduction factor for gain parameter is  0.5000000.
Number of subphases in Phase 2 is 5.

Initial parameter values are 
  1. rate:  constant depMMC rate (period 1)                 0.4852
  2. rate:  constant depMMC rate (period 2)                 0.3900
  3. rate:  constant depMMC rate (period 3)                 0.2949
  4. rate:  constant depMMC rate (period 4)                 0.5803
  5. rate:  constant depMMC rate (period 5)                 0.3900
  6. rate:  constant depMMC rate (period 6)                 1.3414
  7. eval:  degree (density)                               -0.3655
  8. eval:  transitive triads                               0.0000
  9. endow:  transitive triads                              0.0000
 10. eval:  transitive ties                                 0.0000
 11. eval:  number of actor pairs at dist 2                 0.0000
 12. eval:  degree^(1/2) assortativity                      0.0000
 13. eval:  covCatSim                                       0.0000
 14. eval:  covAge ego                                      0.0000
 15. eval:  depNetR ego                                     0.0000
 16. rate:  rate depNetI (period 1)                         0.4488
 17. rate:  rate depNetI (period 2)                         0.4721
 18. rate:  rate depNetI (period 3)                         0.4023
 19. rate:  rate depNetI (period 4)                         0.9236
 20. rate:  rate depNetI (period 5)                         0.6349
 21. rate:  rate depNetI (period 6)                         0.4488
 22. eval:  depNetI linear shape                            0.0375
 23. eval:  depNetI quadratic shape                         0.0000
 24. eval:  depNetI degree                                  0.0000
 25. eval:  depNetI isolate                                 0.0000
 26. eval:  depNetI total alter                             0.0000
 27. eval:  depNetI dense triads                            0.0000
 28. eval:  depNetI: effect from covEmploy                  0.0000
 29. eval:  depNetI: effect from covSales                   0.0000
 30. eval:  depNetI: effect from covSlack                   0.0000
 31. rate:  rate depNetR (period 1)                         0.5884
 32. rate:  rate depNetR (period 2)                         0.4518
 33. rate:  rate depNetR (period 3)                         0.5471
 34. rate:  rate depNetR (period 4)                         0.9911
 35. rate:  rate depNetR (period 5)                         0.7896
 36. rate:  rate depNetR (period 6)                         0.5216
 37. eval:  depNetR linear shape                            0.0552
 38. eval:  depNetR quadratic shape                         0.0000
 39. eval:  depNetR degree                                  0.0000
 40. eval:  depNetR isolate                                 0.0000
 41. eval:  depNetR total alter                             0.0000
 42. eval:  depNetR dense triads                            0.0000
 43. eval:  depNetR: effect from covEmploy                  0.0000
 44. eval:  depNetR: effect from covAcqExper                0.0000
 45. eval:  depNetR: effect from covSales                   0.0000
 46. eval:  depNetR: effect from covSlack                   0.0000


Observed values of target statistics are
  1. Amount of network change in period 1                                10.0000
  2. Amount of network change in period 2                                 8.0000
  3. Amount of network change in period 3                                 6.0000
  4. Amount of network change in period 4                                12.0000
  5. Amount of network change in period 5                                 8.0000
  6. Amount of network change in period 6                                28.0000
  7. Number of edges                                                    290.0000
  8. Number of transitive triads                                         70.0000
  9. Lost ties: Number of transitive triads                               0.6667
 10. Number of ties with transitive closure                             280.0000
 11. Number of dists equal to 2                                         928.0000
 12. Sum of degree^(1/2) products                                      2532.9630
 13. Sum of ties x covCatSim                                            -10.0793
 14. Sum of degrees x covAge                                           4295.2558
 15. Sum of degrees x depNetR                                            -3.8704
 16. Amount of behavioral change in period 1 on depNetI                  15.0000
 17. Amount of behavioral change in period 2 on depNetI                  16.0000
 18. Amount of behavioral change in period 3 on depNetI                  13.0000
 19. Amount of behavioral change in period 4 on depNetI                  27.0000
 20. Amount of behavioral change in period 5 on depNetI                  23.0000
 21. Amount of behavioral change in period 6 on depNetI                  15.0000
 22. depNetI centered sum                                                 0.2857
 23. depNetI sum of cent. squares                                       438.3104
 24. depNetI outdegrees                                                 -33.2824
 25. depNetI isolate                                                    -18.5615
 26. depNetI total alters                                              -163.0752
 27. depNetI dense triads                                               -23.7940
 28. depNetI x covEmploy                                               6661.7767
 29. depNetI x covSales                                                  21.6176
 30. depNetI x covSlack                                                  60.4328
 31. Amount of behavioral change in period 1 on depNetR                  21.0000
 32. Amount of behavioral change in period 2 on depNetR                  15.0000
 33. Amount of behavioral change in period 3 on depNetR                  19.0000
 34. Amount of behavioral change in period 4 on depNetR                  26.0000
 35. Amount of behavioral change in period 5 on depNetR                  24.0000
 36. Amount of behavioral change in period 6 on depNetR                  18.0000
 37. depNetR centered sum                                                 7.5714
 38. depNetR sum of cent. squares                                       698.5672
 39. depNetR outdegrees                                                  22.3887
 40. depNetR isolate                                                    -31.2625
 41. depNetR total alters                                              -262.2906
 42. depNetR dense triads                                                -6.4718
 43. depNetR x covEmploy                                               8853.0088
 44. depNetR x covAcqExper                                              511.5398
 45. depNetR x covSales                                                  47.8163
 46. depNetR x covSlack                                                 -34.4108

 46 parameters, 46 statistics

Estimation of derivatives by the LR method (type 1).


@2
End of stochastic approximation algorithm, phase 3.
---------------------------------------------------

Total of 18017 iterations.
Parameter estimates based on 17017 iterations,
convergence diagnostics, covariance and derivative matrices based on 1000 iterations.

Information for convergence diagnosis.
Averages, standard deviations, and t-ratios for deviations from targets:
  1.   0.2760    4.6357   0.0595 
  2.   0.0760    3.9691   0.0191 
  3.  -0.0840    3.4474  -0.0244 
  4.  -0.0800    4.8959  -0.0163 
  5.   0.1240    4.0950   0.0303 
  6.  -0.1580    7.1704  -0.0220 
  7.   0.1570    6.1240   0.0256 
  8.  -0.1080    5.9059  -0.0183 
  9.  -0.0030    0.4900  -0.0061 
 10.  -0.0560   16.9291  -0.0033 
 11.   0.6870   32.0940   0.0214 
 12.   0.6207   91.4393   0.0068 
 13.   0.0629    1.6848   0.0373 
 14.   1.9213  279.9626   0.0069 
 15.  -0.1279   13.8246  -0.0093 
 16.  -0.1250    3.3878  -0.0369 
 17.  -0.1890    3.5794  -0.0528 
 18.   0.0870    3.3700   0.0258 
 19.  -0.1350    4.4052  -0.0306 
 20.  -0.0990    4.1268  -0.0240 
 21.   0.1020    3.5157   0.0290 
 22.  -0.2850   11.1457  -0.0256 
 23.  -0.3852   22.4079  -0.0172 
 24.  -0.7860   31.1588  -0.0252 
 25.  -0.1850    4.7617  -0.0389 
 26.   1.1289   36.7150   0.0307 
 27.  -0.4080   14.7058  -0.0277 
 28.   4.9095  989.3933   0.0050 
 29.   0.1002    5.9096   0.0170 
 30.   0.0502   32.3052   0.0016 
 31.  -0.1730    4.0696  -0.0425 
 32.   0.1570    3.5742   0.0439 
 33.  -0.1000    3.7784  -0.0265 
 34.  -0.1280    4.5093  -0.0284 
 35.   0.2330    4.0938   0.0569 
 36.  -0.0790    3.7313  -0.0212 
 37.  -0.0240   11.2013  -0.0021 
 38.  -1.2590   34.0272  -0.0370 
 39.   0.4730   32.0695   0.0147 
 40.  -0.0400    5.3801  -0.0074 
 41.   1.0614   54.7776   0.0194 
 42.   0.5000   15.1518   0.0330 
 43.  -7.2211 1032.3987  -0.0070 
 44.  -0.0453   18.4272  -0.0025 
 45.  -0.1609    6.2784  -0.0256 
 46.   0.4906   29.6292   0.0166 

Good convergence is indicated by the t-ratios being close to zero.

Overall maximum convergence ratio =  0.2003 .



@2
Estimation Results.
-------------------

Regular end of estimation algorithm.
Total of 18017 iteration steps.


@3
Estimates and standard errors
                             
Network Dynamics
 1. rate:  constant depMMC rate (period 1)                         0.1298  (   0.0560)
 2. rate:  constant depMMC rate (period 2)                         0.1012  (   0.0516)
 3. rate:  constant depMMC rate (period 3)                         0.0744  (   0.0437)
 4. rate:  constant depMMC rate (period 4)                         0.1511  (   0.0634)
 5. rate:  constant depMMC rate (period 5)                         0.1003  (   0.0504)
 6. rate:  constant depMMC rate (period 6)                         0.3620  (   0.1044)
 7. eval:  degree (density)                                       -1.8095  (   0.9201)
 8. eval:  transitive triads                                       1.5533  (   0.8902)
 9. endow: transitive triads                                      -0.5624  (   1.3330)
10. eval:  transitive ties                                        -0.2244  (   0.5542)
11. eval:  number of actor pairs at dist 2                         0.1290  (   0.1177)
12. eval:  degree^(1/2) assortativity                              0.0493  (   0.2593)
13. eval:  covCatSim                                              -0.0895  (   1.2800)
14. eval:  covAge ego                                              0.0085  (   0.0179)
15. eval:  depNetR ego                                            -0.0390  (   0.2740)
Behavior Dynamics

16. rate:  <1> rate depNetI (period 1)                             0.8394  (   0.2826)
17. rate:  <1> rate depNetI (period 2)                             0.9291  (   0.2614)
18. rate:  <1> rate depNetI (period 3)                             0.7867  (   0.2710)
19. rate:  <1> rate depNetI (period 4)                             2.2326  (   0.7568)
20. rate:  <1> rate depNetI (period 5)                             1.6404  (   0.5061)
21. rate:  <1> rate depNetI (period 6)                             0.9180  (   0.2854)
22. eval:  <1> depNetI linear shape                               -0.2524  (   0.2316)
23. eval:  <1> depNetI quadratic shape                             0.1380  (   0.0562)
24. eval:  <1> depNetI degree                                     -0.1124  (   0.1181)
25. eval:  <1> depNetI isolate                                    -0.1056  (   0.3252)
26. eval:  <1> depNetI total alter                                -0.0200  (   0.0630)
27. eval:  <1> depNetI dense triads                                0.0766  (   0.1533)
28. eval:  <1> depNetI: effect from covEmploy                      0.0012  (   0.0013)
29. eval:  <1> depNetI: effect from covSales                      -0.0934  (   0.2127)
30. eval:  <1> depNetI: effect from covSlack                       0.0318  (   0.0368)
31. rate:  <2> rate depNetR (period 1)                             1.3488  (   0.4197)
32. rate:  <2> rate depNetR (period 2)                             0.8195  (   0.2501)
33. rate:  <2> rate depNetR (period 3)                             1.1111  (   0.3491)
34. rate:  <2> rate depNetR (period 4)                             1.8243  (   0.5274)
35. rate:  <2> rate depNetR (period 5)                             1.5747  (   0.4803)
36. rate:  <2> rate depNetR (period 6)                             1.0031  (   0.2949)
37. eval:  <2> depNetR linear shape                               -0.4683  (   0.2080)
38. eval:  <2> depNetR quadratic shape                            -0.0934  (   0.0497)
39. eval:  <2> depNetR degree                                      0.1403  (   0.0983)
40. eval:  <2> depNetR isolate                                     0.1840  (   0.3096)
41. eval:  <2> depNetR total alter                                -0.0794  (   0.0473)
42. eval:  <2> depNetR dense triads                               -0.1666  (   0.1400)
43. eval:  <2> depNetR: effect from covEmploy                     -0.0001  (   0.0012)
44. eval:  <2> depNetR: effect from covAcqExper                    0.2495  (   0.0924)
45. eval:  <2> depNetR: effect from covSales                      -0.1306  (   0.1990)
46. eval:  <2> depNetR: effect from covSlack                       0.0245  (   0.0358)


@3
Covariance matrices
                   
Covariance matrix of estimates (correlations below diagonal):
     0.003      0.000      0.000      0.000      0.000      0.000     -0.004     -0.003      0.002      0.001      0.000      0.001      0.002      0.000      0.000      0.000      0.000     -0.001      0.000      0.000      0.000      0.001      0.000      0.000     -0.001      0.000      0.000      0.000      0.000      0.000      0.001      0.000      0.000     -0.001      0.000     -0.001      0.000      0.000      0.000      0.000      0.000      0.000      0.000      0.000      0.000      0.000
     0.031      0.003      0.000      0.000      0.000      0.000      0.000     -0.001     -0.002      0.001      0.000      0.000     -0.002      0.000      0.000      0.001      0.000      0.000      0.001     -0.001     -0.001      0.000      0.000      0.000      0.000      0.000      0.000      0.000      0.000      0.000      0.001      0.000      0.000      0.000     -0.001      0.001      0.000      0.000      0.000     -0.001      0.000      0.000      0.000      0.000      0.000      0.000
     0.027      0.009      0.002      0.000      0.000      0.000      0.000      0.000      0.000      0.000      0.000      0.000     -0.003      0.000      0.000      0.000      0.000      0.000     -0.001      0.001      0.000      0.000      0.000      0.000      0.000      0.000      0.000      0.000      0.000      0.000      0.000     -0.001      0.001      0.000      0.001      0.001      0.000      0.000      0.000      0.001      0.000      0.000      0.000      0.000      0.000      0.000
     0.030      0.012      0.025      0.004      0.000      0.000     -0.002     -0.003      0.002      0.002      0.000      0.000      0.000      0.000      0.001      0.001      0.000      0.000      0.001     -0.002      0.001      0.000      0.000      0.000      0.001      0.000     -0.001      0.000      0.000      0.000     -0.001      0.000      0.000      0.003      0.000      0.000      0.000      0.000      0.000      0.000      0.000      0.000      0.000      0.000      0.000      0.000
     0.028      0.063     -0.034     -0.026      0.003      0.000     -0.002      0.000     -0.001      0.000      0.000      0.000      0.002      0.000      0.001      0.000      0.000      0.000      0.002      0.001      0.000      0.000      0.000      0.000      0.000      0.000      0.000      0.000      0.000      0.000      0.000      0.000      0.000      0.001     -0.001     -0.001      0.000      0.000      0.000      0.000      0.000      0.000      0.000      0.000      0.000      0.000
     0.019      0.013     -0.035     -0.017      0.005      0.011     -0.003      0.003      0.001     -0.002      0.000      0.000     -0.007      0.000      0.001      0.001      0.000     -0.001     -0.002      0.001      0.002      0.001      0.000      0.000     -0.002      0.000      0.001      0.000      0.001      0.000      0.002      0.001     -0.002      0.000      0.000      0.000      0.000      0.000      0.000     -0.002      0.000      0.001      0.000      0.000     -0.001      0.000
    -0.073      0.004     -0.010     -0.036     -0.035     -0.033      0.846      0.438      0.296     -0.167      0.074     -0.221     -0.117      0.004     -0.013     -0.011     -0.007     -0.021     -0.039     -0.018      0.010      0.006     -0.002     -0.001     -0.008      0.001     -0.002      0.000     -0.012      0.001      0.016      0.015      0.006      0.013      0.000     -0.017      0.009      0.000     -0.003      0.001      0.001      0.004      0.000      0.000     -0.001      0.001
    -0.065     -0.024      0.008     -0.053      0.007      0.029      0.534      0.792     -0.146     -0.384      0.045     -0.132     -0.119      0.002     -0.003     -0.001      0.005      0.002      0.014     -0.002      0.022     -0.014     -0.001      0.009      0.010      0.000     -0.012      0.000     -0.001      0.000      0.008      0.012     -0.005      0.001      0.001     -0.015      0.005     -0.002     -0.003      0.011      0.000      0.004      0.000      0.003     -0.004      0.002
     0.029     -0.022      0.003      0.019     -0.013      0.010      0.241     -0.123      1.777     -0.036      0.065     -0.124     -0.278      0.004     -0.038      0.011      0.016     -0.013     -0.015      0.023     -0.010      0.022     -0.002     -0.012     -0.035      0.003      0.023      0.000     -0.015     -0.001      0.011      0.012      0.009     -0.006     -0.028      0.008      0.008      0.000     -0.004     -0.022      0.002      0.004      0.000      0.001     -0.004      0.000
     0.034      0.036     -0.010      0.061      0.011     -0.029     -0.327     -0.779     -0.049      0.307     -0.017      0.040      0.084     -0.001      0.007      0.002     -0.010     -0.001     -0.019     -0.008     -0.001      0.008      0.000     -0.005     -0.002      0.001      0.004      0.000      0.002      0.000     -0.011     -0.007      0.006     -0.004      0.014      0.009     -0.004      0.001      0.003     -0.001      0.000     -0.004      0.000     -0.002      0.004     -0.001
    -0.073     -0.024      0.003     -0.004      0.007     -0.014      0.684      0.434      0.414     -0.267      0.014     -0.025     -0.013      0.000      0.002      0.001      0.000     -0.001     -0.004     -0.002      0.001      0.001      0.000      0.000     -0.001      0.000      0.000      0.000     -0.001      0.000      0.003      0.001      0.000      0.004      0.002      0.000      0.002      0.000     -0.001     -0.001      0.000      0.001      0.000      0.000      0.000      0.000
     0.078     -0.002      0.002      0.011      0.017      0.004     -0.925     -0.572     -0.359      0.280     -0.825      0.067      0.040     -0.001      0.000      0.001      0.001      0.004      0.012      0.004     -0.005     -0.002      0.001      0.000      0.003      0.000      0.000      0.000      0.003      0.000     -0.003     -0.004     -0.002     -0.005     -0.001      0.003     -0.002      0.000      0.001      0.000      0.000     -0.001      0.000      0.000      0.000      0.000
     0.025     -0.023     -0.058     -0.004      0.027     -0.056     -0.100     -0.105     -0.163      0.119     -0.088      0.121      1.638     -0.006      0.046     -0.015      0.012      0.009     -0.077     -0.007     -0.042     -0.006     -0.003      0.005      0.038     -0.006     -0.008      0.000     -0.011     -0.001      0.019     -0.010      0.019      0.006     -0.033     -0.007      0.006      0.001     -0.003     -0.010     -0.001      0.001      0.000      0.002      0.004     -0.001
     0.029     -0.037     -0.021     -0.034     -0.059      0.072      0.215      0.142      0.155     -0.090      0.124     -0.178     -0.253      0.000     -0.001      0.000      0.000      0.000      0.000      0.001      0.000      0.000      0.000      0.000      0.000      0.000      0.000      0.000      0.000      0.000      0.000      0.000      0.000     -0.001      0.000      0.000      0.000      0.000      0.000      0.000      0.000      0.000      0.000      0.000      0.000      0.000
    -0.013      0.007     -0.024      0.034      0.054      0.030     -0.052     -0.014     -0.105      0.044      0.049      0.002      0.132     -0.277      0.075      0.002      0.001      0.000     -0.015     -0.001      0.001     -0.001      0.000      0.001      0.003     -0.001      0.000      0.000     -0.003      0.000     -0.002     -0.006      0.006      0.005      0.008      0.006     -0.003      0.000      0.001      0.006     -0.001     -0.002      0.000      0.001      0.000     -0.001
    -0.012      0.049     -0.004      0.029      0.030      0.041     -0.043     -0.002      0.028      0.015      0.032      0.010     -0.041     -0.026      0.025      0.080      0.000      0.000      0.008     -0.003      0.003     -0.001      0.000      0.002     -0.003      0.001     -0.003      0.000      0.003      0.000     -0.018     -0.004     -0.004      0.006      0.002     -0.003      0.002      0.000     -0.001      0.002     -0.001      0.001      0.000      0.000     -0.002      0.000
    -0.003     -0.017      0.021     -0.013      0.005     -0.010     -0.028      0.020      0.045     -0.070     -0.004      0.019      0.036      0.032      0.014     -0.004      0.068      0.000     -0.015      0.003      0.001      0.001      0.000     -0.001     -0.001     -0.002      0.000      0.000      0.000      0.000     -0.003      0.000     -0.001      0.002     -0.004     -0.002      0.000     -0.001      0.000     -0.002      0.000     -0.001      0.000      0.001     -0.002      0.000
    -0.050     -0.008     -0.005     -0.024      0.010     -0.018     -0.085      0.009     -0.036     -0.010     -0.037      0.055      0.025     -0.095      0.001     -0.003      0.004      0.073      0.007      0.003      0.002     -0.002      0.002      0.001     -0.002      0.000     -0.003      0.000      0.002      0.000      0.001      0.001     -0.011     -0.009      0.000      0.002      0.001      0.000     -0.001     -0.003      0.000      0.000      0.000      0.000      0.001      0.001
    -0.003      0.023     -0.045      0.012      0.055     -0.029     -0.056      0.020     -0.015     -0.044     -0.048      0.062     -0.080     -0.019     -0.074      0.038     -0.074      0.034      0.573     -0.016     -0.015     -0.009      0.002      0.006     -0.008      0.007     -0.004      0.000      0.004     -0.001     -0.012     -0.002     -0.006     -0.044     -0.014     -0.010     -0.004      0.002      0.000      0.012      0.001     -0.001      0.000     -0.004      0.005      0.005
     0.009     -0.024      0.026     -0.059      0.056      0.017     -0.038     -0.004      0.034     -0.028     -0.036      0.033     -0.010      0.057     -0.005     -0.020      0.026      0.020     -0.043      0.256     -0.004     -0.003      0.001      0.001     -0.005      0.000      0.003      0.000      0.013      0.000     -0.004      0.002     -0.005      0.002     -0.040     -0.001     -0.008      0.000      0.003     -0.003      0.000     -0.004      0.000      0.002      0.003      0.000
     0.025     -0.042      0.007      0.039      0.017      0.068      0.038      0.088     -0.027     -0.006      0.029     -0.062     -0.115      0.025      0.014      0.037      0.017      0.019     -0.070     -0.028      0.081      0.000      0.001     -0.001      0.001     -0.001     -0.001      0.000      0.000      0.000     -0.003      0.000      0.002     -0.004      0.000      0.009     -0.001      0.000      0.001      0.007      0.000     -0.001      0.000      0.000     -0.003      0.000
     0.039     -0.025      0.008     -0.030     -0.025      0.045      0.029     -0.070      0.070      0.061      0.024     -0.031     -0.019      0.042     -0.023     -0.009      0.020     -0.036     -0.052     -0.030     -0.001      0.054     -0.004     -0.021     -0.053      0.001      0.019      0.000     -0.001      0.001      0.000      0.001      0.001     -0.004      0.005      0.000     -0.003      0.000      0.001      0.005      0.000      0.000      0.000     -0.001      0.000      0.000
    -0.003     -0.043     -0.002     -0.053      0.040     -0.037     -0.033     -0.024     -0.028      0.003     -0.019      0.043     -0.035      0.016     -0.016     -0.002      0.004      0.119      0.047      0.047      0.042     -0.313      0.003      0.000      0.002      0.001      0.000      0.000     -0.001      0.000      0.000      0.000     -0.002     -0.002      0.001      0.000      0.000      0.000      0.000      0.000      0.000      0.000      0.000      0.000     -0.001      0.000
    -0.001      0.010     -0.001      0.058     -0.001     -0.030     -0.011      0.088     -0.077     -0.069      0.000      0.015      0.035     -0.041      0.027      0.048     -0.036      0.025      0.072      0.017     -0.016     -0.779      0.025      0.014      0.021      0.000     -0.015      0.000      0.000      0.000      0.000     -0.001     -0.002      0.000     -0.003      0.001      0.001      0.000      0.000      0.000      0.000      0.000      0.000      0.000     -0.001      0.000
    -0.031      0.002     -0.013      0.044     -0.022     -0.055     -0.027      0.035     -0.081     -0.013     -0.039      0.031      0.092     -0.061      0.039     -0.035     -0.009     -0.021     -0.032     -0.033      0.010     -0.709      0.127      0.547      0.106     -0.001     -0.019      0.000     -0.003      0.000      0.009      0.001      0.002      0.004     -0.001      0.000      0.006     -0.001     -0.001     -0.007      0.001     -0.001      0.000      0.001      0.001      0.000
     0.112     -0.028      0.029     -0.050      0.021     -0.033      0.013     -0.007      0.035      0.022      0.027     -0.025     -0.070     -0.017     -0.056      0.063     -0.093      0.008      0.148     -0.001     -0.050      0.071      0.165      0.042     -0.045      0.004     -0.001      0.000      0.002      0.001      0.002     -0.001      0.000     -0.002      0.000      0.000      0.000      0.000      0.000      0.000      0.000      0.000      0.000      0.000      0.000      0.000
    -0.002     -0.004      0.021     -0.075      0.025      0.033     -0.012     -0.086      0.111      0.048      0.000     -0.003     -0.041      0.031      0.000     -0.067     -0.001     -0.063     -0.035      0.037     -0.016      0.523      0.025     -0.854     -0.379     -0.062      0.024      0.000      0.000      0.000      0.001      0.002      0.004      0.000      0.003      0.000     -0.001      0.000      0.000      0.000      0.000      0.000      0.000      0.000      0.001      0.000
     0.000      0.012     -0.036      0.026      0.003     -0.037      0.016      0.028     -0.036     -0.015      0.022     -0.019      0.056     -0.063      0.083     -0.039     -0.009      0.049      0.076     -0.052     -0.037      0.123     -0.186     -0.067      0.093      0.007     -0.077      0.000      0.000      0.000      0.000      0.000      0.000      0.000      0.000      0.000      0.000      0.000      0.000      0.000      0.000      0.000      0.000      0.000      0.000      0.000
    -0.017     -0.006      0.036     -0.024      0.020      0.057     -0.060     -0.005     -0.051      0.014     -0.034      0.048     -0.042      0.042     -0.056      0.046      0.003      0.028      0.023      0.125     -0.006     -0.013     -0.077      0.009     -0.040      0.159     -0.014     -0.355      0.045      0.001      0.005      0.002     -0.004      0.002     -0.004      0.002     -0.002      0.000      0.001     -0.003      0.000      0.000      0.000     -0.001      0.000      0.000
     0.007      0.027      0.015     -0.030      0.035     -0.046      0.019     -0.014     -0.018      0.015      0.027     -0.019     -0.015     -0.051      0.022      0.044     -0.016      0.045     -0.044      0.027     -0.018      0.126     -0.083     -0.114     -0.007      0.222      0.017      0.223      0.180      0.001      0.001      0.000      0.000      0.001      0.000     -0.001      0.000      0.000      0.000      0.000      0.000      0.000      0.000      0.000      0.000      0.000
     0.042      0.025      0.022     -0.040     -0.002      0.045      0.041      0.021      0.019     -0.048      0.058     -0.028      0.036      0.034     -0.013     -0.155     -0.025      0.006     -0.037     -0.020     -0.028      0.002     -0.011      0.005      0.065      0.061      0.010      0.011      0.058      0.064      0.176      0.000      0.012      0.004      0.009      0.010      0.002     -0.001     -0.005     -0.004      0.002      0.006      0.000      0.007      0.000      0.002
     0.007     -0.038     -0.049     -0.019      0.003      0.055      0.067      0.056      0.035     -0.049      0.022     -0.065     -0.032      0.106     -0.085     -0.059      0.003      0.009     -0.010      0.019     -0.002      0.016     -0.009     -0.049      0.009     -0.055      0.058      0.010      0.043     -0.007      0.004      0.063      0.003      0.002     -0.002     -0.002      0.001      0.000      0.000     -0.003      0.000      0.000      0.000      0.001      0.002      0.000
     0.000     -0.013      0.060      0.008      0.018     -0.042      0.019     -0.017      0.020      0.033     -0.006     -0.020      0.042     -0.015      0.064     -0.036     -0.011     -0.120     -0.023     -0.029      0.016      0.017     -0.086     -0.038      0.016      0.016      0.073      0.015     -0.052      0.012      0.082      0.032      0.122      0.001      0.001      0.001      0.002      0.001     -0.002      0.002      0.000      0.001      0.000      0.001      0.009      0.000
    -0.018     -0.004      0.016      0.098      0.041     -0.004      0.026      0.002     -0.009     -0.013      0.063     -0.038      0.008     -0.067      0.037      0.039      0.016     -0.061     -0.111      0.006     -0.026     -0.034     -0.080      0.003      0.021     -0.064      0.006      0.017      0.022      0.076      0.019      0.018      0.005      0.278      0.010      0.010     -0.001     -0.004     -0.002     -0.008      0.000      0.004      0.000      0.008      0.012      0.000
     0.001     -0.053      0.057      0.004     -0.056     -0.001      0.000      0.002     -0.044      0.052      0.032     -0.009     -0.053     -0.023      0.064      0.016     -0.030      0.002     -0.038     -0.166     -0.003      0.046      0.048     -0.050     -0.007      0.012      0.036     -0.003     -0.040      0.002      0.043     -0.016      0.008      0.039      0.231      0.001      0.000      0.000     -0.003      0.000      0.002      0.005      0.000      0.003      0.006      0.001
    -0.038      0.044      0.059      0.010     -0.057      0.002     -0.064     -0.058      0.021      0.054      0.009      0.041     -0.017      0.033      0.069     -0.036     -0.021      0.021     -0.046     -0.008      0.105      0.001     -0.006      0.019      0.000      0.009      0.009     -0.024      0.034     -0.074      0.077     -0.032      0.006      0.066      0.010      0.087     -0.004      0.000      0.001      0.003      0.000      0.000      0.000      0.002     -0.002      0.000
    -0.031      0.035     -0.040     -0.012      0.013      0.001      0.048      0.028      0.029     -0.039      0.063     -0.043      0.022     -0.003     -0.055      0.038     -0.005      0.018     -0.026     -0.076     -0.024     -0.066     -0.011      0.029      0.095      0.015     -0.027     -0.018     -0.040      0.007      0.023      0.017      0.021     -0.012     -0.004     -0.058      0.043      0.000     -0.016     -0.045      0.004      0.014      0.000     -0.003      0.004      0.001
    -0.023     -0.038      0.028     -0.001      0.051     -0.005     -0.003     -0.043      0.006      0.050      0.005      0.009      0.009     -0.018     -0.036     -0.009     -0.048     -0.009      0.047     -0.009      0.021      0.027      0.018      0.010     -0.043      0.005     -0.032     -0.058      0.041     -0.040     -0.031     -0.011      0.054     -0.135     -0.010     -0.007     -0.030      0.002     -0.001      0.000      0.001      0.001      0.000     -0.003     -0.001      0.000
    -0.001     -0.014      0.027      0.012     -0.015     -0.008     -0.039     -0.036     -0.031      0.054     -0.071      0.036     -0.025     -0.012      0.055     -0.025      0.014     -0.026      0.006      0.066      0.027      0.031      0.016     -0.006     -0.026      0.010      0.017      0.011      0.026      0.004     -0.120     -0.014     -0.054     -0.037     -0.062      0.021     -0.772     -0.113      0.010      0.016     -0.002     -0.012      0.000      0.001     -0.001     -0.001
     0.025     -0.035      0.039      0.017     -0.021     -0.053      0.002      0.039     -0.053     -0.004     -0.017     -0.006     -0.024      0.009      0.069      0.027     -0.020     -0.038      0.052     -0.019      0.082      0.073     -0.011     -0.011     -0.070      0.010     -0.010      0.037     -0.044      0.002     -0.033     -0.037      0.017     -0.052     -0.002      0.028     -0.699      0.018      0.531      0.096     -0.004     -0.016      0.000      0.002     -0.008      0.000
    -0.031     -0.048      0.020      0.045     -0.088     -0.013      0.022     -0.006      0.040     -0.004      0.033     -0.017     -0.010      0.055     -0.111     -0.082      0.001     -0.012      0.021      0.006      0.001     -0.025      0.012      0.000      0.068     -0.007      0.008      0.007     -0.024     -0.031      0.110      0.035      0.010      0.000      0.080      0.030      0.401      0.220     -0.400     -0.270      0.002      0.001      0.000     -0.001      0.001      0.001
     0.019     -0.003     -0.011      0.009     -0.002      0.039      0.028      0.035      0.022     -0.046      0.055     -0.031      0.007      0.036     -0.048      0.033     -0.022      0.010     -0.012     -0.055     -0.030      0.001     -0.027     -0.002     -0.022     -0.018     -0.016     -0.022     -0.017     -0.002      0.099      0.009      0.029      0.049      0.070     -0.009      0.494      0.098     -0.855     -0.364      0.194      0.020      0.000     -0.001      0.001      0.000
    -0.003     -0.020      0.029      0.047      0.042     -0.035      0.070      0.091     -0.003     -0.091      0.072     -0.065      0.011     -0.040     -0.049      0.023     -0.007     -0.014      0.063     -0.060      0.055     -0.054      0.036      0.031      0.022      0.032     -0.034      0.009     -0.062     -0.016      0.004     -0.052      0.015     -0.033      0.033     -0.029      0.114     -0.044     -0.133      0.118      0.125      0.023      0.000      0.000      0.000      0.000
     0.071      0.043     -0.013     -0.008     -0.014      0.012     -0.005      0.037      0.006     -0.041     -0.016     -0.002      0.017      0.006      0.037     -0.014      0.039     -0.006     -0.062      0.046     -0.003     -0.027     -0.024     -0.010      0.029     -0.011      0.032      0.073     -0.026      0.012      0.170      0.029      0.018      0.156      0.072      0.067     -0.158     -0.731      0.103      0.085     -0.115     -0.054     -0.091      0.009      0.001      0.000
    -0.012      0.010     -0.022     -0.033     -0.019     -0.035     -0.008     -0.022     -0.015      0.040     -0.008      0.009      0.014      0.013      0.004     -0.035     -0.034      0.011      0.030      0.032     -0.046      0.007     -0.051     -0.037      0.011     -0.014      0.049      0.039     -0.006      0.059      0.005      0.039      0.128      0.111      0.063     -0.030      0.105     -0.072     -0.071     -0.129      0.120      0.023     -0.336      0.041      0.040      0.001
     0.045      0.007     -0.024     -0.038      0.027      0.002      0.021      0.048     -0.009     -0.044     -0.002     -0.007     -0.014     -0.010     -0.064     -0.036      0.011      0.067      0.167     -0.006     -0.002     -0.011     -0.015     -0.008      0.009      0.039      0.011      0.075     -0.041      0.004      0.134     -0.033      0.010     -0.021      0.059     -0.028      0.102     -0.046     -0.201     -0.007      0.316      0.079      0.237      0.130      0.142      0.001

Derivative matrix of expected statistics X by parameters and
covariance/correlation matrix of X can be found using
summary(ans) within R, or by using the 'verbose' option in Siena07.
 
Total computation time 650.47 seconds.
