							************************
									 acq_sys_mmc_sysResAMC0_H1ab_H2_converg_DVcut.out
							************************

Filename is acq_sys_mmc_sysResAMC0_H1ab_H2_converg_DVcut.out.

This file contains primary output for SIENA project <<acq_sys_mmc_sysResAMC0_H1ab_H2_converg_DVcut>>.

Date and time: 06/10/2019 2:33:49 AM 

RSiena version 1.2-12 (12 05 2018)


@1
Data input.
===========

6 observations,
74 actors,
1 dependent network variables,
0 dependent bipartite variables,
2 dependent behavior variables,
1 constant actor covariates,
4 exogenous changing actor covariates,
1 constant dyadic covariates,
0 exogenous changing dyadic covariates,
0 no files with times of composition change.


@2
Reading network variables.
--------------------------

Name of network variable: depMMC.
oneMode network.
For observation moment 1, degree distributions are as follows:
Nodes
 1  2  3  4  5  6  7  8  9 10 11 12 13 14 15 16 17 18 19 20 
21 22 23 24 25 26 27 28 29 30 31 32 33 34 35 36 37 38 39 40 
41 42 43 44 45 46 47 48 49 50 51 52 53 54 55 56 57 58 59 60 
61 62 63 64 65 66 67 68 69 70 71 72 73 74
out-degrees
 0  3  5  0  4  1  6  2  0  1  1  1  2  1  5  2  1  1  2  0 
 5  0 11  3  4 12  1  3  2  1  0  0  1  0  0  4 15  0  1  2 
 3  0  4  1 12  0  0  0  0  0  1  2  7  7  0  2  1  2  2  0 
 0  0  0  3  2  0  4  4  3  0  3  0  3  1
in-degrees
 0  3  5  0  4  1  6  2  0  1  1  1  2  1  5  2  1  1  2  0 
 5  0 11  3  4 12  1  3  2  1  0  0  1  0  0  4 15  0  1  2 
 3  0  4  1 12  0  0  0  0  0  1  2  7  7  0  2  1  2  2  0 
 0  0  0  3  2  0  4  4  3  0  3  0  3  1

No missing data for observation 1.

For observation moment 2, degree distributions are as follows:
Nodes
 1  2  3  4  5  6  7  8  9 10 11 12 13 14 15 16 17 18 19 20 
21 22 23 24 25 26 27 28 29 30 31 32 33 34 35 36 37 38 39 40 
41 42 43 44 45 46 47 48 49 50 51 52 53 54 55 56 57 58 59 60 
61 62 63 64 65 66 67 68 69 70 71 72 73 74
out-degrees
 0  3  6  0  6  1  7  2  0  1  1  0  2  1  4  2  1  1  2  0 
 5  0 11  5  5 14  1  3  2  1  0  0  1  1  1  3 17  0  1  2 
 3  0  4  3 13  0  0  1  2  0  1  2  7  7  0  2  0  2  2  0 
 0  0  0  3  2  0  4  3  3  0  3  0  3  1
in-degrees
 0  3  6  0  6  1  7  2  0  1  1  0  2  1  4  2  1  1  2  0 
 5  0 11  5  5 14  1  3  2  1  0  0  1  1  1  3 17  0  1  2 
 3  0  4  3 13  0  0  1  2  0  1  2  7  7  0  2  0  2  2  0 
 0  0  0  3  2  0  4  3  3  0  3  0  3  1

No missing data for observation 2.

For observation moment 3, degree distributions are as follows:
Nodes
 1  2  3  4  5  6  7  8  9 10 11 12 13 14 15 16 17 18 19 20 
21 22 23 24 25 26 27 28 29 30 31 32 33 34 35 36 37 38 39 40 
41 42 43 44 45 46 47 48 49 50 51 52 53 54 55 56 57 58 59 60 
61 62 63 64 65 66 67 68 69 70 71 72 73 74
out-degrees
 1  3  6  1  6  1  7  2  3  2  1  0  2  3  8  2  1  1  2  0 
 5  2 12  5  5 15  1  4  0  3  3  0  1  1  1  4 17  1  1  2 
 3  0  4  3 13  0  0  1  3  0  2  2  9  9  0  2  1  2  2  0 
 2  0  0  3  2  0  4  4  3  0  2  0  3  2
in-degrees
 1  3  6  1  6  1  7  2  3  2  1  0  2  3  8  2  1  1  2  0 
 5  2 12  5  5 15  1  4  0  3  3  0  1  1  1  4 17  1  1  2 
 3  0  4  3 13  0  0  1  3  0  2  2  9  9  0  2  1  2  2  0 
 2  0  0  3  2  0  4  4  3  0  2  0  3  2

No missing data for observation 3.

For observation moment 4, degree distributions are as follows:
Nodes
 1  2  3  4  5  6  7  8  9 10 11 12 13 14 15 16 17 18 19 20 
21 22 23 24 25 26 27 28 29 30 31 32 33 34 35 36 37 38 39 40 
41 42 43 44 45 46 47 48 49 50 51 52 53 54 55 56 57 58 59 60 
61 62 63 64 65 66 67 68 69 70 71 72 73 74
out-degrees
 1  3  6  1  6  1  7  2  3  2  1  0  2  3  8  2  1  1  0  0 
 5  2 13  5  5 14  1  0  1  3  3  0  2  1  1  5 18  0  1  2 
 3  0  4  3 11  0  0  1  2  1  2  2 11  5  0  2  0  2  2  1 
 1  0  0  3  2  0  4  4  3  0  2  0  3  2
in-degrees
 1  3  6  1  6  1  7  2  3  2  1  0  2  3  8  2  1  1  0  0 
 5  2 13  5  5 14  1  0  1  3  3  0  2  1  1  5 18  0  1  2 
 3  0  4  3 11  0  0  1  2  1  2  2 11  5  0  2  0  2  2  1 
 1  0  0  3  2  0  4  4  3  0  2  0  3  2

No missing data for observation 4.

For observation moment 5, degree distributions are as follows:
Nodes
 1  2  3  4  5  6  7  8  9 10 11 12 13 14 15 16 17 18 19 20 
21 22 23 24 25 26 27 28 29 30 31 32 33 34 35 36 37 38 39 40 
41 42 43 44 45 46 47 48 49 50 51 52 53 54 55 56 57 58 59 60 
61 62 63 64 65 66 67 68 69 70 71 72 73 74
out-degrees
 2  3  7  1  6  1  7  2  4  2  1  0  2  2  9  2  1  1  0  2 
 6  1 13  5  5 14  1  0  1  3  3  0  3  0  1  5 19  0  1  2 
 3  0  4  3 12  0  1  0  1  1  2  2 12  5  0  2  0  2  2  1 
 0  0  1  3  2  4  4  4  4  0  2  2  3  2
in-degrees
 2  3  7  1  6  1  7  2  4  2  1  0  2  2  9  2  1  1  0  2 
 6  1 13  5  5 14  1  0  1  3  3  0  3  0  1  5 19  0  1  2 
 3  0  4  3 12  0  1  0  1  1  2  2 12  5  0  2  0  2  2  1 
 0  0  1  3  2  4  4  4  4  0  2  2  3  2

No missing data for observation 5.

For observation moment 6, degree distributions are as follows:
Nodes
 1  2  3  4  5  6  7  8  9 10 11 12 13 14 15 16 17 18 19 20 
21 22 23 24 25 26 27 28 29 30 31 32 33 34 35 36 37 38 39 40 
41 42 43 44 45 46 47 48 49 50 51 52 53 54 55 56 57 58 59 60 
61 62 63 64 65 66 67 68 69 70 71 72 73 74
out-degrees
 2  3  7  1  6  1  8  1  4  2  1  0  2  2 10  2  0  1  0  2 
 7  2 13  6  4 16  1  4  2  4  2  0  3  0  1  4 19  0  1  5 
 3  1  6  3 15  0  1  1  0  0  0  2 13  7  1  0  2  2  2  1 
 1  0  0  4  3  5 10  1  5  0  2  2  4  2
in-degrees
 2  3  7  1  6  1  8  1  4  2  1  0  2  2 10  2  0  1  0  2 
 7  2 13  6  4 16  1  4  2  4  2  0  3  0  1  4 19  0  1  5 
 3  1  6  3 15  0  1  1  0  0  0  2 13  7  1  0  2  2  2  1 
 1  0  0  4  3  5 10  1  5  0  2  2  4  2

No missing data for observation 6.






@2
Reading dependent actor variables.
----------------------------------

1st dependent actor variable named depNetR.
Maximum and minimum rounded values are 1 and 4.

2nd dependent actor variable named depNetI.
Maximum and minimum rounded values are 1 and 4.


A total of 2 dependent actor variables.

Number of missing cases per observation:
 observation         1         2         3         4         5         6		overall
depNetR              0         0         0         0         0         0         0	  ( 0.0 %)
depNetI              0         0         0         0         0         0         0	  ( 0.0 %)

Means per observation:
 observation         1         2         3         4         5         6		overall
depNetR            2.243     2.270     2.486     2.568     2.500     2.608     2.446
depNetI            1.932     1.865     1.932     2.203     2.135     2.176     2.041

@2
Reading constant actor covariates.
----------------------------------

1 variable, named:
covAge          

A total of 1 non-changing individual covariate.

Number of missing cases:
covAge          0 	( 0.0 %)

Information about covariates:
               minimum  maximum	  mean  centered 
covAge          8.0   151.0     28.230    Y 
The mean value is subtracted from the centered covariate.


@2
Reading exogenous changing actor covariates.
--------------------------------------------

4 variables, named:
covEmploy       
covAcqExper     
covSales        
covSlack        

A total of 4 exogenous changing actor covariates.

Number of missing cases per period:
 period                    1       2       3       4       5     overall
covEmploy                 14      10       3       2       2       31 	   ( 8.4 %)
covAcqExper                0       0       0       0       0        0 	   ( 0.0 %)
covSales                  16       7       4       2       2       31 	   ( 8.4 %)
covSlack                   0       0       0       0       0        0 	   ( 0.0 %)

Information about changing covariates:

               minimum  maximum	  mean  centered 
covEmploy                                  Y 
	period   1     0.0   433.4     46.592 
	period   2     0.0   434.2     42.635 
	period   3     0.0   431.2     39.041 
	period   4     0.0   379.6     40.422 
	period   5     0.0   377.8     43.176 
Overall                           42.227 

covAcqExper                                Y 
	period   1     0.0     4.9      1.279 
	period   2     0.0     4.9      1.359 
	period   3     0.0     5.0      1.480 
	period   4     0.0     5.0      1.752 
	period   5     0.0     4.8      1.815 
Overall                            1.537 

covSales                                   Y 
	period   1    -0.8     2.0      0.355 
	period   2    -1.1     2.2      0.284 
	period   3    -0.8     1.4      0.225 
	period   4    -1.0     2.1      0.195 
	period   5    -0.4     1.7      0.200 
Overall                            0.247 

covSlack                                   Y 
	period   1     0.0    12.5      1.968 
	period   2     0.0    10.7      2.039 
	period   3     0.0    16.7      2.484 
	period   4     0.0    12.4      2.315 
	period   5     0.0    11.2      2.123 
Overall                            2.186 

The mean values are subtracted from the covariates.


@2
Reading constant dyadic covariates.
-----------------------------------

Dyadic covariate named covCatSim.

A total of 1 dyadic individual covariate.

Number of tie variables with missing data:
covCatSim                      0   ( 0.0 %)

Information about dyadic covariates:
                                  minimum  maximum	  mean  centered 
covCatSim                           0.0     1.0      0.122    Y 

The mean value is subtracted from the centered covariate.



The mean structural dissimilarity value subtracted in the
balance calculations is         0.0680.

For the similarity variable calculated from each actor covariate,
the mean is subtracted.
These means are:
Similarity covAge                   :       0.8387 
Similarity depNetR                  :       0.5613 
Similarity depNetI                  :       0.6184 
Similarity covEmploy                :       0.8451 
Similarity covAcqExper              :       0.6652 
Similarity covSales                 :       0.8701 
Similarity covSlack                 :       0.8859 



@1
Initial data description.
=========================


@2
Change in networks:
-------------------

For the following statistics, missing values (if any) are not counted.
All   observed networks are symmetric.
Therefore, it is assumed that this is an analysis of an non-directed relation.

Network density indicators:
observation time              1      2      3      4      5      6
density                    0.031  0.034  0.040  0.039  0.041  0.046
average degree             2.297  2.486  2.919  2.811  3.000  3.351
number of ties                85     92    108    104    111    124
missing fraction           0.000  0.000  0.000  0.000  0.000  0.000

The average degree is 2.811 


Edge changes between subsequent observations:
 periods        0 =>  0   0 =>  1   1 =>  0   1 =>  1   Distance Jaccard   Missing
  1 ==>   2      2606        10         3        82        26     0.863         0 (0%)
  2 ==>   3      2591        18         2        90        40     0.818         0 (0%)
  3 ==>   4      2588         5         9        99        28     0.876         0 (0%)
  4 ==>   5      2587        10         3       101        26     0.886         0 (0%)
  5 ==>   6      2566        24        11       100        70     0.741         0 (0%)

The distances reported in the output file for conditional estimation
 for the network variable refer to the total symmetric adjacency matrix,
 and therefore are double the distance reported above.)

Directed dyad Counts:
 observation    total    mutual    asymm.     null
     1.          5402      170         0      5232
     2.          5402      184         0      5218
     3.          5402      216         0      5186
     4.          5402      208         0      5194
     5.          5402      222         0      5180
     6.          5402      248         0      5154

Standard values for initial parameter values
-------------------------------------------------

constant depMMC rate (period 1)         0.7175 
constant depMMC rate (period 2)         1.1010 
constant depMMC rate (period 3)         0.7723 
constant depMMC rate (period 4)         0.7175 
constant depMMC rate (period 5)         1.9226 
degree (density)                                  -0.5582 



@2
Dependent actor variables:
--------------------------


@3
Marginal distributions
                      
Dependent actor variable 2: depNetR
                         Observations
values               1     2     3     4     5     6
                ------------------------------------
  1                 29    31    22    18    16    12
  2                 16    12    15    18    22    26
  3                 11    11    16    16    19    15
  4                 18    20    21    22    17    21
No missings
Dependent actor variable 3: depNetI
                         Observations
values               1     2     3     4     5     6
                ------------------------------------
  1                 35    39    37    23    25    24
  2                 18    15    16    23    24    24
  3                 12    11    10    18    15    15
  4                  9     9    11    10    10    11
No missings



@3
Changes
       
Dependent actor variable 2: depNetR
 periods    actors:  down   up   constant  missing  ;   steps:   down    up  total
  1  =>  2             9    10      55         0                   10    12    22
  2  =>  3             7    19      48         0                    8    24    32
  3  =>  4            15    17      42         0                   18    24    42
  4  =>  5            23    16      35         0                   24    19    43
  5  =>  6            13    22      39         0                   15    23    38

For this variable, the standard initial behavioral tendency parameter is   0.1181
Dependent actor variable 3: depNetI
 periods    actors:  down   up   constant  missing  ;   steps:   down    up  total
  1  =>  2            14    11      49         0                   17    12    29
  2  =>  3            13    15      46         0                   14    19    33
  3  =>  4            13    27      34         0                   15    35    50
  4  =>  5            23    16      35         0                   24    19    43
  5  =>  6            16    20      38         0                   19    22    41

For this variable, the standard initial behavioral tendency parameter is   0.0716

Initialisation of project <<acq_sys_mmc_sysResAMC0_H1ab_H2_converg_DVcut>> executed succesfully.
